[0.669s] Invoking command in '/ros2_ws/src/courseworks_2': PYTHONPATH=/ros2_ws/build/courseworks_2/prefix_override:/ros2_ws/install/courseworks_2/lib/python3.10/site-packages:${PYTHONPATH} /usr/bin/python3 setup.py egg_info --egg-base ../../build/courseworks_2 build --build-base /ros2_ws/build/courseworks_2/build install --record /ros2_ws/build/courseworks_2/install.log --single-version-externally-managed
[0.865s] running egg_info
[0.866s] writing ../../build/courseworks_2/courseworks_2.egg-info/PKG-INFO
[0.867s] writing dependency_links to ../../build/courseworks_2/courseworks_2.egg-info/dependency_links.txt
[0.867s] writing entry points to ../../build/courseworks_2/courseworks_2.egg-info/entry_points.txt
[0.867s] writing requirements to ../../build/courseworks_2/courseworks_2.egg-info/requires.txt
[0.867s] writing top-level names to ../../build/courseworks_2/courseworks_2.egg-info/top_level.txt
[0.868s] reading manifest file '../../build/courseworks_2/courseworks_2.egg-info/SOURCES.txt'
[0.869s] writing manifest file '../../build/courseworks_2/courseworks_2.egg-info/SOURCES.txt'
[0.869s] running build
[0.869s] running build_py
[0.869s] copying courseworks_2/reconstruction.py -> /ros2_ws/build/courseworks_2/build/lib/courseworks_2
[0.870s] copying courseworks_2/signal_generator.py -> /ros2_ws/build/courseworks_2/build/lib/courseworks_2
[0.870s] running install
[0.870s] /usr/lib/python3/dist-packages/setuptools/command/install.py:34: SetuptoolsDeprecationWarning: setup.py install is deprecated. Use build and pip and other standards-based tools.
[0.870s]   warnings.warn(
[0.870s] running install_lib
[0.871s] copying /ros2_ws/build/courseworks_2/build/lib/courseworks_2/reconstruction.py -> /ros2_ws/install/courseworks_2/lib/python3.10/site-packages/courseworks_2
[0.871s] copying /ros2_ws/build/courseworks_2/build/lib/courseworks_2/signal_generator.py -> /ros2_ws/install/courseworks_2/lib/python3.10/site-packages/courseworks_2
[0.872s] byte-compiling /ros2_ws/install/courseworks_2/lib/python3.10/site-packages/courseworks_2/reconstruction.py to reconstruction.cpython-310.pyc
[0.872s] byte-compiling /ros2_ws/install/courseworks_2/lib/python3.10/site-packages/courseworks_2/signal_generator.py to signal_generator.cpython-310.pyc
[0.873s] running install_data
[0.874s] copying package.xml -> /ros2_ws/install/courseworks_2/share/courseworks_2
[0.874s] running install_egg_info
[0.876s] removing '/ros2_ws/install/courseworks_2/lib/python3.10/site-packages/courseworks_2-0.0.0-py3.10.egg-info' (and everything under it)
[0.876s] Copying ../../build/courseworks_2/courseworks_2.egg-info to /ros2_ws/install/courseworks_2/lib/python3.10/site-packages/courseworks_2-0.0.0-py3.10.egg-info
[0.877s] running install_scripts
[0.896s] Installing reconstruction script to /ros2_ws/install/courseworks_2/lib/courseworks_2
[0.896s] Installing signal_generator script to /ros2_ws/install/courseworks_2/lib/courseworks_2
[0.897s] writing list of installed files to '/ros2_ws/build/courseworks_2/install.log'
[0.927s] Invoked command in '/ros2_ws/src/courseworks_2' returned '0': PYTHONPATH=/ros2_ws/build/courseworks_2/prefix_override:/ros2_ws/install/courseworks_2/lib/python3.10/site-packages:${PYTHONPATH} /usr/bin/python3 setup.py egg_info --egg-base ../../build/courseworks_2 build --build-base /ros2_ws/build/courseworks_2/build install --record /ros2_ws/build/courseworks_2/install.log --single-version-externally-managed
