running egg_info
creating ../../build/courseworks_2/courseworks_2.egg-info
writing ../../build/courseworks_2/courseworks_2.egg-info/PKG-INFO
writing dependency_links to ../../build/courseworks_2/courseworks_2.egg-info/dependency_links.txt
writing entry points to ../../build/courseworks_2/courseworks_2.egg-info/entry_points.txt
writing requirements to ../../build/courseworks_2/courseworks_2.egg-info/requires.txt
writing top-level names to ../../build/courseworks_2/courseworks_2.egg-info/top_level.txt
writing manifest file '../../build/courseworks_2/courseworks_2.egg-info/SOURCES.txt'
reading manifest file '../../build/courseworks_2/courseworks_2.egg-info/SOURCES.txt'
writing manifest file '../../build/courseworks_2/courseworks_2.egg-info/SOURCES.txt'
running build
running build_py
creating /ros2_ws/build/courseworks_2/build
creating /ros2_ws/build/courseworks_2/build/lib
creating /ros2_ws/build/courseworks_2/build/lib/courseworks_2
copying courseworks_2/__init__.py -> /ros2_ws/build/courseworks_2/build/lib/courseworks_2
copying courseworks_2/reconstruction.py -> /ros2_ws/build/courseworks_2/build/lib/courseworks_2
copying courseworks_2/signal_generator.py -> /ros2_ws/build/courseworks_2/build/lib/courseworks_2
running install
/usr/lib/python3/dist-packages/setuptools/command/install.py:34: SetuptoolsDeprecationWarning: setup.py install is deprecated. Use build and pip and other standards-based tools.
  warnings.warn(
running install_lib
creating /ros2_ws/install/courseworks_2/lib/python3.10/site-packages/courseworks_2
copying /ros2_ws/build/courseworks_2/build/lib/courseworks_2/__init__.py -> /ros2_ws/install/courseworks_2/lib/python3.10/site-packages/courseworks_2
copying /ros2_ws/build/courseworks_2/build/lib/courseworks_2/reconstruction.py -> /ros2_ws/install/courseworks_2/lib/python3.10/site-packages/courseworks_2
copying /ros2_ws/build/courseworks_2/build/lib/courseworks_2/signal_generator.py -> /ros2_ws/install/courseworks_2/lib/python3.10/site-packages/courseworks_2
byte-compiling /ros2_ws/install/courseworks_2/lib/python3.10/site-packages/courseworks_2/__init__.py to __init__.cpython-310.pyc
byte-compiling /ros2_ws/install/courseworks_2/lib/python3.10/site-packages/courseworks_2/reconstruction.py to reconstruction.cpython-310.pyc
byte-compiling /ros2_ws/install/courseworks_2/lib/python3.10/site-packages/courseworks_2/signal_generator.py to signal_generator.cpython-310.pyc
running install_data
creating /ros2_ws/install/courseworks_2/share/ament_index
creating /ros2_ws/install/courseworks_2/share/ament_index/resource_index
creating /ros2_ws/install/courseworks_2/share/ament_index/resource_index/packages
copying resource/courseworks_2 -> /ros2_ws/install/courseworks_2/share/ament_index/resource_index/packages
copying package.xml -> /ros2_ws/install/courseworks_2/share/courseworks_2
creating /ros2_ws/install/courseworks_2/share/courseworks_2/launch
copying launch/signal_proc_launch.py -> /ros2_ws/install/courseworks_2/share/courseworks_2/launch
creating /ros2_ws/install/courseworks_2/share/courseworks_2/config
copying config/params.yaml -> /ros2_ws/install/courseworks_2/share/courseworks_2/config
running install_egg_info
Copying ../../build/courseworks_2/courseworks_2.egg-info to /ros2_ws/install/courseworks_2/lib/python3.10/site-packages/courseworks_2-0.0.0-py3.10.egg-info
running install_scripts
Installing reconstruction script to /ros2_ws/install/courseworks_2/lib/courseworks_2
Installing signal_generator script to /ros2_ws/install/courseworks_2/lib/courseworks_2
writing list of installed files to '/ros2_ws/build/courseworks_2/install.log'
