[1.086s] Invoking command in '/ros2_ws/src/courseworks_2': PYTHONPATH=/ros2_ws/build/courseworks_2/prefix_override:/ros2_ws/install/courseworks_2/lib/python3.10/site-packages:${PYTHONPATH} /usr/bin/python3 setup.py egg_info --egg-base ../../build/courseworks_2 build --build-base /ros2_ws/build/courseworks_2/build install --record /ros2_ws/build/courseworks_2/install.log --single-version-externally-managed
[1.325s] running egg_info
[1.326s] creating ../../build/courseworks_2/courseworks_2.egg-info
[1.326s] writing ../../build/courseworks_2/courseworks_2.egg-info/PKG-INFO
[1.327s] writing dependency_links to ../../build/courseworks_2/courseworks_2.egg-info/dependency_links.txt
[1.327s] writing entry points to ../../build/courseworks_2/courseworks_2.egg-info/entry_points.txt
[1.327s] writing requirements to ../../build/courseworks_2/courseworks_2.egg-info/requires.txt
[1.327s] writing top-level names to ../../build/courseworks_2/courseworks_2.egg-info/top_level.txt
[1.327s] writing manifest file '../../build/courseworks_2/courseworks_2.egg-info/SOURCES.txt'
[1.329s] reading manifest file '../../build/courseworks_2/courseworks_2.egg-info/SOURCES.txt'
[1.330s] writing manifest file '../../build/courseworks_2/courseworks_2.egg-info/SOURCES.txt'
[1.330s] running build
[1.330s] running build_py
[1.331s] creating /ros2_ws/build/courseworks_2/build
[1.331s] creating /ros2_ws/build/courseworks_2/build/lib
[1.332s] creating /ros2_ws/build/courseworks_2/build/lib/courseworks_2
[1.332s] copying courseworks_2/__init__.py -> /ros2_ws/build/courseworks_2/build/lib/courseworks_2
[1.332s] copying courseworks_2/reconstruction.py -> /ros2_ws/build/courseworks_2/build/lib/courseworks_2
[1.332s] copying courseworks_2/signal_generator.py -> /ros2_ws/build/courseworks_2/build/lib/courseworks_2
[1.332s] running install
[1.333s] /usr/lib/python3/dist-packages/setuptools/command/install.py:34: SetuptoolsDeprecationWarning: setup.py install is deprecated. Use build and pip and other standards-based tools.
[1.333s]   warnings.warn(
[1.333s] running install_lib
[1.334s] creating /ros2_ws/install/courseworks_2/lib/python3.10/site-packages/courseworks_2
[1.335s] copying /ros2_ws/build/courseworks_2/build/lib/courseworks_2/__init__.py -> /ros2_ws/install/courseworks_2/lib/python3.10/site-packages/courseworks_2
[1.335s] copying /ros2_ws/build/courseworks_2/build/lib/courseworks_2/reconstruction.py -> /ros2_ws/install/courseworks_2/lib/python3.10/site-packages/courseworks_2
[1.335s] copying /ros2_ws/build/courseworks_2/build/lib/courseworks_2/signal_generator.py -> /ros2_ws/install/courseworks_2/lib/python3.10/site-packages/courseworks_2
[1.335s] byte-compiling /ros2_ws/install/courseworks_2/lib/python3.10/site-packages/courseworks_2/__init__.py to __init__.cpython-310.pyc
[1.336s] byte-compiling /ros2_ws/install/courseworks_2/lib/python3.10/site-packages/courseworks_2/reconstruction.py to reconstruction.cpython-310.pyc
[1.336s] byte-compiling /ros2_ws/install/courseworks_2/lib/python3.10/site-packages/courseworks_2/signal_generator.py to signal_generator.cpython-310.pyc
[1.337s] running install_data
[1.338s] creating /ros2_ws/install/courseworks_2/share/ament_index
[1.338s] creating /ros2_ws/install/courseworks_2/share/ament_index/resource_index
[1.339s] creating /ros2_ws/install/courseworks_2/share/ament_index/resource_index/packages
[1.339s] copying resource/courseworks_2 -> /ros2_ws/install/courseworks_2/share/ament_index/resource_index/packages
[1.340s] copying package.xml -> /ros2_ws/install/courseworks_2/share/courseworks_2
[1.340s] creating /ros2_ws/install/courseworks_2/share/courseworks_2/launch
[1.340s] copying launch/signal_proc_launch.py -> /ros2_ws/install/courseworks_2/share/courseworks_2/launch
[1.340s] creating /ros2_ws/install/courseworks_2/share/courseworks_2/config
[1.341s] copying config/params.yaml -> /ros2_ws/install/courseworks_2/share/courseworks_2/config
[1.341s] running install_egg_info
[1.342s] Copying ../../build/courseworks_2/courseworks_2.egg-info to /ros2_ws/install/courseworks_2/lib/python3.10/site-packages/courseworks_2-0.0.0-py3.10.egg-info
[1.344s] running install_scripts
[1.371s] Installing reconstruction script to /ros2_ws/install/courseworks_2/lib/courseworks_2
[1.371s] Installing signal_generator script to /ros2_ws/install/courseworks_2/lib/courseworks_2
[1.371s] writing list of installed files to '/ros2_ws/build/courseworks_2/install.log'
[1.410s] Invoked command in '/ros2_ws/src/courseworks_2' returned '0': PYTHONPATH=/ros2_ws/build/courseworks_2/prefix_override:/ros2_ws/install/courseworks_2/lib/python3.10/site-packages:${PYTHONPATH} /usr/bin/python3 setup.py egg_info --egg-base ../../build/courseworks_2 build --build-base /ros2_ws/build/courseworks_2/build install --record /ros2_ws/build/courseworks_2/install.log --single-version-externally-managed
