[1.235s] DEBUG:colcon:Command line arguments: ['/usr/bin/colcon', 'build']
[1.235s] DEBUG:colcon:Parsed command line arguments: Namespace(log_base=None, log_level=None, verb_name='build', build_base='build', install_base='install', merge_install=False, symlink_install=False, test_result_base=None, continue_on_error=False, executor='parallel', parallel_workers=16, event_handlers=None, ignore_user_meta=False, metas=['./colcon.meta'], base_paths=['.'], packages_ignore=None, packages_ignore_regex=None, paths=None, packages_up_to=None, packages_up_to_regex=None, packages_above=None, packages_above_and_dependencies=None, packages_above_depth=None, packages_select_by_dep=None, packages_skip_by_dep=None, packages_skip_up_to=None, packages_select_build_failed=False, packages_skip_build_finished=False, packages_select_test_failures=False, packages_skip_test_passed=False, packages_select=None, packages_skip=None, packages_select_regex=None, packages_skip_regex=None, packages_start=None, packages_end=None, cmake_args=None, cmake_target=None, cmake_target_skip_unavailable=False, cmake_clean_cache=False, cmake_clean_first=False, cmake_force_configure=False, ament_cmake_args=None, catkin_cmake_args=None, catkin_skip_building_tests=False, mixin_files=None, mixin=None, verb_parser=<colcon_mixin.mixin.mixin_argument.MixinArgumentDecorator object at 0x7f53eb79dbd0>, verb_extension=<colcon_core.verb.build.BuildVerb object at 0x7f53ebbf3d30>, main=<bound method BuildVerb.main of <colcon_core.verb.build.BuildVerb object at 0x7f53ebbf3d30>>, mixin_verb=('build',))
[1.298s] Level 1:colcon.colcon_core.package_discovery:discover_packages(colcon_meta) check parameters
[1.300s] INFO:colcon.colcon_metadata.package_discovery.colcon_meta:Using configuration from '/root/.colcon/metadata/default/Gazebo.meta'
[1.301s] INFO:colcon.colcon_metadata.package_discovery.colcon_meta:Using configuration from '/root/.colcon/metadata/default/fastrtps.meta'
[1.301s] Level 1:colcon.colcon_core.package_discovery:discover_packages(recursive) check parameters
[1.301s] Level 1:colcon.colcon_core.package_discovery:discover_packages(ignore) check parameters
[1.301s] Level 1:colcon.colcon_core.package_discovery:discover_packages(path) check parameters
[1.301s] Level 1:colcon.colcon_core.package_discovery:discover_packages(colcon_meta) discover
[1.301s] Level 1:colcon.colcon_core.package_discovery:discover_packages(recursive) discover
[1.302s] INFO:colcon.colcon_core.package_discovery:Crawling recursively for packages in '/ros2_ws'
[1.302s] Level 1:colcon.colcon_core.package_identification:_identify(.) by extensions ['ignore', 'ignore_ament_install']
[1.302s] Level 1:colcon.colcon_core.package_identification:_identify(.) by extension 'ignore'
[1.302s] Level 1:colcon.colcon_core.package_identification:_identify(.) by extension 'ignore_ament_install'
[1.302s] Level 1:colcon.colcon_core.package_identification:_identify(.) by extensions ['colcon_pkg']
[1.302s] Level 1:colcon.colcon_core.package_identification:_identify(.) by extension 'colcon_pkg'
[1.302s] Level 1:colcon.colcon_core.package_identification:_identify(.) by extensions ['colcon_meta']
[1.302s] Level 1:colcon.colcon_core.package_identification:_identify(.) by extension 'colcon_meta'
[1.302s] Level 1:colcon.colcon_core.package_identification:_identify(.) by extensions ['ros']
[1.302s] Level 1:colcon.colcon_core.package_identification:_identify(.) by extension 'ros'
[1.315s] Level 1:colcon.colcon_core.package_identification:_identify(.) by extensions ['cmake', 'python']
[1.315s] Level 1:colcon.colcon_core.package_identification:_identify(.) by extension 'cmake'
[1.315s] Level 1:colcon.colcon_core.package_identification:_identify(.) by extension 'python'
[1.315s] Level 1:colcon.colcon_core.package_identification:_identify(.) by extensions ['python_setup_py']
[1.316s] Level 1:colcon.colcon_core.package_identification:_identify(.) by extension 'python_setup_py'
[1.316s] Level 1:colcon.colcon_core.package_identification:_identify(build) by extensions ['ignore', 'ignore_ament_install']
[1.316s] Level 1:colcon.colcon_core.package_identification:_identify(build) by extension 'ignore'
[1.316s] Level 1:colcon.colcon_core.package_identification:_identify(build) ignored
[1.317s] Level 1:colcon.colcon_core.package_identification:_identify(install) by extensions ['ignore', 'ignore_ament_install']
[1.317s] Level 1:colcon.colcon_core.package_identification:_identify(install) by extension 'ignore'
[1.317s] Level 1:colcon.colcon_core.package_identification:_identify(install) ignored
[1.317s] Level 1:colcon.colcon_core.package_identification:_identify(log) by extensions ['ignore', 'ignore_ament_install']
[1.318s] Level 1:colcon.colcon_core.package_identification:_identify(log) by extension 'ignore'
[1.318s] Level 1:colcon.colcon_core.package_identification:_identify(log) ignored
[1.318s] Level 1:colcon.colcon_core.package_identification:_identify(src) by extensions ['ignore', 'ignore_ament_install']
[1.318s] Level 1:colcon.colcon_core.package_identification:_identify(src) by extension 'ignore'
[1.318s] Level 1:colcon.colcon_core.package_identification:_identify(src) by extension 'ignore_ament_install'
[1.319s] Level 1:colcon.colcon_core.package_identification:_identify(src) by extensions ['colcon_pkg']
[1.319s] Level 1:colcon.colcon_core.package_identification:_identify(src) by extension 'colcon_pkg'
[1.319s] Level 1:colcon.colcon_core.package_identification:_identify(src) by extensions ['colcon_meta']
[1.319s] Level 1:colcon.colcon_core.package_identification:_identify(src) by extension 'colcon_meta'
[1.319s] Level 1:colcon.colcon_core.package_identification:_identify(src) by extensions ['ros']
[1.319s] Level 1:colcon.colcon_core.package_identification:_identify(src) by extension 'ros'
[1.319s] Level 1:colcon.colcon_core.package_identification:_identify(src) by extensions ['cmake', 'python']
[1.319s] Level 1:colcon.colcon_core.package_identification:_identify(src) by extension 'cmake'
[1.320s] Level 1:colcon.colcon_core.package_identification:_identify(src) by extension 'python'
[1.320s] Level 1:colcon.colcon_core.package_identification:_identify(src) by extensions ['python_setup_py']
[1.320s] Level 1:colcon.colcon_core.package_identification:_identify(src) by extension 'python_setup_py'
[1.320s] Level 1:colcon.colcon_core.package_identification:_identify(src/courseworks_2) by extensions ['ignore', 'ignore_ament_install']
[1.320s] Level 1:colcon.colcon_core.package_identification:_identify(src/courseworks_2) by extension 'ignore'
[1.320s] Level 1:colcon.colcon_core.package_identification:_identify(src/courseworks_2) by extension 'ignore_ament_install'
[1.320s] Level 1:colcon.colcon_core.package_identification:_identify(src/courseworks_2) by extensions ['colcon_pkg']
[1.320s] Level 1:colcon.colcon_core.package_identification:_identify(src/courseworks_2) by extension 'colcon_pkg'
[1.321s] Level 1:colcon.colcon_core.package_identification:_identify(src/courseworks_2) by extensions ['colcon_meta']
[1.321s] Level 1:colcon.colcon_core.package_identification:_identify(src/courseworks_2) by extension 'colcon_meta'
[1.321s] Level 1:colcon.colcon_core.package_identification:_identify(src/courseworks_2) by extensions ['ros']
[1.321s] Level 1:colcon.colcon_core.package_identification:_identify(src/courseworks_2) by extension 'ros'
[1.325s] DEBUG:colcon.colcon_core.package_identification:Package 'src/courseworks_2' with type 'ros.ament_python' and name 'courseworks_2'
[1.325s] Level 1:colcon.colcon_core.package_identification:_identify(src/msgs) by extensions ['ignore', 'ignore_ament_install']
[1.325s] Level 1:colcon.colcon_core.package_identification:_identify(src/msgs) by extension 'ignore'
[1.326s] Level 1:colcon.colcon_core.package_identification:_identify(src/msgs) by extension 'ignore_ament_install'
[1.326s] Level 1:colcon.colcon_core.package_identification:_identify(src/msgs) by extensions ['colcon_pkg']
[1.326s] Level 1:colcon.colcon_core.package_identification:_identify(src/msgs) by extension 'colcon_pkg'
[1.326s] Level 1:colcon.colcon_core.package_identification:_identify(src/msgs) by extensions ['colcon_meta']
[1.326s] Level 1:colcon.colcon_core.package_identification:_identify(src/msgs) by extension 'colcon_meta'
[1.326s] Level 1:colcon.colcon_core.package_identification:_identify(src/msgs) by extensions ['ros']
[1.326s] Level 1:colcon.colcon_core.package_identification:_identify(src/msgs) by extension 'ros'
[1.327s] DEBUG:colcon.colcon_core.package_identification:Package 'src/msgs' with type 'ros.ament_cmake' and name 'msgs'
[1.328s] Level 1:colcon.colcon_core.package_discovery:discover_packages(recursive) using defaults
[1.328s] Level 1:colcon.colcon_core.package_discovery:discover_packages(ignore) discover
[1.328s] Level 1:colcon.colcon_core.package_discovery:discover_packages(ignore) using defaults
[1.328s] Level 1:colcon.colcon_core.package_discovery:discover_packages(path) discover
[1.328s] Level 1:colcon.colcon_core.package_discovery:discover_packages(path) using defaults
[1.415s] Level 5:colcon.colcon_core.verb:set package 'courseworks_2' build argument 'cmake_args' from command line to 'None'
[1.415s] Level 5:colcon.colcon_core.verb:set package 'courseworks_2' build argument 'cmake_target' from command line to 'None'
[1.415s] Level 5:colcon.colcon_core.verb:set package 'courseworks_2' build argument 'cmake_target_skip_unavailable' from command line to 'False'
[1.415s] Level 5:colcon.colcon_core.verb:set package 'courseworks_2' build argument 'cmake_clean_cache' from command line to 'False'
[1.415s] Level 5:colcon.colcon_core.verb:set package 'courseworks_2' build argument 'cmake_clean_first' from command line to 'False'
[1.415s] Level 5:colcon.colcon_core.verb:set package 'courseworks_2' build argument 'cmake_force_configure' from command line to 'False'
[1.415s] Level 5:colcon.colcon_core.verb:set package 'courseworks_2' build argument 'ament_cmake_args' from command line to 'None'
[1.415s] Level 5:colcon.colcon_core.verb:set package 'courseworks_2' build argument 'catkin_cmake_args' from command line to 'None'
[1.416s] Level 5:colcon.colcon_core.verb:set package 'courseworks_2' build argument 'catkin_skip_building_tests' from command line to 'False'
[1.416s] DEBUG:colcon.colcon_core.verb:Building package 'courseworks_2' with the following arguments: {'ament_cmake_args': None, 'build_base': '/ros2_ws/build/courseworks_2', 'catkin_cmake_args': None, 'catkin_skip_building_tests': False, 'cmake_args': None, 'cmake_clean_cache': False, 'cmake_clean_first': False, 'cmake_force_configure': False, 'cmake_target': None, 'cmake_target_skip_unavailable': False, 'install_base': '/ros2_ws/install/courseworks_2', 'merge_install': False, 'path': '/ros2_ws/src/courseworks_2', 'symlink_install': False, 'test_result_base': None}
[1.429s] Level 5:colcon.colcon_core.verb:set package 'msgs' build argument 'cmake_args' from command line to 'None'
[1.429s] Level 5:colcon.colcon_core.verb:set package 'msgs' build argument 'cmake_target' from command line to 'None'
[1.429s] Level 5:colcon.colcon_core.verb:set package 'msgs' build argument 'cmake_target_skip_unavailable' from command line to 'False'
[1.429s] Level 5:colcon.colcon_core.verb:set package 'msgs' build argument 'cmake_clean_cache' from command line to 'False'
[1.429s] Level 5:colcon.colcon_core.verb:set package 'msgs' build argument 'cmake_clean_first' from command line to 'False'
[1.429s] Level 5:colcon.colcon_core.verb:set package 'msgs' build argument 'cmake_force_configure' from command line to 'False'
[1.429s] Level 5:colcon.colcon_core.verb:set package 'msgs' build argument 'ament_cmake_args' from command line to 'None'
[1.429s] Level 5:colcon.colcon_core.verb:set package 'msgs' build argument 'catkin_cmake_args' from command line to 'None'
[1.429s] Level 5:colcon.colcon_core.verb:set package 'msgs' build argument 'catkin_skip_building_tests' from command line to 'False'
[1.429s] DEBUG:colcon.colcon_core.verb:Building package 'msgs' with the following arguments: {'ament_cmake_args': None, 'build_base': '/ros2_ws/build/msgs', 'catkin_cmake_args': None, 'catkin_skip_building_tests': False, 'cmake_args': None, 'cmake_clean_cache': False, 'cmake_clean_first': False, 'cmake_force_configure': False, 'cmake_target': None, 'cmake_target_skip_unavailable': False, 'install_base': '/ros2_ws/install/msgs', 'merge_install': False, 'path': '/ros2_ws/src/msgs', 'symlink_install': False, 'test_result_base': None}
[1.443s] INFO:colcon.colcon_core.executor:Executing jobs using 'parallel' executor
[1.458s] DEBUG:colcon.colcon_parallel_executor.executor.parallel:run_until_complete
[1.459s] INFO:colcon.colcon_ros.task.ament_python.build:Building ROS package in '/ros2_ws/src/courseworks_2' with build type 'ament_python'
[1.459s] Level 1:colcon.colcon_core.shell:create_environment_hook('courseworks_2', 'ament_prefix_path')
[1.481s] INFO:colcon.colcon_core.plugin_system:Skipping extension 'colcon_core.shell.bat': Not used on non-Windows systems
[1.482s] INFO:colcon.colcon_core.shell:Creating environment hook '/ros2_ws/install/courseworks_2/share/courseworks_2/hook/ament_prefix_path.ps1'
[1.483s] INFO:colcon.colcon_core.shell:Creating environment descriptor '/ros2_ws/install/courseworks_2/share/courseworks_2/hook/ament_prefix_path.dsv'
[1.483s] INFO:colcon.colcon_core.shell:Creating environment hook '/ros2_ws/install/courseworks_2/share/courseworks_2/hook/ament_prefix_path.sh'
[1.497s] INFO:colcon.colcon_core.shell:Skip shell extension 'powershell' for command environment: Not usable outside of PowerShell
[1.497s] DEBUG:colcon.colcon_core.shell:Skip shell extension 'dsv' for command environment
[1.531s] INFO:colcon.colcon_ros.task.ament_cmake.build:Building ROS package in '/ros2_ws/src/msgs' with build type 'ament_cmake'
[1.531s] INFO:colcon.colcon_cmake.task.cmake.build:Building CMake package in '/ros2_ws/src/msgs'
[1.547s] INFO:colcon.colcon_core.shell:Skip shell extension 'powershell' for command environment: Not usable outside of PowerShell
[1.547s] DEBUG:colcon.colcon_core.shell:Skip shell extension 'dsv' for command environment
[1.830s] INFO:colcon.colcon_core.task.python.build:Building Python package in '/ros2_ws/src/courseworks_2'
[1.843s] INFO:colcon.colcon_core.shell:Skip shell extension 'powershell' for command environment: Not usable outside of PowerShell
[1.843s] DEBUG:colcon.colcon_core.shell:Skip shell extension 'dsv' for command environment
[1.879s] DEBUG:colcon.colcon_core.event_handler.log_command:Invoking command in '/ros2_ws/build/msgs': CMAKE_PREFIX_PATH=/opt/ros/humble /usr/bin/cmake /ros2_ws/src/msgs -DCMAKE_INSTALL_PREFIX=/ros2_ws/install/msgs
[2.547s] DEBUG:colcon.colcon_core.event_handler.log_command:Invoking command in '/ros2_ws/src/courseworks_2': PYTHONPATH=/ros2_ws/build/courseworks_2/prefix_override:/ros2_ws/install/courseworks_2/lib/python3.10/site-packages:${PYTHONPATH} /usr/bin/python3 setup.py egg_info --egg-base ../../build/courseworks_2 build --build-base /ros2_ws/build/courseworks_2/build install --record /ros2_ws/build/courseworks_2/install.log --single-version-externally-managed
[2.871s] DEBUG:colcon.colcon_core.event_handler.log_command:Invoked command in '/ros2_ws/src/courseworks_2' returned '0': PYTHONPATH=/ros2_ws/build/courseworks_2/prefix_override:/ros2_ws/install/courseworks_2/lib/python3.10/site-packages:${PYTHONPATH} /usr/bin/python3 setup.py egg_info --egg-base ../../build/courseworks_2 build --build-base /ros2_ws/build/courseworks_2/build install --record /ros2_ws/build/courseworks_2/install.log --single-version-externally-managed
[2.892s] Level 1:colcon.colcon_core.environment:checking '/ros2_ws/install/courseworks_2' for CMake module files
[2.892s] Level 1:colcon.colcon_core.environment:checking '/ros2_ws/install/courseworks_2' for CMake config files
[2.893s] Level 1:colcon.colcon_core.environment:checking '/ros2_ws/install/courseworks_2/lib'
[2.893s] Level 1:colcon.colcon_core.environment:checking '/ros2_ws/install/courseworks_2/bin'
[2.893s] Level 1:colcon.colcon_core.environment:checking '/ros2_ws/install/courseworks_2/lib/pkgconfig/courseworks_2.pc'
[2.894s] Level 1:colcon.colcon_core.environment:checking '/ros2_ws/install/courseworks_2/lib/python3.10/site-packages'
[2.894s] Level 1:colcon.colcon_core.shell:create_environment_hook('courseworks_2', 'pythonpath')
[2.906s] INFO:colcon.colcon_core.shell:Creating environment hook '/ros2_ws/install/courseworks_2/share/courseworks_2/hook/pythonpath.ps1'
[2.907s] INFO:colcon.colcon_core.shell:Creating environment descriptor '/ros2_ws/install/courseworks_2/share/courseworks_2/hook/pythonpath.dsv'
[2.907s] INFO:colcon.colcon_core.shell:Creating environment hook '/ros2_ws/install/courseworks_2/share/courseworks_2/hook/pythonpath.sh'
[2.908s] Level 1:colcon.colcon_core.environment:checking '/ros2_ws/install/courseworks_2/bin'
[2.908s] Level 1:colcon.colcon_core.environment:create_environment_scripts_only(courseworks_2)
[2.920s] INFO:colcon.colcon_core.shell:Creating package script '/ros2_ws/install/courseworks_2/share/courseworks_2/package.ps1'
[2.921s] INFO:colcon.colcon_core.shell:Creating package descriptor '/ros2_ws/install/courseworks_2/share/courseworks_2/package.dsv'
[2.922s] INFO:colcon.colcon_core.shell:Creating package script '/ros2_ws/install/courseworks_2/share/courseworks_2/package.sh'
[2.923s] INFO:colcon.colcon_core.shell:Creating package script '/ros2_ws/install/courseworks_2/share/courseworks_2/package.bash'
[2.924s] INFO:colcon.colcon_core.shell:Creating package script '/ros2_ws/install/courseworks_2/share/courseworks_2/package.zsh'
[2.925s] Level 1:colcon.colcon_core.environment:create_file_with_runtime_dependencies(/ros2_ws/install/courseworks_2/share/colcon-core/packages/courseworks_2)
[3.976s] DEBUG:colcon.colcon_core.event_handler.log_command:Invoked command in '/ros2_ws/build/msgs' returned '0': CMAKE_PREFIX_PATH=/opt/ros/humble /usr/bin/cmake /ros2_ws/src/msgs -DCMAKE_INSTALL_PREFIX=/ros2_ws/install/msgs
[3.980s] DEBUG:colcon.colcon_core.event_handler.log_command:Invoking command in '/ros2_ws/build/msgs': CMAKE_PREFIX_PATH=/opt/ros/humble /usr/bin/cmake --build /ros2_ws/build/msgs -- -j16 -l16
[6.255s] DEBUG:colcon.colcon_core.event_handler.log_command:Invoked command in '/ros2_ws/build/msgs' returned '0': CMAKE_PREFIX_PATH=/opt/ros/humble /usr/bin/cmake --build /ros2_ws/build/msgs -- -j16 -l16
[6.339s] DEBUG:colcon.colcon_core.event_handler.log_command:Invoking command in '/ros2_ws/build/msgs': CMAKE_PREFIX_PATH=/opt/ros/humble /usr/bin/cmake --install /ros2_ws/build/msgs
[6.411s] Level 1:colcon.colcon_core.environment:create_environment_scripts_only(msgs)
[6.412s] DEBUG:colcon.colcon_core.event_handler.log_command:Invoked command in '/ros2_ws/build/msgs' returned '0': CMAKE_PREFIX_PATH=/opt/ros/humble /usr/bin/cmake --install /ros2_ws/build/msgs
[6.424s] Level 1:colcon.colcon_core.environment:checking '/ros2_ws/install/msgs' for CMake module files
[6.425s] Level 1:colcon.colcon_core.environment:checking '/ros2_ws/install/msgs' for CMake config files
[6.425s] Level 1:colcon.colcon_core.shell:create_environment_hook('msgs', 'cmake_prefix_path')
[6.437s] INFO:colcon.colcon_core.shell:Creating environment hook '/ros2_ws/install/msgs/share/msgs/hook/cmake_prefix_path.ps1'
[6.438s] INFO:colcon.colcon_core.shell:Creating environment descriptor '/ros2_ws/install/msgs/share/msgs/hook/cmake_prefix_path.dsv'
[6.439s] INFO:colcon.colcon_core.shell:Creating environment hook '/ros2_ws/install/msgs/share/msgs/hook/cmake_prefix_path.sh'
[6.439s] Level 1:colcon.colcon_core.environment:checking '/ros2_ws/install/msgs/lib'
[6.439s] Level 1:colcon.colcon_core.shell:create_environment_hook('msgs', 'ld_library_path_lib')
[6.452s] INFO:colcon.colcon_core.shell:Creating environment hook '/ros2_ws/install/msgs/share/msgs/hook/ld_library_path_lib.ps1'
[6.452s] INFO:colcon.colcon_core.shell:Creating environment descriptor '/ros2_ws/install/msgs/share/msgs/hook/ld_library_path_lib.dsv'
[6.453s] INFO:colcon.colcon_core.shell:Creating environment hook '/ros2_ws/install/msgs/share/msgs/hook/ld_library_path_lib.sh'
[6.453s] Level 1:colcon.colcon_core.environment:checking '/ros2_ws/install/msgs/bin'
[6.453s] Level 1:colcon.colcon_core.environment:checking '/ros2_ws/install/msgs/lib/pkgconfig/msgs.pc'
[6.454s] Level 1:colcon.colcon_core.environment:checking '/ros2_ws/install/msgs/lib/python3.10/site-packages'
[6.454s] Level 1:colcon.colcon_core.environment:checking '/ros2_ws/install/msgs/bin'
[6.467s] INFO:colcon.colcon_core.shell:Creating package script '/ros2_ws/install/msgs/share/msgs/package.ps1'
[6.467s] INFO:colcon.colcon_core.shell:Creating package descriptor '/ros2_ws/install/msgs/share/msgs/package.dsv'
[6.468s] INFO:colcon.colcon_core.shell:Creating package script '/ros2_ws/install/msgs/share/msgs/package.sh'
[6.468s] INFO:colcon.colcon_core.shell:Creating package script '/ros2_ws/install/msgs/share/msgs/package.bash'
[6.469s] INFO:colcon.colcon_core.shell:Creating package script '/ros2_ws/install/msgs/share/msgs/package.zsh'
[6.469s] Level 1:colcon.colcon_core.environment:create_file_with_runtime_dependencies(/ros2_ws/install/msgs/share/colcon-core/packages/msgs)
[6.554s] Level 1:colcon.colcon_core.environment:create_environment_scripts_only(msgs)
[6.566s] Level 1:colcon.colcon_core.environment:checking '/ros2_ws/install/msgs' for CMake module files
[6.566s] Level 1:colcon.colcon_core.environment:checking '/ros2_ws/install/msgs' for CMake config files
[6.567s] Level 1:colcon.colcon_core.shell:create_environment_hook('msgs', 'cmake_prefix_path')
[6.583s] INFO:colcon.colcon_core.shell:Creating environment hook '/ros2_ws/install/msgs/share/msgs/hook/cmake_prefix_path.ps1'
[6.583s] INFO:colcon.colcon_core.shell:Creating environment descriptor '/ros2_ws/install/msgs/share/msgs/hook/cmake_prefix_path.dsv'
[6.584s] INFO:colcon.colcon_core.shell:Creating environment hook '/ros2_ws/install/msgs/share/msgs/hook/cmake_prefix_path.sh'
[6.585s] Level 1:colcon.colcon_core.environment:checking '/ros2_ws/install/msgs/lib'
[6.585s] Level 1:colcon.colcon_core.shell:create_environment_hook('msgs', 'ld_library_path_lib')
[6.599s] INFO:colcon.colcon_core.shell:Creating environment hook '/ros2_ws/install/msgs/share/msgs/hook/ld_library_path_lib.ps1'
[6.600s] INFO:colcon.colcon_core.shell:Creating environment descriptor '/ros2_ws/install/msgs/share/msgs/hook/ld_library_path_lib.dsv'
[6.600s] INFO:colcon.colcon_core.shell:Creating environment hook '/ros2_ws/install/msgs/share/msgs/hook/ld_library_path_lib.sh'
[6.601s] Level 1:colcon.colcon_core.environment:checking '/ros2_ws/install/msgs/bin'
[6.601s] Level 1:colcon.colcon_core.environment:checking '/ros2_ws/install/msgs/lib/pkgconfig/msgs.pc'
[6.601s] Level 1:colcon.colcon_core.environment:checking '/ros2_ws/install/msgs/lib/python3.10/site-packages'
[6.601s] Level 1:colcon.colcon_core.environment:checking '/ros2_ws/install/msgs/bin'
[6.616s] INFO:colcon.colcon_core.shell:Creating package script '/ros2_ws/install/msgs/share/msgs/package.ps1'
[6.617s] INFO:colcon.colcon_core.shell:Creating package descriptor '/ros2_ws/install/msgs/share/msgs/package.dsv'
[6.618s] INFO:colcon.colcon_core.shell:Creating package script '/ros2_ws/install/msgs/share/msgs/package.sh'
[6.618s] INFO:colcon.colcon_core.shell:Creating package script '/ros2_ws/install/msgs/share/msgs/package.bash'
[6.619s] INFO:colcon.colcon_core.shell:Creating package script '/ros2_ws/install/msgs/share/msgs/package.zsh'
[6.619s] Level 1:colcon.colcon_core.environment:create_file_with_runtime_dependencies(/ros2_ws/install/msgs/share/colcon-core/packages/msgs)
[6.620s] DEBUG:colcon.colcon_parallel_executor.executor.parallel:closing loop
[6.620s] DEBUG:colcon.colcon_parallel_executor.executor.parallel:loop closed
[6.621s] DEBUG:colcon.colcon_parallel_executor.executor.parallel:run_until_complete finished with '0'
[6.621s] DEBUG:colcon.colcon_core.event_reactor:joining thread
[6.645s] INFO:colcon.colcon_core.plugin_system:Skipping extension 'colcon_notification.desktop_notification.notify_send': Could not find 'notify-send'
[6.646s] INFO:colcon.colcon_core.plugin_system:Skipping extension 'colcon_notification.desktop_notification.terminal_notifier': Not used on non-Darwin systems
[6.646s] INFO:colcon.colcon_core.plugin_system:Skipping extension 'colcon_notification.desktop_notification.win32': Not used on non-Windows systems
[6.646s] INFO:colcon.colcon_notification.desktop_notification:Sending desktop notification using 'notify2'
[6.648s] DEBUG:colcon.colcon_notification.desktop_notification.notify2:Failed to initialize notify2: org.freedesktop.DBus.Error.Spawn.ExecFailed: /usr/bin/dbus-launch terminated abnormally without any error message
[6.649s] DEBUG:colcon.colcon_core.event_reactor:joined thread
[6.668s] INFO:colcon.colcon_core.shell:Creating prefix script '/ros2_ws/install/local_setup.ps1'
[6.669s] INFO:colcon.colcon_core.shell:Creating prefix util module '/ros2_ws/install/_local_setup_util_ps1.py'
[6.671s] INFO:colcon.colcon_core.shell:Creating prefix chain script '/ros2_ws/install/setup.ps1'
[6.689s] INFO:colcon.colcon_core.shell:Creating prefix script '/ros2_ws/install/local_setup.sh'
[6.690s] INFO:colcon.colcon_core.shell:Creating prefix util module '/ros2_ws/install/_local_setup_util_sh.py'
[6.691s] INFO:colcon.colcon_core.shell:Creating prefix chain script '/ros2_ws/install/setup.sh'
[6.705s] INFO:colcon.colcon_core.shell:Creating prefix script '/ros2_ws/install/local_setup.bash'
[6.705s] INFO:colcon.colcon_core.shell:Creating prefix chain script '/ros2_ws/install/setup.bash'
[6.718s] INFO:colcon.colcon_core.shell:Creating prefix script '/ros2_ws/install/local_setup.zsh'
[6.719s] INFO:colcon.colcon_core.shell:Creating prefix chain script '/ros2_ws/install/setup.zsh'
