[4.124s] DEBUG:colcon:Command line arguments: ['/usr/bin/colcon', 'build']
[4.124s] DEBUG:colcon:Parsed command line arguments: Namespace(log_base=None, log_level=None, verb_name='build', build_base='build', install_base='install', merge_install=False, symlink_install=False, test_result_base=None, continue_on_error=False, executor='parallel', parallel_workers=16, event_handlers=None, ignore_user_meta=False, metas=['./colcon.meta'], base_paths=['.'], packages_ignore=None, packages_ignore_regex=None, paths=None, packages_up_to=None, packages_up_to_regex=None, packages_above=None, packages_above_and_dependencies=None, packages_above_depth=None, packages_select_by_dep=None, packages_skip_by_dep=None, packages_skip_up_to=None, packages_select_build_failed=False, packages_skip_build_finished=False, packages_select_test_failures=False, packages_skip_test_passed=False, packages_select=None, packages_skip=None, packages_select_regex=None, packages_skip_regex=None, packages_start=None, packages_end=None, cmake_args=None, cmake_target=None, cmake_target_skip_unavailable=False, cmake_clean_cache=False, cmake_clean_first=False, cmake_force_configure=False, ament_cmake_args=None, catkin_cmake_args=None, catkin_skip_building_tests=False, mixin_files=None, mixin=None, verb_parser=<colcon_mixin.mixin.mixin_argument.MixinArgumentDecorator object at 0x7fc480f292d0>, verb_extension=<colcon_core.verb.build.BuildVerb object at 0x7fc4813aa8f0>, main=<bound method BuildVerb.main of <colcon_core.verb.build.BuildVerb object at 0x7fc4813aa8f0>>, mixin_verb=('build',))
[4.314s] Level 1:colcon.colcon_core.package_discovery:discover_packages(colcon_meta) check parameters
[4.316s] INFO:colcon.colcon_metadata.package_discovery.colcon_meta:Using configuration from '/root/.colcon/metadata/default/Gazebo.meta'
[4.318s] INFO:colcon.colcon_metadata.package_discovery.colcon_meta:Using configuration from '/root/.colcon/metadata/default/fastrtps.meta'
[4.319s] Level 1:colcon.colcon_core.package_discovery:discover_packages(recursive) check parameters
[4.319s] Level 1:colcon.colcon_core.package_discovery:discover_packages(ignore) check parameters
[4.319s] Level 1:colcon.colcon_core.package_discovery:discover_packages(path) check parameters
[4.319s] Level 1:colcon.colcon_core.package_discovery:discover_packages(colcon_meta) discover
[4.319s] Level 1:colcon.colcon_core.package_discovery:discover_packages(recursive) discover
[4.319s] INFO:colcon.colcon_core.package_discovery:Crawling recursively for packages in '/ros2_ws'
[4.320s] Level 1:colcon.colcon_core.package_identification:_identify(.) by extensions ['ignore', 'ignore_ament_install']
[4.320s] Level 1:colcon.colcon_core.package_identification:_identify(.) by extension 'ignore'
[4.321s] Level 1:colcon.colcon_core.package_identification:_identify(.) by extension 'ignore_ament_install'
[4.321s] Level 1:colcon.colcon_core.package_identification:_identify(.) by extensions ['colcon_pkg']
[4.322s] Level 1:colcon.colcon_core.package_identification:_identify(.) by extension 'colcon_pkg'
[4.322s] Level 1:colcon.colcon_core.package_identification:_identify(.) by extensions ['colcon_meta']
[4.323s] Level 1:colcon.colcon_core.package_identification:_identify(.) by extension 'colcon_meta'
[4.323s] Level 1:colcon.colcon_core.package_identification:_identify(.) by extensions ['ros']
[4.323s] Level 1:colcon.colcon_core.package_identification:_identify(.) by extension 'ros'
[4.366s] Level 1:colcon.colcon_core.package_identification:_identify(.) by extensions ['cmake', 'python']
[4.367s] Level 1:colcon.colcon_core.package_identification:_identify(.) by extension 'cmake'
[4.368s] Level 1:colcon.colcon_core.package_identification:_identify(.) by extension 'python'
[4.368s] Level 1:colcon.colcon_core.package_identification:_identify(.) by extensions ['python_setup_py']
[4.368s] Level 1:colcon.colcon_core.package_identification:_identify(.) by extension 'python_setup_py'
[4.368s] Level 1:colcon.colcon_core.package_identification:_identify(build) by extensions ['ignore', 'ignore_ament_install']
[4.369s] Level 1:colcon.colcon_core.package_identification:_identify(build) by extension 'ignore'
[4.369s] Level 1:colcon.colcon_core.package_identification:_identify(build) ignored
[4.370s] Level 1:colcon.colcon_core.package_identification:_identify(install) by extensions ['ignore', 'ignore_ament_install']
[4.371s] Level 1:colcon.colcon_core.package_identification:_identify(install) by extension 'ignore'
[4.371s] Level 1:colcon.colcon_core.package_identification:_identify(install) ignored
[4.372s] Level 1:colcon.colcon_core.package_identification:_identify(log) by extensions ['ignore', 'ignore_ament_install']
[4.373s] Level 1:colcon.colcon_core.package_identification:_identify(log) by extension 'ignore'
[4.373s] Level 1:colcon.colcon_core.package_identification:_identify(log) ignored
[4.374s] Level 1:colcon.colcon_core.package_identification:_identify(src) by extensions ['ignore', 'ignore_ament_install']
[4.375s] Level 1:colcon.colcon_core.package_identification:_identify(src) by extension 'ignore'
[4.375s] Level 1:colcon.colcon_core.package_identification:_identify(src) by extension 'ignore_ament_install'
[4.375s] Level 1:colcon.colcon_core.package_identification:_identify(src) by extensions ['colcon_pkg']
[4.376s] Level 1:colcon.colcon_core.package_identification:_identify(src) by extension 'colcon_pkg'
[4.376s] Level 1:colcon.colcon_core.package_identification:_identify(src) by extensions ['colcon_meta']
[4.376s] Level 1:colcon.colcon_core.package_identification:_identify(src) by extension 'colcon_meta'
[4.376s] Level 1:colcon.colcon_core.package_identification:_identify(src) by extensions ['ros']
[4.376s] Level 1:colcon.colcon_core.package_identification:_identify(src) by extension 'ros'
[4.377s] Level 1:colcon.colcon_core.package_identification:_identify(src) by extensions ['cmake', 'python']
[4.377s] Level 1:colcon.colcon_core.package_identification:_identify(src) by extension 'cmake'
[4.377s] Level 1:colcon.colcon_core.package_identification:_identify(src) by extension 'python'
[4.377s] Level 1:colcon.colcon_core.package_identification:_identify(src) by extensions ['python_setup_py']
[4.377s] Level 1:colcon.colcon_core.package_identification:_identify(src) by extension 'python_setup_py'
[4.377s] Level 1:colcon.colcon_core.package_identification:_identify(src/courseworks_2) by extensions ['ignore', 'ignore_ament_install']
[4.378s] Level 1:colcon.colcon_core.package_identification:_identify(src/courseworks_2) by extension 'ignore'
[4.378s] Level 1:colcon.colcon_core.package_identification:_identify(src/courseworks_2) by extension 'ignore_ament_install'
[4.378s] Level 1:colcon.colcon_core.package_identification:_identify(src/courseworks_2) by extensions ['colcon_pkg']
[4.379s] Level 1:colcon.colcon_core.package_identification:_identify(src/courseworks_2) by extension 'colcon_pkg'
[4.379s] Level 1:colcon.colcon_core.package_identification:_identify(src/courseworks_2) by extensions ['colcon_meta']
[4.380s] Level 1:colcon.colcon_core.package_identification:_identify(src/courseworks_2) by extension 'colcon_meta'
[4.380s] Level 1:colcon.colcon_core.package_identification:_identify(src/courseworks_2) by extensions ['ros']
[4.380s] Level 1:colcon.colcon_core.package_identification:_identify(src/courseworks_2) by extension 'ros'
[4.390s] DEBUG:colcon.colcon_core.package_identification:Package 'src/courseworks_2' with type 'ros.ament_python' and name 'courseworks_2'
[4.390s] Level 1:colcon.colcon_core.package_identification:_identify(src/msgs) by extensions ['ignore', 'ignore_ament_install']
[4.391s] Level 1:colcon.colcon_core.package_identification:_identify(src/msgs) by extension 'ignore'
[4.391s] Level 1:colcon.colcon_core.package_identification:_identify(src/msgs) by extension 'ignore_ament_install'
[4.392s] Level 1:colcon.colcon_core.package_identification:_identify(src/msgs) by extensions ['colcon_pkg']
[4.392s] Level 1:colcon.colcon_core.package_identification:_identify(src/msgs) by extension 'colcon_pkg'
[4.392s] Level 1:colcon.colcon_core.package_identification:_identify(src/msgs) by extensions ['colcon_meta']
[4.392s] Level 1:colcon.colcon_core.package_identification:_identify(src/msgs) by extension 'colcon_meta'
[4.393s] Level 1:colcon.colcon_core.package_identification:_identify(src/msgs) by extensions ['ros']
[4.393s] Level 1:colcon.colcon_core.package_identification:_identify(src/msgs) by extension 'ros'
[4.402s] DEBUG:colcon.colcon_core.package_identification:Package 'src/msgs' with type 'ros.ament_cmake' and name 'msgs'
[4.402s] Level 1:colcon.colcon_core.package_discovery:discover_packages(recursive) using defaults
[4.402s] Level 1:colcon.colcon_core.package_discovery:discover_packages(ignore) discover
[4.402s] Level 1:colcon.colcon_core.package_discovery:discover_packages(ignore) using defaults
[4.402s] Level 1:colcon.colcon_core.package_discovery:discover_packages(path) discover
[4.403s] Level 1:colcon.colcon_core.package_discovery:discover_packages(path) using defaults
[4.777s] Level 5:colcon.colcon_core.verb:set package 'msgs' build argument 'cmake_args' from command line to 'None'
[4.777s] Level 5:colcon.colcon_core.verb:set package 'msgs' build argument 'cmake_target' from command line to 'None'
[4.778s] Level 5:colcon.colcon_core.verb:set package 'msgs' build argument 'cmake_target_skip_unavailable' from command line to 'False'
[4.778s] Level 5:colcon.colcon_core.verb:set package 'msgs' build argument 'cmake_clean_cache' from command line to 'False'
[4.778s] Level 5:colcon.colcon_core.verb:set package 'msgs' build argument 'cmake_clean_first' from command line to 'False'
[4.778s] Level 5:colcon.colcon_core.verb:set package 'msgs' build argument 'cmake_force_configure' from command line to 'False'
[4.778s] Level 5:colcon.colcon_core.verb:set package 'msgs' build argument 'ament_cmake_args' from command line to 'None'
[4.778s] Level 5:colcon.colcon_core.verb:set package 'msgs' build argument 'catkin_cmake_args' from command line to 'None'
[4.778s] Level 5:colcon.colcon_core.verb:set package 'msgs' build argument 'catkin_skip_building_tests' from command line to 'False'
[4.778s] DEBUG:colcon.colcon_core.verb:Building package 'msgs' with the following arguments: {'ament_cmake_args': None, 'build_base': '/ros2_ws/build/msgs', 'catkin_cmake_args': None, 'catkin_skip_building_tests': False, 'cmake_args': None, 'cmake_clean_cache': False, 'cmake_clean_first': False, 'cmake_force_configure': False, 'cmake_target': None, 'cmake_target_skip_unavailable': False, 'install_base': '/ros2_ws/install/msgs', 'merge_install': False, 'path': '/ros2_ws/src/msgs', 'symlink_install': False, 'test_result_base': None}
[4.883s] Level 5:colcon.colcon_core.verb:set package 'courseworks_2' build argument 'cmake_args' from command line to 'None'
[4.884s] Level 5:colcon.colcon_core.verb:set package 'courseworks_2' build argument 'cmake_target' from command line to 'None'
[4.884s] Level 5:colcon.colcon_core.verb:set package 'courseworks_2' build argument 'cmake_target_skip_unavailable' from command line to 'False'
[4.884s] Level 5:colcon.colcon_core.verb:set package 'courseworks_2' build argument 'cmake_clean_cache' from command line to 'False'
[4.885s] Level 5:colcon.colcon_core.verb:set package 'courseworks_2' build argument 'cmake_clean_first' from command line to 'False'
[4.885s] Level 5:colcon.colcon_core.verb:set package 'courseworks_2' build argument 'cmake_force_configure' from command line to 'False'
[4.885s] Level 5:colcon.colcon_core.verb:set package 'courseworks_2' build argument 'ament_cmake_args' from command line to 'None'
[4.886s] Level 5:colcon.colcon_core.verb:set package 'courseworks_2' build argument 'catkin_cmake_args' from command line to 'None'
[4.886s] Level 5:colcon.colcon_core.verb:set package 'courseworks_2' build argument 'catkin_skip_building_tests' from command line to 'False'
[4.887s] DEBUG:colcon.colcon_core.verb:Building package 'courseworks_2' with the following arguments: {'ament_cmake_args': None, 'build_base': '/ros2_ws/build/courseworks_2', 'catkin_cmake_args': None, 'catkin_skip_building_tests': False, 'cmake_args': None, 'cmake_clean_cache': False, 'cmake_clean_first': False, 'cmake_force_configure': False, 'cmake_target': None, 'cmake_target_skip_unavailable': False, 'install_base': '/ros2_ws/install/courseworks_2', 'merge_install': False, 'path': '/ros2_ws/src/courseworks_2', 'symlink_install': False, 'test_result_base': None}
[4.954s] INFO:colcon.colcon_core.executor:Executing jobs using 'parallel' executor
[5.106s] DEBUG:colcon.colcon_parallel_executor.executor.parallel:run_until_complete
[5.107s] INFO:colcon.colcon_ros.task.ament_cmake.build:Building ROS package in '/ros2_ws/src/msgs' with build type 'ament_cmake'
[5.108s] INFO:colcon.colcon_cmake.task.cmake.build:Building CMake package in '/ros2_ws/src/msgs'
[5.162s] INFO:colcon.colcon_core.plugin_system:Skipping extension 'colcon_core.shell.bat': Not used on non-Windows systems
[5.163s] INFO:colcon.colcon_core.shell:Skip shell extension 'powershell' for command environment: Not usable outside of PowerShell
[5.163s] DEBUG:colcon.colcon_core.shell:Skip shell extension 'dsv' for command environment
[5.365s] DEBUG:colcon.colcon_core.event_handler.log_command:Invoking command in '/ros2_ws/build/msgs': CMAKE_PREFIX_PATH=${CMAKE_PREFIX_PATH}:/ros2_ws/install/courseworks_2:/opt/ros/humble /usr/bin/cmake --build /ros2_ws/build/msgs -- -j16 -l16
[6.438s] DEBUG:colcon.colcon_core.event_handler.log_command:Invoked command in '/ros2_ws/build/msgs' returned '0': CMAKE_PREFIX_PATH=${CMAKE_PREFIX_PATH}:/ros2_ws/install/courseworks_2:/opt/ros/humble /usr/bin/cmake --build /ros2_ws/build/msgs -- -j16 -l16
[6.682s] DEBUG:colcon.colcon_core.event_handler.log_command:Invoking command in '/ros2_ws/build/msgs': CMAKE_PREFIX_PATH=${CMAKE_PREFIX_PATH}:/ros2_ws/install/courseworks_2:/opt/ros/humble /usr/bin/cmake --install /ros2_ws/build/msgs
[6.900s] Level 1:colcon.colcon_core.environment:create_environment_scripts_only(msgs)
[6.901s] DEBUG:colcon.colcon_core.event_handler.log_command:Invoked command in '/ros2_ws/build/msgs' returned '0': CMAKE_PREFIX_PATH=${CMAKE_PREFIX_PATH}:/ros2_ws/install/courseworks_2:/opt/ros/humble /usr/bin/cmake --install /ros2_ws/build/msgs
[6.965s] Level 1:colcon.colcon_core.environment:checking '/ros2_ws/install/msgs' for CMake module files
[6.967s] Level 1:colcon.colcon_core.environment:checking '/ros2_ws/install/msgs' for CMake config files
[6.969s] Level 1:colcon.colcon_core.shell:create_environment_hook('msgs', 'cmake_prefix_path')
[7.009s] INFO:colcon.colcon_core.shell:Creating environment hook '/ros2_ws/install/msgs/share/msgs/hook/cmake_prefix_path.ps1'
[7.011s] INFO:colcon.colcon_core.shell:Creating environment descriptor '/ros2_ws/install/msgs/share/msgs/hook/cmake_prefix_path.dsv'
[7.013s] INFO:colcon.colcon_core.shell:Creating environment hook '/ros2_ws/install/msgs/share/msgs/hook/cmake_prefix_path.sh'
[7.015s] Level 1:colcon.colcon_core.environment:checking '/ros2_ws/install/msgs/lib'
[7.016s] Level 1:colcon.colcon_core.shell:create_environment_hook('msgs', 'ld_library_path_lib')
[7.079s] INFO:colcon.colcon_core.shell:Creating environment hook '/ros2_ws/install/msgs/share/msgs/hook/ld_library_path_lib.ps1'
[7.080s] INFO:colcon.colcon_core.shell:Creating environment descriptor '/ros2_ws/install/msgs/share/msgs/hook/ld_library_path_lib.dsv'
[7.082s] INFO:colcon.colcon_core.shell:Creating environment hook '/ros2_ws/install/msgs/share/msgs/hook/ld_library_path_lib.sh'
[7.083s] Level 1:colcon.colcon_core.environment:checking '/ros2_ws/install/msgs/bin'
[7.083s] Level 1:colcon.colcon_core.environment:checking '/ros2_ws/install/msgs/lib/pkgconfig/msgs.pc'
[7.088s] Level 1:colcon.colcon_core.environment:checking '/ros2_ws/install/msgs/lib/python3.10/site-packages'
[7.089s] Level 1:colcon.colcon_core.environment:checking '/ros2_ws/install/msgs/bin'
[7.138s] INFO:colcon.colcon_core.shell:Creating package script '/ros2_ws/install/msgs/share/msgs/package.ps1'
[7.141s] INFO:colcon.colcon_core.shell:Creating package descriptor '/ros2_ws/install/msgs/share/msgs/package.dsv'
[7.143s] INFO:colcon.colcon_core.shell:Creating package script '/ros2_ws/install/msgs/share/msgs/package.sh'
[7.146s] INFO:colcon.colcon_core.shell:Creating package script '/ros2_ws/install/msgs/share/msgs/package.bash'
[7.150s] INFO:colcon.colcon_core.shell:Creating package script '/ros2_ws/install/msgs/share/msgs/package.zsh'
[7.154s] Level 1:colcon.colcon_core.environment:create_file_with_runtime_dependencies(/ros2_ws/install/msgs/share/colcon-core/packages/msgs)
[7.404s] Level 1:colcon.colcon_core.environment:create_environment_scripts_only(msgs)
[7.465s] Level 1:colcon.colcon_core.environment:checking '/ros2_ws/install/msgs' for CMake module files
[7.469s] Level 1:colcon.colcon_core.environment:checking '/ros2_ws/install/msgs' for CMake config files
[7.472s] Level 1:colcon.colcon_core.shell:create_environment_hook('msgs', 'cmake_prefix_path')
[7.516s] INFO:colcon.colcon_core.shell:Creating environment hook '/ros2_ws/install/msgs/share/msgs/hook/cmake_prefix_path.ps1'
[7.517s] INFO:colcon.colcon_core.shell:Creating environment descriptor '/ros2_ws/install/msgs/share/msgs/hook/cmake_prefix_path.dsv'
[7.518s] INFO:colcon.colcon_core.shell:Creating environment hook '/ros2_ws/install/msgs/share/msgs/hook/cmake_prefix_path.sh'
[7.520s] Level 1:colcon.colcon_core.environment:checking '/ros2_ws/install/msgs/lib'
[7.520s] Level 1:colcon.colcon_core.shell:create_environment_hook('msgs', 'ld_library_path_lib')
[7.577s] INFO:colcon.colcon_core.shell:Creating environment hook '/ros2_ws/install/msgs/share/msgs/hook/ld_library_path_lib.ps1'
[7.579s] INFO:colcon.colcon_core.shell:Creating environment descriptor '/ros2_ws/install/msgs/share/msgs/hook/ld_library_path_lib.dsv'
[7.580s] INFO:colcon.colcon_core.shell:Creating environment hook '/ros2_ws/install/msgs/share/msgs/hook/ld_library_path_lib.sh'
[7.582s] Level 1:colcon.colcon_core.environment:checking '/ros2_ws/install/msgs/bin'
[7.583s] Level 1:colcon.colcon_core.environment:checking '/ros2_ws/install/msgs/lib/pkgconfig/msgs.pc'
[7.584s] Level 1:colcon.colcon_core.environment:checking '/ros2_ws/install/msgs/lib/python3.10/site-packages'
[7.585s] Level 1:colcon.colcon_core.environment:checking '/ros2_ws/install/msgs/bin'
[7.629s] INFO:colcon.colcon_core.shell:Creating package script '/ros2_ws/install/msgs/share/msgs/package.ps1'
[7.631s] INFO:colcon.colcon_core.shell:Creating package descriptor '/ros2_ws/install/msgs/share/msgs/package.dsv'
[7.633s] INFO:colcon.colcon_core.shell:Creating package script '/ros2_ws/install/msgs/share/msgs/package.sh'
[7.636s] INFO:colcon.colcon_core.shell:Creating package script '/ros2_ws/install/msgs/share/msgs/package.bash'
[7.638s] INFO:colcon.colcon_core.shell:Creating package script '/ros2_ws/install/msgs/share/msgs/package.zsh'
[7.641s] Level 1:colcon.colcon_core.environment:create_file_with_runtime_dependencies(/ros2_ws/install/msgs/share/colcon-core/packages/msgs)
[7.643s] INFO:colcon.colcon_ros.task.ament_python.build:Building ROS package in '/ros2_ws/src/courseworks_2' with build type 'ament_python'
[7.644s] Level 1:colcon.colcon_core.shell:create_environment_hook('courseworks_2', 'ament_prefix_path')
[7.703s] INFO:colcon.colcon_core.shell:Creating environment hook '/ros2_ws/install/courseworks_2/share/courseworks_2/hook/ament_prefix_path.ps1'
[7.704s] INFO:colcon.colcon_core.shell:Creating environment descriptor '/ros2_ws/install/courseworks_2/share/courseworks_2/hook/ament_prefix_path.dsv'
[7.705s] INFO:colcon.colcon_core.shell:Creating environment hook '/ros2_ws/install/courseworks_2/share/courseworks_2/hook/ament_prefix_path.sh'
[7.774s] INFO:colcon.colcon_core.shell:Skip shell extension 'powershell' for command environment: Not usable outside of PowerShell
[7.774s] DEBUG:colcon.colcon_core.shell:Skip shell extension 'dsv' for command environment
[8.750s] INFO:colcon.colcon_core.task.python.build:Building Python package in '/ros2_ws/src/courseworks_2'
[8.815s] INFO:colcon.colcon_core.shell:Skip shell extension 'powershell' for command environment: Not usable outside of PowerShell
[8.815s] DEBUG:colcon.colcon_core.shell:Skip shell extension 'dsv' for command environment
[10.390s] DEBUG:colcon.colcon_core.event_handler.log_command:Invoking command in '/ros2_ws/src/courseworks_2': PYTHONPATH=/ros2_ws/build/courseworks_2/prefix_override:/ros2_ws/install/courseworks_2/lib/python3.10/site-packages:${PYTHONPATH} /usr/bin/python3 setup.py egg_info --egg-base ../../build/courseworks_2 build --build-base /ros2_ws/build/courseworks_2/build install --record /ros2_ws/build/courseworks_2/install.log --single-version-externally-managed
[11.395s] DEBUG:colcon.colcon_core.event_handler.log_command:Invoked command in '/ros2_ws/src/courseworks_2' returned '0': PYTHONPATH=/ros2_ws/build/courseworks_2/prefix_override:/ros2_ws/install/courseworks_2/lib/python3.10/site-packages:${PYTHONPATH} /usr/bin/python3 setup.py egg_info --egg-base ../../build/courseworks_2 build --build-base /ros2_ws/build/courseworks_2/build install --record /ros2_ws/build/courseworks_2/install.log --single-version-externally-managed
[11.447s] Level 1:colcon.colcon_core.environment:checking '/ros2_ws/install/courseworks_2' for CMake module files
[11.449s] Level 1:colcon.colcon_core.environment:checking '/ros2_ws/install/courseworks_2' for CMake config files
[11.451s] Level 1:colcon.colcon_core.environment:checking '/ros2_ws/install/courseworks_2/lib'
[11.452s] Level 1:colcon.colcon_core.environment:checking '/ros2_ws/install/courseworks_2/bin'
[11.452s] Level 1:colcon.colcon_core.environment:checking '/ros2_ws/install/courseworks_2/lib/pkgconfig/courseworks_2.pc'
[11.453s] Level 1:colcon.colcon_core.environment:checking '/ros2_ws/install/courseworks_2/lib/python3.10/site-packages'
[11.455s] Level 1:colcon.colcon_core.shell:create_environment_hook('courseworks_2', 'pythonpath')
[11.532s] INFO:colcon.colcon_core.shell:Creating environment hook '/ros2_ws/install/courseworks_2/share/courseworks_2/hook/pythonpath.ps1'
[11.533s] INFO:colcon.colcon_core.shell:Creating environment descriptor '/ros2_ws/install/courseworks_2/share/courseworks_2/hook/pythonpath.dsv'
[11.534s] INFO:colcon.colcon_core.shell:Creating environment hook '/ros2_ws/install/courseworks_2/share/courseworks_2/hook/pythonpath.sh'
[11.536s] Level 1:colcon.colcon_core.environment:checking '/ros2_ws/install/courseworks_2/bin'
[11.537s] Level 1:colcon.colcon_core.environment:create_environment_scripts_only(courseworks_2)
[11.577s] INFO:colcon.colcon_core.shell:Creating package script '/ros2_ws/install/courseworks_2/share/courseworks_2/package.ps1'
[11.579s] INFO:colcon.colcon_core.shell:Creating package descriptor '/ros2_ws/install/courseworks_2/share/courseworks_2/package.dsv'
[11.580s] INFO:colcon.colcon_core.shell:Creating package script '/ros2_ws/install/courseworks_2/share/courseworks_2/package.sh'
[11.582s] INFO:colcon.colcon_core.shell:Creating package script '/ros2_ws/install/courseworks_2/share/courseworks_2/package.bash'
[11.583s] INFO:colcon.colcon_core.shell:Creating package script '/ros2_ws/install/courseworks_2/share/courseworks_2/package.zsh'
[11.584s] Level 1:colcon.colcon_core.environment:create_file_with_runtime_dependencies(/ros2_ws/install/courseworks_2/share/colcon-core/packages/courseworks_2)
[11.585s] DEBUG:colcon.colcon_parallel_executor.executor.parallel:closing loop
[11.587s] DEBUG:colcon.colcon_parallel_executor.executor.parallel:loop closed
[11.588s] DEBUG:colcon.colcon_parallel_executor.executor.parallel:run_until_complete finished with '0'
[11.588s] DEBUG:colcon.colcon_core.event_reactor:joining thread
[11.654s] INFO:colcon.colcon_core.plugin_system:Skipping extension 'colcon_notification.desktop_notification.notify_send': Could not find 'notify-send'
[11.655s] INFO:colcon.colcon_core.plugin_system:Skipping extension 'colcon_notification.desktop_notification.terminal_notifier': Not used on non-Darwin systems
[11.655s] INFO:colcon.colcon_core.plugin_system:Skipping extension 'colcon_notification.desktop_notification.win32': Not used on non-Windows systems
[11.655s] INFO:colcon.colcon_notification.desktop_notification:Sending desktop notification using 'notify2'
[11.659s] DEBUG:colcon.colcon_notification.desktop_notification.notify2:Failed to initialize notify2: org.freedesktop.DBus.Error.Spawn.ExecFailed: /usr/bin/dbus-launch terminated abnormally without any error message
[11.660s] DEBUG:colcon.colcon_core.event_reactor:joined thread
[11.706s] INFO:colcon.colcon_core.shell:Creating prefix script '/ros2_ws/install/local_setup.ps1'
[11.710s] INFO:colcon.colcon_core.shell:Creating prefix util module '/ros2_ws/install/_local_setup_util_ps1.py'
[11.715s] INFO:colcon.colcon_core.shell:Creating prefix chain script '/ros2_ws/install/setup.ps1'
[11.773s] INFO:colcon.colcon_core.shell:Creating prefix script '/ros2_ws/install/local_setup.sh'
[11.775s] INFO:colcon.colcon_core.shell:Creating prefix util module '/ros2_ws/install/_local_setup_util_sh.py'
[11.777s] INFO:colcon.colcon_core.shell:Creating prefix chain script '/ros2_ws/install/setup.sh'
[11.821s] INFO:colcon.colcon_core.shell:Creating prefix script '/ros2_ws/install/local_setup.bash'
[11.823s] INFO:colcon.colcon_core.shell:Creating prefix chain script '/ros2_ws/install/setup.bash'
[11.880s] INFO:colcon.colcon_core.shell:Creating prefix script '/ros2_ws/install/local_setup.zsh'
[11.882s] INFO:colcon.colcon_core.shell:Creating prefix chain script '/ros2_ws/install/setup.zsh'
