[0.070s] Invoking command in '/ros2_ws/build/msgs': CMAKE_PREFIX_PATH=${CMAKE_PREFIX_PATH}:/ros2_ws/install/courseworks_2:/opt/ros/humble /usr/bin/cmake --build /ros2_ws/build/msgs -- -j16 -l16
[0.108s] [  2%] Built target msgs__cpp
[0.109s] [ 12%] Built target msgs__rosidl_generator_c
[0.118s] [ 12%] Built target ament_cmake_python_copy_msgs
[0.129s] [ 53%] Built target msgs__rosidl_typesupport_fastrtps_cpp
[0.129s] [ 64%] Built target msgs__rosidl_typesupport_cpp
[0.129s] [ 64%] Built target msgs__rosidl_typesupport_fastrtps_c
[0.129s] [ 61%] Built target msgs__rosidl_typesupport_introspection_cpp
[0.129s] [ 64%] Built target msgs__rosidl_typesupport_introspection_c
[0.130s] [ 74%] Built target msgs__rosidl_typesupport_c
[0.148s] [ 74%] Built target msgs
[0.167s] [ 76%] Built target msgs__py
[0.185s] [ 84%] Built target msgs__rosidl_generator_py
[0.205s] [ 89%] Built target msgs__rosidl_typesupport_c__pyext
[0.206s] [100%] Built target msgs__rosidl_typesupport_introspection_c__pyext
[0.206s] [100%] Built target msgs__rosidl_typesupport_fastrtps_c__pyext
[0.329s] running egg_info
[0.330s] writing msgs.egg-info/PKG-INFO
[0.331s] writing dependency_links to msgs.egg-info/dependency_links.txt
[0.331s] writing top-level names to msgs.egg-info/top_level.txt
[0.333s] reading manifest file 'msgs.egg-info/SOURCES.txt'
[0.333s] writing manifest file 'msgs.egg-info/SOURCES.txt'
[0.364s] [100%] Built target ament_cmake_python_build_msgs_egg
[0.375s] Invoked command in '/ros2_ws/build/msgs' returned '0': CMAKE_PREFIX_PATH=${CMAKE_PREFIX_PATH}:/ros2_ws/install/courseworks_2:/opt/ros/humble /usr/bin/cmake --build /ros2_ws/build/msgs -- -j16 -l16
[0.459s] Invoking command in '/ros2_ws/build/msgs': CMAKE_PREFIX_PATH=${CMAKE_PREFIX_PATH}:/ros2_ws/install/courseworks_2:/opt/ros/humble /usr/bin/cmake --install /ros2_ws/build/msgs
[0.465s] -- Install configuration: ""
[0.465s] -- Up-to-date: /ros2_ws/install/msgs/share/ament_index/resource_index/rosidl_interfaces/msgs
[0.466s] -- Up-to-date: /ros2_ws/install/msgs/include/msgs/msgs
[0.466s] -- Up-to-date: /ros2_ws/install/msgs/include/msgs/msgs/msg
[0.466s] -- Up-to-date: /ros2_ws/install/msgs/include/msgs/msgs/msg/rosidl_generator_c__visibility_control.h
[0.467s] -- Up-to-date: /ros2_ws/install/msgs/include/msgs/msgs/msg/detail
[0.468s] -- Up-to-date: /ros2_ws/install/msgs/include/msgs/msgs/msg/detail/signal_params__functions.h
[0.468s] -- Up-to-date: /ros2_ws/install/msgs/include/msgs/msgs/msg/detail/signal_params__type_support.h
[0.468s] -- Up-to-date: /ros2_ws/install/msgs/include/msgs/msgs/msg/detail/signal_params__functions.c
[0.468s] -- Up-to-date: /ros2_ws/install/msgs/include/msgs/msgs/msg/detail/sphere__functions.h
[0.469s] -- Up-to-date: /ros2_ws/install/msgs/include/msgs/msgs/msg/detail/signal_params__struct.h
[0.469s] -- Up-to-date: /ros2_ws/install/msgs/include/msgs/msgs/msg/detail/sphere__type_support.h
[0.469s] -- Up-to-date: /ros2_ws/install/msgs/include/msgs/msgs/msg/detail/sphere__struct.h
[0.469s] -- Up-to-date: /ros2_ws/install/msgs/include/msgs/msgs/msg/detail/sphere__functions.c
[0.469s] -- Up-to-date: /ros2_ws/install/msgs/include/msgs/msgs/msg/sphere.h
[0.469s] -- Up-to-date: /ros2_ws/install/msgs/include/msgs/msgs/msg/signal_params.h
[0.469s] -- Up-to-date: /ros2_ws/install/msgs/share/msgs/environment/library_path.sh
[0.470s] -- Up-to-date: /ros2_ws/install/msgs/share/msgs/environment/library_path.dsv
[0.470s] -- Up-to-date: /ros2_ws/install/msgs/lib/libmsgs__rosidl_generator_c.so
[0.470s] -- Up-to-date: /ros2_ws/install/msgs/include/msgs/msgs
[0.470s] -- Up-to-date: /ros2_ws/install/msgs/include/msgs/msgs/msg
[0.470s] -- Up-to-date: /ros2_ws/install/msgs/include/msgs/msgs/msg/detail
[0.470s] -- Up-to-date: /ros2_ws/install/msgs/include/msgs/msgs/msg/detail/signal_params__rosidl_typesupport_fastrtps_c.h
[0.471s] -- Up-to-date: /ros2_ws/install/msgs/include/msgs/msgs/msg/detail/sphere__rosidl_typesupport_fastrtps_c.h
[0.471s] -- Up-to-date: /ros2_ws/install/msgs/include/msgs/msgs/msg/rosidl_typesupport_fastrtps_c__visibility_control.h
[0.471s] -- Up-to-date: /ros2_ws/install/msgs/lib/libmsgs__rosidl_typesupport_fastrtps_c.so
[0.472s] -- Up-to-date: /ros2_ws/install/msgs/include/msgs/msgs
[0.472s] -- Up-to-date: /ros2_ws/install/msgs/include/msgs/msgs/msg
[0.472s] -- Up-to-date: /ros2_ws/install/msgs/include/msgs/msgs/msg/detail
[0.472s] -- Up-to-date: /ros2_ws/install/msgs/include/msgs/msgs/msg/detail/sphere__traits.hpp
[0.472s] -- Up-to-date: /ros2_ws/install/msgs/include/msgs/msgs/msg/detail/signal_params__struct.hpp
[0.472s] -- Up-to-date: /ros2_ws/install/msgs/include/msgs/msgs/msg/detail/sphere__struct.hpp
[0.472s] -- Up-to-date: /ros2_ws/install/msgs/include/msgs/msgs/msg/detail/signal_params__builder.hpp
[0.472s] -- Up-to-date: /ros2_ws/install/msgs/include/msgs/msgs/msg/detail/sphere__builder.hpp
[0.472s] -- Up-to-date: /ros2_ws/install/msgs/include/msgs/msgs/msg/detail/signal_params__traits.hpp
[0.472s] -- Up-to-date: /ros2_ws/install/msgs/include/msgs/msgs/msg/signal_params.hpp
[0.473s] -- Up-to-date: /ros2_ws/install/msgs/include/msgs/msgs/msg/sphere.hpp
[0.473s] -- Up-to-date: /ros2_ws/install/msgs/include/msgs/msgs
[0.473s] -- Up-to-date: /ros2_ws/install/msgs/include/msgs/msgs/msg
[0.473s] -- Up-to-date: /ros2_ws/install/msgs/include/msgs/msgs/msg/detail
[0.473s] -- Up-to-date: /ros2_ws/install/msgs/include/msgs/msgs/msg/detail/sphere__rosidl_typesupport_fastrtps_cpp.hpp
[0.473s] -- Up-to-date: /ros2_ws/install/msgs/include/msgs/msgs/msg/detail/dds_fastrtps
[0.473s] -- Up-to-date: /ros2_ws/install/msgs/include/msgs/msgs/msg/detail/signal_params__rosidl_typesupport_fastrtps_cpp.hpp
[0.473s] -- Up-to-date: /ros2_ws/install/msgs/include/msgs/msgs/msg/rosidl_typesupport_fastrtps_cpp__visibility_control.h
[0.473s] -- Up-to-date: /ros2_ws/install/msgs/lib/libmsgs__rosidl_typesupport_fastrtps_cpp.so
[0.473s] -- Up-to-date: /ros2_ws/install/msgs/include/msgs/msgs
[0.473s] -- Up-to-date: /ros2_ws/install/msgs/include/msgs/msgs/msg
[0.473s] -- Up-to-date: /ros2_ws/install/msgs/include/msgs/msgs/msg/detail
[0.473s] -- Up-to-date: /ros2_ws/install/msgs/include/msgs/msgs/msg/detail/signal_params__rosidl_typesupport_introspection_c.h
[0.473s] -- Up-to-date: /ros2_ws/install/msgs/include/msgs/msgs/msg/detail/signal_params__type_support.c
[0.473s] -- Up-to-date: /ros2_ws/install/msgs/include/msgs/msgs/msg/detail/sphere__type_support.c
[0.474s] -- Up-to-date: /ros2_ws/install/msgs/include/msgs/msgs/msg/detail/sphere__rosidl_typesupport_introspection_c.h
[0.474s] -- Up-to-date: /ros2_ws/install/msgs/include/msgs/msgs/msg/rosidl_typesupport_introspection_c__visibility_control.h
[0.474s] -- Up-to-date: /ros2_ws/install/msgs/lib/libmsgs__rosidl_typesupport_introspection_c.so
[0.474s] -- Up-to-date: /ros2_ws/install/msgs/lib/libmsgs__rosidl_typesupport_c.so
[0.474s] -- Up-to-date: /ros2_ws/install/msgs/include/msgs/msgs
[0.474s] -- Up-to-date: /ros2_ws/install/msgs/include/msgs/msgs/msg
[0.474s] -- Up-to-date: /ros2_ws/install/msgs/include/msgs/msgs/msg/detail
[0.474s] -- Up-to-date: /ros2_ws/install/msgs/include/msgs/msgs/msg/detail/sphere__rosidl_typesupport_introspection_cpp.hpp
[0.474s] -- Up-to-date: /ros2_ws/install/msgs/include/msgs/msgs/msg/detail/sphere__type_support.cpp
[0.474s] -- Up-to-date: /ros2_ws/install/msgs/include/msgs/msgs/msg/detail/signal_params__type_support.cpp
[0.474s] -- Up-to-date: /ros2_ws/install/msgs/include/msgs/msgs/msg/detail/signal_params__rosidl_typesupport_introspection_cpp.hpp
[0.474s] -- Up-to-date: /ros2_ws/install/msgs/lib/libmsgs__rosidl_typesupport_introspection_cpp.so
[0.474s] -- Up-to-date: /ros2_ws/install/msgs/lib/libmsgs__rosidl_typesupport_cpp.so
[0.474s] -- Up-to-date: /ros2_ws/install/msgs/share/msgs/environment/pythonpath.sh
[0.474s] -- Up-to-date: /ros2_ws/install/msgs/share/msgs/environment/pythonpath.dsv
[0.474s] -- Up-to-date: /ros2_ws/install/msgs/local/lib/python3.10/dist-packages/msgs-0.0.0-py3.10.egg-info
[0.474s] -- Installing: /ros2_ws/install/msgs/local/lib/python3.10/dist-packages/msgs-0.0.0-py3.10.egg-info/top_level.txt
[0.475s] -- Installing: /ros2_ws/install/msgs/local/lib/python3.10/dist-packages/msgs-0.0.0-py3.10.egg-info/SOURCES.txt
[0.475s] -- Installing: /ros2_ws/install/msgs/local/lib/python3.10/dist-packages/msgs-0.0.0-py3.10.egg-info/PKG-INFO
[0.475s] -- Installing: /ros2_ws/install/msgs/local/lib/python3.10/dist-packages/msgs-0.0.0-py3.10.egg-info/dependency_links.txt
[0.475s] -- Up-to-date: /ros2_ws/install/msgs/local/lib/python3.10/dist-packages/msgs
[0.475s] -- Up-to-date: /ros2_ws/install/msgs/local/lib/python3.10/dist-packages/msgs/__init__.py
[0.475s] -- Up-to-date: /ros2_ws/install/msgs/local/lib/python3.10/dist-packages/msgs/_msgs_s.ep.rosidl_typesupport_introspection_c.c
[0.475s] -- Up-to-date: /ros2_ws/install/msgs/local/lib/python3.10/dist-packages/msgs/msgs_s__rosidl_typesupport_fastrtps_c.cpython-310-x86_64-linux-gnu.so
[0.475s] -- Up-to-date: /ros2_ws/install/msgs/local/lib/python3.10/dist-packages/msgs/msgs_s__rosidl_typesupport_introspection_c.cpython-310-x86_64-linux-gnu.so
[0.475s] -- Up-to-date: /ros2_ws/install/msgs/local/lib/python3.10/dist-packages/msgs/msg
[0.475s] -- Up-to-date: /ros2_ws/install/msgs/local/lib/python3.10/dist-packages/msgs/msg/_sphere.py
[0.475s] -- Up-to-date: /ros2_ws/install/msgs/local/lib/python3.10/dist-packages/msgs/msg/_signal_params_s.c
[0.475s] -- Up-to-date: /ros2_ws/install/msgs/local/lib/python3.10/dist-packages/msgs/msg/__init__.py
[0.475s] -- Up-to-date: /ros2_ws/install/msgs/local/lib/python3.10/dist-packages/msgs/msg/_sphere_s.c
[0.475s] -- Up-to-date: /ros2_ws/install/msgs/local/lib/python3.10/dist-packages/msgs/msg/_signal_params.py
[0.475s] -- Up-to-date: /ros2_ws/install/msgs/local/lib/python3.10/dist-packages/msgs/_msgs_s.ep.rosidl_typesupport_fastrtps_c.c
[0.476s] -- Up-to-date: /ros2_ws/install/msgs/local/lib/python3.10/dist-packages/msgs/libmsgs__rosidl_generator_py.so
[0.476s] -- Up-to-date: /ros2_ws/install/msgs/local/lib/python3.10/dist-packages/msgs/msgs_s__rosidl_typesupport_c.cpython-310-x86_64-linux-gnu.so
[0.476s] -- Up-to-date: /ros2_ws/install/msgs/local/lib/python3.10/dist-packages/msgs/_msgs_s.ep.rosidl_typesupport_c.c
[0.502s] Listing '/ros2_ws/install/msgs/local/lib/python3.10/dist-packages/msgs'...
[0.502s] Listing '/ros2_ws/install/msgs/local/lib/python3.10/dist-packages/msgs/msg'...
[0.507s] -- Up-to-date: /ros2_ws/install/msgs/local/lib/python3.10/dist-packages/msgs/msgs_s__rosidl_typesupport_fastrtps_c.cpython-310-x86_64-linux-gnu.so
[0.507s] -- Up-to-date: /ros2_ws/install/msgs/local/lib/python3.10/dist-packages/msgs/msgs_s__rosidl_typesupport_introspection_c.cpython-310-x86_64-linux-gnu.so
[0.508s] -- Up-to-date: /ros2_ws/install/msgs/local/lib/python3.10/dist-packages/msgs/msgs_s__rosidl_typesupport_c.cpython-310-x86_64-linux-gnu.so
[0.508s] -- Up-to-date: /ros2_ws/install/msgs/lib/libmsgs__rosidl_generator_py.so
[0.508s] -- Up-to-date: /ros2_ws/install/msgs/share/msgs/msg/SignalParams.idl
[0.508s] -- Up-to-date: /ros2_ws/install/msgs/share/msgs/msg/Sphere.idl
[0.508s] -- Up-to-date: /ros2_ws/install/msgs/share/msgs/msg/SignalParams.msg
[0.508s] -- Up-to-date: /ros2_ws/install/msgs/share/msgs/msg/Sphere.msg
[0.509s] -- Up-to-date: /ros2_ws/install/msgs/share/ament_index/resource_index/package_run_dependencies/msgs
[0.509s] -- Up-to-date: /ros2_ws/install/msgs/share/ament_index/resource_index/parent_prefix_path/msgs
[0.509s] -- Up-to-date: /ros2_ws/install/msgs/share/msgs/environment/ament_prefix_path.sh
[0.509s] -- Up-to-date: /ros2_ws/install/msgs/share/msgs/environment/ament_prefix_path.dsv
[0.509s] -- Up-to-date: /ros2_ws/install/msgs/share/msgs/environment/path.sh
[0.509s] -- Up-to-date: /ros2_ws/install/msgs/share/msgs/environment/path.dsv
[0.510s] -- Up-to-date: /ros2_ws/install/msgs/share/msgs/local_setup.bash
[0.510s] -- Up-to-date: /ros2_ws/install/msgs/share/msgs/local_setup.sh
[0.510s] -- Up-to-date: /ros2_ws/install/msgs/share/msgs/local_setup.zsh
[0.510s] -- Up-to-date: /ros2_ws/install/msgs/share/msgs/local_setup.dsv
[0.510s] -- Installing: /ros2_ws/install/msgs/share/msgs/package.dsv
[0.510s] -- Up-to-date: /ros2_ws/install/msgs/share/ament_index/resource_index/packages/msgs
[0.510s] -- Up-to-date: /ros2_ws/install/msgs/share/msgs/cmake/export_msgs__rosidl_generator_cExport.cmake
[0.510s] -- Up-to-date: /ros2_ws/install/msgs/share/msgs/cmake/export_msgs__rosidl_generator_cExport-noconfig.cmake
[0.511s] -- Up-to-date: /ros2_ws/install/msgs/share/msgs/cmake/export_msgs__rosidl_typesupport_fastrtps_cExport.cmake
[0.511s] -- Up-to-date: /ros2_ws/install/msgs/share/msgs/cmake/export_msgs__rosidl_typesupport_fastrtps_cExport-noconfig.cmake
[0.511s] -- Up-to-date: /ros2_ws/install/msgs/share/msgs/cmake/export_msgs__rosidl_generator_cppExport.cmake
[0.512s] -- Up-to-date: /ros2_ws/install/msgs/share/msgs/cmake/export_msgs__rosidl_typesupport_fastrtps_cppExport.cmake
[0.512s] -- Up-to-date: /ros2_ws/install/msgs/share/msgs/cmake/export_msgs__rosidl_typesupport_fastrtps_cppExport-noconfig.cmake
[0.512s] -- Up-to-date: /ros2_ws/install/msgs/share/msgs/cmake/msgs__rosidl_typesupport_introspection_cExport.cmake
[0.512s] -- Up-to-date: /ros2_ws/install/msgs/share/msgs/cmake/msgs__rosidl_typesupport_introspection_cExport-noconfig.cmake
[0.512s] -- Up-to-date: /ros2_ws/install/msgs/share/msgs/cmake/msgs__rosidl_typesupport_cExport.cmake
[0.512s] -- Up-to-date: /ros2_ws/install/msgs/share/msgs/cmake/msgs__rosidl_typesupport_cExport-noconfig.cmake
[0.512s] -- Up-to-date: /ros2_ws/install/msgs/share/msgs/cmake/msgs__rosidl_typesupport_introspection_cppExport.cmake
[0.512s] -- Up-to-date: /ros2_ws/install/msgs/share/msgs/cmake/msgs__rosidl_typesupport_introspection_cppExport-noconfig.cmake
[0.512s] -- Up-to-date: /ros2_ws/install/msgs/share/msgs/cmake/msgs__rosidl_typesupport_cppExport.cmake
[0.512s] -- Up-to-date: /ros2_ws/install/msgs/share/msgs/cmake/msgs__rosidl_typesupport_cppExport-noconfig.cmake
[0.512s] -- Up-to-date: /ros2_ws/install/msgs/share/msgs/cmake/export_msgs__rosidl_generator_pyExport.cmake
[0.513s] -- Up-to-date: /ros2_ws/install/msgs/share/msgs/cmake/export_msgs__rosidl_generator_pyExport-noconfig.cmake
[0.513s] -- Up-to-date: /ros2_ws/install/msgs/share/msgs/cmake/rosidl_cmake-extras.cmake
[0.513s] -- Up-to-date: /ros2_ws/install/msgs/share/msgs/cmake/ament_cmake_export_dependencies-extras.cmake
[0.513s] -- Up-to-date: /ros2_ws/install/msgs/share/msgs/cmake/ament_cmake_export_include_directories-extras.cmake
[0.513s] -- Up-to-date: /ros2_ws/install/msgs/share/msgs/cmake/ament_cmake_export_libraries-extras.cmake
[0.513s] -- Up-to-date: /ros2_ws/install/msgs/share/msgs/cmake/ament_cmake_export_targets-extras.cmake
[0.515s] -- Up-to-date: /ros2_ws/install/msgs/share/msgs/cmake/rosidl_cmake_export_typesupport_targets-extras.cmake
[0.516s] -- Up-to-date: /ros2_ws/install/msgs/share/msgs/cmake/rosidl_cmake_export_typesupport_libraries-extras.cmake
[0.517s] -- Up-to-date: /ros2_ws/install/msgs/share/msgs/cmake/msgsConfig.cmake
[0.517s] -- Up-to-date: /ros2_ws/install/msgs/share/msgs/cmake/msgsConfig-version.cmake
[0.518s] -- Up-to-date: /ros2_ws/install/msgs/share/msgs/package.xml
[0.518s] Invoked command in '/ros2_ws/build/msgs' returned '0': CMAKE_PREFIX_PATH=${CMAKE_PREFIX_PATH}:/ros2_ws/install/courseworks_2:/opt/ros/humble /usr/bin/cmake --install /ros2_ws/build/msgs
