[  2%] Built target msgs__cpp
[ 12%] Built target msgs__rosidl_generator_c
[ 12%] Built target ament_cmake_python_copy_msgs
[ 33%] Built target msgs__rosidl_typesupport_cpp
[ 33%] Built target msgs__rosidl_typesupport_fastrtps_cpp
[ 43%] Built target msgs__rosidl_typesupport_introspection_cpp
[ 53%] Built target msgs__rosidl_typesupport_c
[ 64%] Built target msgs__rosidl_typesupport_introspection_c
[ 74%] Built target msgs__rosidl_typesupport_fastrtps_c
[ 74%] Built target msgs
[ 76%] Built target msgs__py
[ 84%] Built target msgs__rosidl_generator_py
[ 94%] Built target msgs__rosidl_typesupport_fastrtps_c__pyext
[ 94%] Built target msgs__rosidl_typesupport_introspection_c__pyext
[100%] Built target msgs__rosidl_typesupport_c__pyext
running egg_info
writing msgs.egg-info/PKG-INFO
writing dependency_links to msgs.egg-info/dependency_links.txt
writing top-level names to msgs.egg-info/top_level.txt
reading manifest file 'msgs.egg-info/SOURCES.txt'
writing manifest file 'msgs.egg-info/SOURCES.txt'
[100%] Built target ament_cmake_python_build_msgs_egg
-- Install configuration: ""
-- Up-to-date: /ros2_ws/install/msgs/share/ament_index/resource_index/rosidl_interfaces/msgs
-- Up-to-date: /ros2_ws/install/msgs/include/msgs/msgs
-- Up-to-date: /ros2_ws/install/msgs/include/msgs/msgs/msg
-- Up-to-date: /ros2_ws/install/msgs/include/msgs/msgs/msg/rosidl_generator_c__visibility_control.h
-- Up-to-date: /ros2_ws/install/msgs/include/msgs/msgs/msg/detail
-- Up-to-date: /ros2_ws/install/msgs/include/msgs/msgs/msg/detail/signal_params__functions.h
-- Up-to-date: /ros2_ws/install/msgs/include/msgs/msgs/msg/detail/signal_params__type_support.h
-- Up-to-date: /ros2_ws/install/msgs/include/msgs/msgs/msg/detail/signal_params__functions.c
-- Up-to-date: /ros2_ws/install/msgs/include/msgs/msgs/msg/detail/sphere__functions.h
-- Up-to-date: /ros2_ws/install/msgs/include/msgs/msgs/msg/detail/signal_params__struct.h
-- Up-to-date: /ros2_ws/install/msgs/include/msgs/msgs/msg/detail/sphere__type_support.h
-- Up-to-date: /ros2_ws/install/msgs/include/msgs/msgs/msg/detail/sphere__struct.h
-- Up-to-date: /ros2_ws/install/msgs/include/msgs/msgs/msg/detail/sphere__functions.c
-- Up-to-date: /ros2_ws/install/msgs/include/msgs/msgs/msg/sphere.h
-- Up-to-date: /ros2_ws/install/msgs/include/msgs/msgs/msg/signal_params.h
-- Up-to-date: /ros2_ws/install/msgs/share/msgs/environment/library_path.sh
-- Up-to-date: /ros2_ws/install/msgs/share/msgs/environment/library_path.dsv
-- Up-to-date: /ros2_ws/install/msgs/lib/libmsgs__rosidl_generator_c.so
-- Up-to-date: /ros2_ws/install/msgs/include/msgs/msgs
-- Up-to-date: /ros2_ws/install/msgs/include/msgs/msgs/msg
-- Up-to-date: /ros2_ws/install/msgs/include/msgs/msgs/msg/detail
-- Up-to-date: /ros2_ws/install/msgs/include/msgs/msgs/msg/detail/signal_params__rosidl_typesupport_fastrtps_c.h
-- Up-to-date: /ros2_ws/install/msgs/include/msgs/msgs/msg/detail/sphere__rosidl_typesupport_fastrtps_c.h
-- Up-to-date: /ros2_ws/install/msgs/include/msgs/msgs/msg/rosidl_typesupport_fastrtps_c__visibility_control.h
-- Up-to-date: /ros2_ws/install/msgs/lib/libmsgs__rosidl_typesupport_fastrtps_c.so
-- Up-to-date: /ros2_ws/install/msgs/include/msgs/msgs
-- Up-to-date: /ros2_ws/install/msgs/include/msgs/msgs/msg
-- Up-to-date: /ros2_ws/install/msgs/include/msgs/msgs/msg/detail
-- Up-to-date: /ros2_ws/install/msgs/include/msgs/msgs/msg/detail/sphere__traits.hpp
-- Up-to-date: /ros2_ws/install/msgs/include/msgs/msgs/msg/detail/signal_params__struct.hpp
-- Up-to-date: /ros2_ws/install/msgs/include/msgs/msgs/msg/detail/sphere__struct.hpp
-- Up-to-date: /ros2_ws/install/msgs/include/msgs/msgs/msg/detail/signal_params__builder.hpp
-- Up-to-date: /ros2_ws/install/msgs/include/msgs/msgs/msg/detail/sphere__builder.hpp
-- Up-to-date: /ros2_ws/install/msgs/include/msgs/msgs/msg/detail/signal_params__traits.hpp
-- Up-to-date: /ros2_ws/install/msgs/include/msgs/msgs/msg/signal_params.hpp
-- Up-to-date: /ros2_ws/install/msgs/include/msgs/msgs/msg/sphere.hpp
-- Up-to-date: /ros2_ws/install/msgs/include/msgs/msgs
-- Up-to-date: /ros2_ws/install/msgs/include/msgs/msgs/msg
-- Up-to-date: /ros2_ws/install/msgs/include/msgs/msgs/msg/detail
-- Up-to-date: /ros2_ws/install/msgs/include/msgs/msgs/msg/detail/sphere__rosidl_typesupport_fastrtps_cpp.hpp
-- Up-to-date: /ros2_ws/install/msgs/include/msgs/msgs/msg/detail/dds_fastrtps
-- Up-to-date: /ros2_ws/install/msgs/include/msgs/msgs/msg/detail/signal_params__rosidl_typesupport_fastrtps_cpp.hpp
-- Up-to-date: /ros2_ws/install/msgs/include/msgs/msgs/msg/rosidl_typesupport_fastrtps_cpp__visibility_control.h
-- Up-to-date: /ros2_ws/install/msgs/lib/libmsgs__rosidl_typesupport_fastrtps_cpp.so
-- Up-to-date: /ros2_ws/install/msgs/include/msgs/msgs
-- Up-to-date: /ros2_ws/install/msgs/include/msgs/msgs/msg
-- Up-to-date: /ros2_ws/install/msgs/include/msgs/msgs/msg/detail
-- Up-to-date: /ros2_ws/install/msgs/include/msgs/msgs/msg/detail/signal_params__rosidl_typesupport_introspection_c.h
-- Up-to-date: /ros2_ws/install/msgs/include/msgs/msgs/msg/detail/signal_params__type_support.c
-- Up-to-date: /ros2_ws/install/msgs/include/msgs/msgs/msg/detail/sphere__type_support.c
-- Up-to-date: /ros2_ws/install/msgs/include/msgs/msgs/msg/detail/sphere__rosidl_typesupport_introspection_c.h
-- Up-to-date: /ros2_ws/install/msgs/include/msgs/msgs/msg/rosidl_typesupport_introspection_c__visibility_control.h
-- Up-to-date: /ros2_ws/install/msgs/lib/libmsgs__rosidl_typesupport_introspection_c.so
-- Up-to-date: /ros2_ws/install/msgs/lib/libmsgs__rosidl_typesupport_c.so
-- Up-to-date: /ros2_ws/install/msgs/include/msgs/msgs
-- Up-to-date: /ros2_ws/install/msgs/include/msgs/msgs/msg
-- Up-to-date: /ros2_ws/install/msgs/include/msgs/msgs/msg/detail
-- Up-to-date: /ros2_ws/install/msgs/include/msgs/msgs/msg/detail/sphere__rosidl_typesupport_introspection_cpp.hpp
-- Up-to-date: /ros2_ws/install/msgs/include/msgs/msgs/msg/detail/sphere__type_support.cpp
-- Up-to-date: /ros2_ws/install/msgs/include/msgs/msgs/msg/detail/signal_params__type_support.cpp
-- Up-to-date: /ros2_ws/install/msgs/include/msgs/msgs/msg/detail/signal_params__rosidl_typesupport_introspection_cpp.hpp
-- Up-to-date: /ros2_ws/install/msgs/lib/libmsgs__rosidl_typesupport_introspection_cpp.so
-- Up-to-date: /ros2_ws/install/msgs/lib/libmsgs__rosidl_typesupport_cpp.so
-- Up-to-date: /ros2_ws/install/msgs/share/msgs/environment/pythonpath.sh
-- Up-to-date: /ros2_ws/install/msgs/share/msgs/environment/pythonpath.dsv
-- Up-to-date: /ros2_ws/install/msgs/local/lib/python3.10/dist-packages/msgs-0.0.0-py3.10.egg-info
-- Installing: /ros2_ws/install/msgs/local/lib/python3.10/dist-packages/msgs-0.0.0-py3.10.egg-info/top_level.txt
-- Installing: /ros2_ws/install/msgs/local/lib/python3.10/dist-packages/msgs-0.0.0-py3.10.egg-info/SOURCES.txt
-- Installing: /ros2_ws/install/msgs/local/lib/python3.10/dist-packages/msgs-0.0.0-py3.10.egg-info/PKG-INFO
-- Installing: /ros2_ws/install/msgs/local/lib/python3.10/dist-packages/msgs-0.0.0-py3.10.egg-info/dependency_links.txt
-- Up-to-date: /ros2_ws/install/msgs/local/lib/python3.10/dist-packages/msgs
-- Up-to-date: /ros2_ws/install/msgs/local/lib/python3.10/dist-packages/msgs/__init__.py
-- Up-to-date: /ros2_ws/install/msgs/local/lib/python3.10/dist-packages/msgs/_msgs_s.ep.rosidl_typesupport_introspection_c.c
-- Up-to-date: /ros2_ws/install/msgs/local/lib/python3.10/dist-packages/msgs/msgs_s__rosidl_typesupport_fastrtps_c.cpython-310-x86_64-linux-gnu.so
-- Up-to-date: /ros2_ws/install/msgs/local/lib/python3.10/dist-packages/msgs/msgs_s__rosidl_typesupport_introspection_c.cpython-310-x86_64-linux-gnu.so
-- Up-to-date: /ros2_ws/install/msgs/local/lib/python3.10/dist-packages/msgs/msg
-- Up-to-date: /ros2_ws/install/msgs/local/lib/python3.10/dist-packages/msgs/msg/_sphere.py
-- Up-to-date: /ros2_ws/install/msgs/local/lib/python3.10/dist-packages/msgs/msg/_signal_params_s.c
-- Up-to-date: /ros2_ws/install/msgs/local/lib/python3.10/dist-packages/msgs/msg/__init__.py
-- Up-to-date: /ros2_ws/install/msgs/local/lib/python3.10/dist-packages/msgs/msg/_sphere_s.c
-- Up-to-date: /ros2_ws/install/msgs/local/lib/python3.10/dist-packages/msgs/msg/_signal_params.py
-- Up-to-date: /ros2_ws/install/msgs/local/lib/python3.10/dist-packages/msgs/_msgs_s.ep.rosidl_typesupport_fastrtps_c.c
-- Up-to-date: /ros2_ws/install/msgs/local/lib/python3.10/dist-packages/msgs/libmsgs__rosidl_generator_py.so
-- Up-to-date: /ros2_ws/install/msgs/local/lib/python3.10/dist-packages/msgs/msgs_s__rosidl_typesupport_c.cpython-310-x86_64-linux-gnu.so
-- Up-to-date: /ros2_ws/install/msgs/local/lib/python3.10/dist-packages/msgs/_msgs_s.ep.rosidl_typesupport_c.c
Listing '/ros2_ws/install/msgs/local/lib/python3.10/dist-packages/msgs'...
Listing '/ros2_ws/install/msgs/local/lib/python3.10/dist-packages/msgs/msg'...
-- Up-to-date: /ros2_ws/install/msgs/local/lib/python3.10/dist-packages/msgs/msgs_s__rosidl_typesupport_fastrtps_c.cpython-310-x86_64-linux-gnu.so
-- Up-to-date: /ros2_ws/install/msgs/local/lib/python3.10/dist-packages/msgs/msgs_s__rosidl_typesupport_introspection_c.cpython-310-x86_64-linux-gnu.so
-- Up-to-date: /ros2_ws/install/msgs/local/lib/python3.10/dist-packages/msgs/msgs_s__rosidl_typesupport_c.cpython-310-x86_64-linux-gnu.so
-- Up-to-date: /ros2_ws/install/msgs/lib/libmsgs__rosidl_generator_py.so
-- Up-to-date: /ros2_ws/install/msgs/share/msgs/msg/SignalParams.idl
-- Up-to-date: /ros2_ws/install/msgs/share/msgs/msg/Sphere.idl
-- Up-to-date: /ros2_ws/install/msgs/share/msgs/msg/SignalParams.msg
-- Up-to-date: /ros2_ws/install/msgs/share/msgs/msg/Sphere.msg
-- Up-to-date: /ros2_ws/install/msgs/share/ament_index/resource_index/package_run_dependencies/msgs
-- Up-to-date: /ros2_ws/install/msgs/share/ament_index/resource_index/parent_prefix_path/msgs
-- Up-to-date: /ros2_ws/install/msgs/share/msgs/environment/ament_prefix_path.sh
-- Up-to-date: /ros2_ws/install/msgs/share/msgs/environment/ament_prefix_path.dsv
-- Up-to-date: /ros2_ws/install/msgs/share/msgs/environment/path.sh
-- Up-to-date: /ros2_ws/install/msgs/share/msgs/environment/path.dsv
-- Up-to-date: /ros2_ws/install/msgs/share/msgs/local_setup.bash
-- Up-to-date: /ros2_ws/install/msgs/share/msgs/local_setup.sh
-- Up-to-date: /ros2_ws/install/msgs/share/msgs/local_setup.zsh
-- Up-to-date: /ros2_ws/install/msgs/share/msgs/local_setup.dsv
-- Installing: /ros2_ws/install/msgs/share/msgs/package.dsv
-- Up-to-date: /ros2_ws/install/msgs/share/ament_index/resource_index/packages/msgs
-- Up-to-date: /ros2_ws/install/msgs/share/msgs/cmake/export_msgs__rosidl_generator_cExport.cmake
-- Up-to-date: /ros2_ws/install/msgs/share/msgs/cmake/export_msgs__rosidl_generator_cExport-noconfig.cmake
-- Up-to-date: /ros2_ws/install/msgs/share/msgs/cmake/export_msgs__rosidl_typesupport_fastrtps_cExport.cmake
-- Up-to-date: /ros2_ws/install/msgs/share/msgs/cmake/export_msgs__rosidl_typesupport_fastrtps_cExport-noconfig.cmake
-- Up-to-date: /ros2_ws/install/msgs/share/msgs/cmake/export_msgs__rosidl_generator_cppExport.cmake
-- Up-to-date: /ros2_ws/install/msgs/share/msgs/cmake/export_msgs__rosidl_typesupport_fastrtps_cppExport.cmake
-- Up-to-date: /ros2_ws/install/msgs/share/msgs/cmake/export_msgs__rosidl_typesupport_fastrtps_cppExport-noconfig.cmake
-- Up-to-date: /ros2_ws/install/msgs/share/msgs/cmake/msgs__rosidl_typesupport_introspection_cExport.cmake
-- Up-to-date: /ros2_ws/install/msgs/share/msgs/cmake/msgs__rosidl_typesupport_introspection_cExport-noconfig.cmake
-- Up-to-date: /ros2_ws/install/msgs/share/msgs/cmake/msgs__rosidl_typesupport_cExport.cmake
-- Up-to-date: /ros2_ws/install/msgs/share/msgs/cmake/msgs__rosidl_typesupport_cExport-noconfig.cmake
-- Up-to-date: /ros2_ws/install/msgs/share/msgs/cmake/msgs__rosidl_typesupport_introspection_cppExport.cmake
-- Up-to-date: /ros2_ws/install/msgs/share/msgs/cmake/msgs__rosidl_typesupport_introspection_cppExport-noconfig.cmake
-- Up-to-date: /ros2_ws/install/msgs/share/msgs/cmake/msgs__rosidl_typesupport_cppExport.cmake
-- Up-to-date: /ros2_ws/install/msgs/share/msgs/cmake/msgs__rosidl_typesupport_cppExport-noconfig.cmake
-- Up-to-date: /ros2_ws/install/msgs/share/msgs/cmake/export_msgs__rosidl_generator_pyExport.cmake
-- Up-to-date: /ros2_ws/install/msgs/share/msgs/cmake/export_msgs__rosidl_generator_pyExport-noconfig.cmake
-- Up-to-date: /ros2_ws/install/msgs/share/msgs/cmake/rosidl_cmake-extras.cmake
-- Up-to-date: /ros2_ws/install/msgs/share/msgs/cmake/ament_cmake_export_dependencies-extras.cmake
-- Up-to-date: /ros2_ws/install/msgs/share/msgs/cmake/ament_cmake_export_include_directories-extras.cmake
-- Up-to-date: /ros2_ws/install/msgs/share/msgs/cmake/ament_cmake_export_libraries-extras.cmake
-- Up-to-date: /ros2_ws/install/msgs/share/msgs/cmake/ament_cmake_export_targets-extras.cmake
-- Up-to-date: /ros2_ws/install/msgs/share/msgs/cmake/rosidl_cmake_export_typesupport_targets-extras.cmake
-- Up-to-date: /ros2_ws/install/msgs/share/msgs/cmake/rosidl_cmake_export_typesupport_libraries-extras.cmake
-- Up-to-date: /ros2_ws/install/msgs/share/msgs/cmake/msgsConfig.cmake
-- Up-to-date: /ros2_ws/install/msgs/share/msgs/cmake/msgsConfig-version.cmake
-- Up-to-date: /ros2_ws/install/msgs/share/msgs/package.xml
