[0.255s] Invoking command in '/ros2_ws/build/msgs': CMAKE_PREFIX_PATH=${CMAKE_PREFIX_PATH}:/ros2_ws/install/courseworks_2:/opt/ros/humble /usr/bin/cmake --build /ros2_ws/build/msgs -- -j16 -l16
[0.373s] [  2%] Built target msgs__cpp
[0.380s] [ 12%] Built target msgs__rosidl_generator_c
[0.407s] [ 12%] Built target ament_cmake_python_copy_msgs
[0.450s] [ 33%] Built target msgs__rosidl_typesupport_cpp
[0.450s] [ 33%] Built target msgs__rosidl_typesupport_fastrtps_cpp
[0.451s] [ 43%] Built target msgs__rosidl_typesupport_introspection_cpp
[0.453s] [ 53%] Built target msgs__rosidl_typesupport_c
[0.455s] [ 64%] Built target msgs__rosidl_typesupport_introspection_c
[0.459s] [ 74%] Built target msgs__rosidl_typesupport_fastrtps_c
[0.519s] [ 74%] Built target msgs
[0.572s] [ 76%] Built target msgs__py
[0.626s] [ 84%] Built target msgs__rosidl_generator_py
[0.691s] [ 94%] Built target msgs__rosidl_typesupport_fastrtps_c__pyext
[0.691s] [ 94%] Built target msgs__rosidl_typesupport_introspection_c__pyext
[0.696s] [100%] Built target msgs__rosidl_typesupport_c__pyext
[1.210s] running egg_info
[1.212s] writing msgs.egg-info/PKG-INFO
[1.213s] writing dependency_links to msgs.egg-info/dependency_links.txt
[1.215s] writing top-level names to msgs.egg-info/top_level.txt
[1.224s] reading manifest file 'msgs.egg-info/SOURCES.txt'
[1.227s] writing manifest file 'msgs.egg-info/SOURCES.txt'
[1.298s] [100%] Built target ament_cmake_python_build_msgs_egg
[1.328s] Invoked command in '/ros2_ws/build/msgs' returned '0': CMAKE_PREFIX_PATH=${CMAKE_PREFIX_PATH}:/ros2_ws/install/courseworks_2:/opt/ros/humble /usr/bin/cmake --build /ros2_ws/build/msgs -- -j16 -l16
[1.572s] Invoking command in '/ros2_ws/build/msgs': CMAKE_PREFIX_PATH=${CMAKE_PREFIX_PATH}:/ros2_ws/install/courseworks_2:/opt/ros/humble /usr/bin/cmake --install /ros2_ws/build/msgs
[1.590s] -- Install configuration: ""
[1.591s] -- Up-to-date: /ros2_ws/install/msgs/share/ament_index/resource_index/rosidl_interfaces/msgs
[1.592s] -- Up-to-date: /ros2_ws/install/msgs/include/msgs/msgs
[1.593s] -- Up-to-date: /ros2_ws/install/msgs/include/msgs/msgs/msg
[1.594s] -- Up-to-date: /ros2_ws/install/msgs/include/msgs/msgs/msg/rosidl_generator_c__visibility_control.h
[1.594s] -- Up-to-date: /ros2_ws/install/msgs/include/msgs/msgs/msg/detail
[1.595s] -- Up-to-date: /ros2_ws/install/msgs/include/msgs/msgs/msg/detail/signal_params__functions.h
[1.596s] -- Up-to-date: /ros2_ws/install/msgs/include/msgs/msgs/msg/detail/signal_params__type_support.h
[1.597s] -- Up-to-date: /ros2_ws/install/msgs/include/msgs/msgs/msg/detail/signal_params__functions.c
[1.599s] -- Up-to-date: /ros2_ws/install/msgs/include/msgs/msgs/msg/detail/sphere__functions.h
[1.600s] -- Up-to-date: /ros2_ws/install/msgs/include/msgs/msgs/msg/detail/signal_params__struct.h
[1.601s] -- Up-to-date: /ros2_ws/install/msgs/include/msgs/msgs/msg/detail/sphere__type_support.h
[1.602s] -- Up-to-date: /ros2_ws/install/msgs/include/msgs/msgs/msg/detail/sphere__struct.h
[1.604s] -- Up-to-date: /ros2_ws/install/msgs/include/msgs/msgs/msg/detail/sphere__functions.c
[1.606s] -- Up-to-date: /ros2_ws/install/msgs/include/msgs/msgs/msg/sphere.h
[1.608s] -- Up-to-date: /ros2_ws/install/msgs/include/msgs/msgs/msg/signal_params.h
[1.610s] -- Up-to-date: /ros2_ws/install/msgs/share/msgs/environment/library_path.sh
[1.611s] -- Up-to-date: /ros2_ws/install/msgs/share/msgs/environment/library_path.dsv
[1.612s] -- Up-to-date: /ros2_ws/install/msgs/lib/libmsgs__rosidl_generator_c.so
[1.613s] -- Up-to-date: /ros2_ws/install/msgs/include/msgs/msgs
[1.613s] -- Up-to-date: /ros2_ws/install/msgs/include/msgs/msgs/msg
[1.614s] -- Up-to-date: /ros2_ws/install/msgs/include/msgs/msgs/msg/detail
[1.614s] -- Up-to-date: /ros2_ws/install/msgs/include/msgs/msgs/msg/detail/signal_params__rosidl_typesupport_fastrtps_c.h
[1.615s] -- Up-to-date: /ros2_ws/install/msgs/include/msgs/msgs/msg/detail/sphere__rosidl_typesupport_fastrtps_c.h
[1.616s] -- Up-to-date: /ros2_ws/install/msgs/include/msgs/msgs/msg/rosidl_typesupport_fastrtps_c__visibility_control.h
[1.616s] -- Up-to-date: /ros2_ws/install/msgs/lib/libmsgs__rosidl_typesupport_fastrtps_c.so
[1.617s] -- Up-to-date: /ros2_ws/install/msgs/include/msgs/msgs
[1.618s] -- Up-to-date: /ros2_ws/install/msgs/include/msgs/msgs/msg
[1.619s] -- Up-to-date: /ros2_ws/install/msgs/include/msgs/msgs/msg/detail
[1.620s] -- Up-to-date: /ros2_ws/install/msgs/include/msgs/msgs/msg/detail/sphere__traits.hpp
[1.620s] -- Up-to-date: /ros2_ws/install/msgs/include/msgs/msgs/msg/detail/signal_params__struct.hpp
[1.621s] -- Up-to-date: /ros2_ws/install/msgs/include/msgs/msgs/msg/detail/sphere__struct.hpp
[1.621s] -- Up-to-date: /ros2_ws/install/msgs/include/msgs/msgs/msg/detail/signal_params__builder.hpp
[1.621s] -- Up-to-date: /ros2_ws/install/msgs/include/msgs/msgs/msg/detail/sphere__builder.hpp
[1.623s] -- Up-to-date: /ros2_ws/install/msgs/include/msgs/msgs/msg/detail/signal_params__traits.hpp
[1.624s] -- Up-to-date: /ros2_ws/install/msgs/include/msgs/msgs/msg/signal_params.hpp
[1.625s] -- Up-to-date: /ros2_ws/install/msgs/include/msgs/msgs/msg/sphere.hpp
[1.625s] -- Up-to-date: /ros2_ws/install/msgs/include/msgs/msgs
[1.625s] -- Up-to-date: /ros2_ws/install/msgs/include/msgs/msgs/msg
[1.626s] -- Up-to-date: /ros2_ws/install/msgs/include/msgs/msgs/msg/detail
[1.626s] -- Up-to-date: /ros2_ws/install/msgs/include/msgs/msgs/msg/detail/sphere__rosidl_typesupport_fastrtps_cpp.hpp
[1.626s] -- Up-to-date: /ros2_ws/install/msgs/include/msgs/msgs/msg/detail/dds_fastrtps
[1.627s] -- Up-to-date: /ros2_ws/install/msgs/include/msgs/msgs/msg/detail/signal_params__rosidl_typesupport_fastrtps_cpp.hpp
[1.627s] -- Up-to-date: /ros2_ws/install/msgs/include/msgs/msgs/msg/rosidl_typesupport_fastrtps_cpp__visibility_control.h
[1.627s] -- Up-to-date: /ros2_ws/install/msgs/lib/libmsgs__rosidl_typesupport_fastrtps_cpp.so
[1.627s] -- Up-to-date: /ros2_ws/install/msgs/include/msgs/msgs
[1.628s] -- Up-to-date: /ros2_ws/install/msgs/include/msgs/msgs/msg
[1.628s] -- Up-to-date: /ros2_ws/install/msgs/include/msgs/msgs/msg/detail
[1.628s] -- Up-to-date: /ros2_ws/install/msgs/include/msgs/msgs/msg/detail/signal_params__rosidl_typesupport_introspection_c.h
[1.629s] -- Up-to-date: /ros2_ws/install/msgs/include/msgs/msgs/msg/detail/signal_params__type_support.c
[1.629s] -- Up-to-date: /ros2_ws/install/msgs/include/msgs/msgs/msg/detail/sphere__type_support.c
[1.629s] -- Up-to-date: /ros2_ws/install/msgs/include/msgs/msgs/msg/detail/sphere__rosidl_typesupport_introspection_c.h
[1.630s] -- Up-to-date: /ros2_ws/install/msgs/include/msgs/msgs/msg/rosidl_typesupport_introspection_c__visibility_control.h
[1.630s] -- Up-to-date: /ros2_ws/install/msgs/lib/libmsgs__rosidl_typesupport_introspection_c.so
[1.631s] -- Up-to-date: /ros2_ws/install/msgs/lib/libmsgs__rosidl_typesupport_c.so
[1.631s] -- Up-to-date: /ros2_ws/install/msgs/include/msgs/msgs
[1.632s] -- Up-to-date: /ros2_ws/install/msgs/include/msgs/msgs/msg
[1.632s] -- Up-to-date: /ros2_ws/install/msgs/include/msgs/msgs/msg/detail
[1.633s] -- Up-to-date: /ros2_ws/install/msgs/include/msgs/msgs/msg/detail/sphere__rosidl_typesupport_introspection_cpp.hpp
[1.633s] -- Up-to-date: /ros2_ws/install/msgs/include/msgs/msgs/msg/detail/sphere__type_support.cpp
[1.633s] -- Up-to-date: /ros2_ws/install/msgs/include/msgs/msgs/msg/detail/signal_params__type_support.cpp
[1.633s] -- Up-to-date: /ros2_ws/install/msgs/include/msgs/msgs/msg/detail/signal_params__rosidl_typesupport_introspection_cpp.hpp
[1.634s] -- Up-to-date: /ros2_ws/install/msgs/lib/libmsgs__rosidl_typesupport_introspection_cpp.so
[1.634s] -- Up-to-date: /ros2_ws/install/msgs/lib/libmsgs__rosidl_typesupport_cpp.so
[1.634s] -- Up-to-date: /ros2_ws/install/msgs/share/msgs/environment/pythonpath.sh
[1.634s] -- Up-to-date: /ros2_ws/install/msgs/share/msgs/environment/pythonpath.dsv
[1.635s] -- Up-to-date: /ros2_ws/install/msgs/local/lib/python3.10/dist-packages/msgs-0.0.0-py3.10.egg-info
[1.635s] -- Installing: /ros2_ws/install/msgs/local/lib/python3.10/dist-packages/msgs-0.0.0-py3.10.egg-info/top_level.txt
[1.635s] -- Installing: /ros2_ws/install/msgs/local/lib/python3.10/dist-packages/msgs-0.0.0-py3.10.egg-info/SOURCES.txt
[1.636s] -- Installing: /ros2_ws/install/msgs/local/lib/python3.10/dist-packages/msgs-0.0.0-py3.10.egg-info/PKG-INFO
[1.636s] -- Installing: /ros2_ws/install/msgs/local/lib/python3.10/dist-packages/msgs-0.0.0-py3.10.egg-info/dependency_links.txt
[1.636s] -- Up-to-date: /ros2_ws/install/msgs/local/lib/python3.10/dist-packages/msgs
[1.637s] -- Up-to-date: /ros2_ws/install/msgs/local/lib/python3.10/dist-packages/msgs/__init__.py
[1.637s] -- Up-to-date: /ros2_ws/install/msgs/local/lib/python3.10/dist-packages/msgs/_msgs_s.ep.rosidl_typesupport_introspection_c.c
[1.637s] -- Up-to-date: /ros2_ws/install/msgs/local/lib/python3.10/dist-packages/msgs/msgs_s__rosidl_typesupport_fastrtps_c.cpython-310-x86_64-linux-gnu.so
[1.637s] -- Up-to-date: /ros2_ws/install/msgs/local/lib/python3.10/dist-packages/msgs/msgs_s__rosidl_typesupport_introspection_c.cpython-310-x86_64-linux-gnu.so
[1.638s] -- Up-to-date: /ros2_ws/install/msgs/local/lib/python3.10/dist-packages/msgs/msg
[1.638s] -- Up-to-date: /ros2_ws/install/msgs/local/lib/python3.10/dist-packages/msgs/msg/_sphere.py
[1.638s] -- Up-to-date: /ros2_ws/install/msgs/local/lib/python3.10/dist-packages/msgs/msg/_signal_params_s.c
[1.638s] -- Up-to-date: /ros2_ws/install/msgs/local/lib/python3.10/dist-packages/msgs/msg/__init__.py
[1.639s] -- Up-to-date: /ros2_ws/install/msgs/local/lib/python3.10/dist-packages/msgs/msg/_sphere_s.c
[1.639s] -- Up-to-date: /ros2_ws/install/msgs/local/lib/python3.10/dist-packages/msgs/msg/_signal_params.py
[1.640s] -- Up-to-date: /ros2_ws/install/msgs/local/lib/python3.10/dist-packages/msgs/_msgs_s.ep.rosidl_typesupport_fastrtps_c.c
[1.640s] -- Up-to-date: /ros2_ws/install/msgs/local/lib/python3.10/dist-packages/msgs/libmsgs__rosidl_generator_py.so
[1.640s] -- Up-to-date: /ros2_ws/install/msgs/local/lib/python3.10/dist-packages/msgs/msgs_s__rosidl_typesupport_c.cpython-310-x86_64-linux-gnu.so
[1.640s] -- Up-to-date: /ros2_ws/install/msgs/local/lib/python3.10/dist-packages/msgs/_msgs_s.ep.rosidl_typesupport_c.c
[1.735s] Listing '/ros2_ws/install/msgs/local/lib/python3.10/dist-packages/msgs'...
[1.736s] Listing '/ros2_ws/install/msgs/local/lib/python3.10/dist-packages/msgs/msg'...
[1.757s] -- Up-to-date: /ros2_ws/install/msgs/local/lib/python3.10/dist-packages/msgs/msgs_s__rosidl_typesupport_fastrtps_c.cpython-310-x86_64-linux-gnu.so
[1.758s] -- Up-to-date: /ros2_ws/install/msgs/local/lib/python3.10/dist-packages/msgs/msgs_s__rosidl_typesupport_introspection_c.cpython-310-x86_64-linux-gnu.so
[1.760s] -- Up-to-date: /ros2_ws/install/msgs/local/lib/python3.10/dist-packages/msgs/msgs_s__rosidl_typesupport_c.cpython-310-x86_64-linux-gnu.so
[1.761s] -- Up-to-date: /ros2_ws/install/msgs/lib/libmsgs__rosidl_generator_py.so
[1.762s] -- Up-to-date: /ros2_ws/install/msgs/share/msgs/msg/SignalParams.idl
[1.763s] -- Up-to-date: /ros2_ws/install/msgs/share/msgs/msg/Sphere.idl
[1.763s] -- Up-to-date: /ros2_ws/install/msgs/share/msgs/msg/SignalParams.msg
[1.764s] -- Up-to-date: /ros2_ws/install/msgs/share/msgs/msg/Sphere.msg
[1.765s] -- Up-to-date: /ros2_ws/install/msgs/share/ament_index/resource_index/package_run_dependencies/msgs
[1.766s] -- Up-to-date: /ros2_ws/install/msgs/share/ament_index/resource_index/parent_prefix_path/msgs
[1.767s] -- Up-to-date: /ros2_ws/install/msgs/share/msgs/environment/ament_prefix_path.sh
[1.767s] -- Up-to-date: /ros2_ws/install/msgs/share/msgs/environment/ament_prefix_path.dsv
[1.767s] -- Up-to-date: /ros2_ws/install/msgs/share/msgs/environment/path.sh
[1.768s] -- Up-to-date: /ros2_ws/install/msgs/share/msgs/environment/path.dsv
[1.768s] -- Up-to-date: /ros2_ws/install/msgs/share/msgs/local_setup.bash
[1.769s] -- Up-to-date: /ros2_ws/install/msgs/share/msgs/local_setup.sh
[1.769s] -- Up-to-date: /ros2_ws/install/msgs/share/msgs/local_setup.zsh
[1.770s] -- Up-to-date: /ros2_ws/install/msgs/share/msgs/local_setup.dsv
[1.770s] -- Installing: /ros2_ws/install/msgs/share/msgs/package.dsv
[1.771s] -- Up-to-date: /ros2_ws/install/msgs/share/ament_index/resource_index/packages/msgs
[1.771s] -- Up-to-date: /ros2_ws/install/msgs/share/msgs/cmake/export_msgs__rosidl_generator_cExport.cmake
[1.771s] -- Up-to-date: /ros2_ws/install/msgs/share/msgs/cmake/export_msgs__rosidl_generator_cExport-noconfig.cmake
[1.771s] -- Up-to-date: /ros2_ws/install/msgs/share/msgs/cmake/export_msgs__rosidl_typesupport_fastrtps_cExport.cmake
[1.772s] -- Up-to-date: /ros2_ws/install/msgs/share/msgs/cmake/export_msgs__rosidl_typesupport_fastrtps_cExport-noconfig.cmake
[1.773s] -- Up-to-date: /ros2_ws/install/msgs/share/msgs/cmake/export_msgs__rosidl_generator_cppExport.cmake
[1.774s] -- Up-to-date: /ros2_ws/install/msgs/share/msgs/cmake/export_msgs__rosidl_typesupport_fastrtps_cppExport.cmake
[1.774s] -- Up-to-date: /ros2_ws/install/msgs/share/msgs/cmake/export_msgs__rosidl_typesupport_fastrtps_cppExport-noconfig.cmake
[1.775s] -- Up-to-date: /ros2_ws/install/msgs/share/msgs/cmake/msgs__rosidl_typesupport_introspection_cExport.cmake
[1.775s] -- Up-to-date: /ros2_ws/install/msgs/share/msgs/cmake/msgs__rosidl_typesupport_introspection_cExport-noconfig.cmake
[1.778s] -- Up-to-date: /ros2_ws/install/msgs/share/msgs/cmake/msgs__rosidl_typesupport_cExport.cmake
[1.778s] -- Up-to-date: /ros2_ws/install/msgs/share/msgs/cmake/msgs__rosidl_typesupport_cExport-noconfig.cmake
[1.779s] -- Up-to-date: /ros2_ws/install/msgs/share/msgs/cmake/msgs__rosidl_typesupport_introspection_cppExport.cmake
[1.780s] -- Up-to-date: /ros2_ws/install/msgs/share/msgs/cmake/msgs__rosidl_typesupport_introspection_cppExport-noconfig.cmake
[1.781s] -- Up-to-date: /ros2_ws/install/msgs/share/msgs/cmake/msgs__rosidl_typesupport_cppExport.cmake
[1.782s] -- Up-to-date: /ros2_ws/install/msgs/share/msgs/cmake/msgs__rosidl_typesupport_cppExport-noconfig.cmake
[1.783s] -- Up-to-date: /ros2_ws/install/msgs/share/msgs/cmake/export_msgs__rosidl_generator_pyExport.cmake
[1.784s] -- Up-to-date: /ros2_ws/install/msgs/share/msgs/cmake/export_msgs__rosidl_generator_pyExport-noconfig.cmake
[1.785s] -- Up-to-date: /ros2_ws/install/msgs/share/msgs/cmake/rosidl_cmake-extras.cmake
[1.785s] -- Up-to-date: /ros2_ws/install/msgs/share/msgs/cmake/ament_cmake_export_dependencies-extras.cmake
[1.786s] -- Up-to-date: /ros2_ws/install/msgs/share/msgs/cmake/ament_cmake_export_include_directories-extras.cmake
[1.786s] -- Up-to-date: /ros2_ws/install/msgs/share/msgs/cmake/ament_cmake_export_libraries-extras.cmake
[1.786s] -- Up-to-date: /ros2_ws/install/msgs/share/msgs/cmake/ament_cmake_export_targets-extras.cmake
[1.787s] -- Up-to-date: /ros2_ws/install/msgs/share/msgs/cmake/rosidl_cmake_export_typesupport_targets-extras.cmake
[1.787s] -- Up-to-date: /ros2_ws/install/msgs/share/msgs/cmake/rosidl_cmake_export_typesupport_libraries-extras.cmake
[1.787s] -- Up-to-date: /ros2_ws/install/msgs/share/msgs/cmake/msgsConfig.cmake
[1.787s] -- Up-to-date: /ros2_ws/install/msgs/share/msgs/cmake/msgsConfig-version.cmake
[1.787s] -- Up-to-date: /ros2_ws/install/msgs/share/msgs/package.xml
[1.791s] Invoked command in '/ros2_ws/build/msgs' returned '0': CMAKE_PREFIX_PATH=${CMAKE_PREFIX_PATH}:/ros2_ws/install/courseworks_2:/opt/ros/humble /usr/bin/cmake --install /ros2_ws/build/msgs
