[0.334s] Invoking command in '/ros2_ws/build/msgs': CMAKE_PREFIX_PATH=/opt/ros/humble /usr/bin/cmake --build /ros2_ws/build/msgs -- -j16 -l16
[0.367s] [35m[1mConsolidate compiler generated dependencies of target msgs__rosidl_generator_c[0m
[0.375s] [  2%] Built target msgs__cpp
[0.377s] [ 12%] Built target msgs__rosidl_generator_c
[0.384s] [ 12%] Built target ament_cmake_python_copy_msgs
[0.387s] [35m[1mConsolidate compiler generated dependencies of target msgs__rosidl_typesupport_cpp[0m
[0.387s] [35m[1mConsolidate compiler generated dependencies of target msgs__rosidl_typesupport_fastrtps_cpp[0m
[0.387s] [35m[1mConsolidate compiler generated dependencies of target msgs__rosidl_typesupport_introspection_cpp[0m
[0.389s] [35m[1mConsolidate compiler generated dependencies of target msgs__rosidl_typesupport_c[0m
[0.389s] [35m[1mConsolidate compiler generated dependencies of target msgs__rosidl_typesupport_introspection_c[0m
[0.389s] [35m[1mConsolidate compiler generated dependencies of target msgs__rosidl_typesupport_fastrtps_c[0m
[0.400s] [ 23%] Built target msgs__rosidl_typesupport_c
[0.402s] [ 33%] Built target msgs__rosidl_typesupport_introspection_c
[0.403s] [ 43%] Built target msgs__rosidl_typesupport_cpp
[0.404s] [ 64%] Built target msgs__rosidl_typesupport_fastrtps_c
[0.404s] [ 64%] Built target msgs__rosidl_typesupport_fastrtps_cpp
[0.405s] [ 74%] Built target msgs__rosidl_typesupport_introspection_cpp
[0.422s] [ 74%] Built target msgs
[0.441s] [ 76%] Built target msgs__py
[0.452s] [35m[1mConsolidate compiler generated dependencies of target msgs__rosidl_generator_py[0m
[0.465s] [ 84%] Built target msgs__rosidl_generator_py
[0.474s] [35m[1mConsolidate compiler generated dependencies of target msgs__rosidl_typesupport_introspection_c__pyext[0m
[0.474s] [35m[1mConsolidate compiler generated dependencies of target msgs__rosidl_typesupport_fastrtps_c__pyext[0m
[0.474s] [35m[1mConsolidate compiler generated dependencies of target msgs__rosidl_typesupport_c__pyext[0m
[0.487s] [100%] Built target msgs__rosidl_typesupport_fastrtps_c__pyext
[0.487s] [100%] Built target msgs__rosidl_typesupport_c__pyext
[0.487s] [100%] Built target msgs__rosidl_typesupport_introspection_c__pyext
[0.627s] running egg_info
[0.629s] writing msgs.egg-info/PKG-INFO
[0.629s] writing dependency_links to msgs.egg-info/dependency_links.txt
[0.629s] writing top-level names to msgs.egg-info/top_level.txt
[0.631s] reading manifest file 'msgs.egg-info/SOURCES.txt'
[0.632s] writing manifest file 'msgs.egg-info/SOURCES.txt'
[0.672s] [100%] Built target ament_cmake_python_build_msgs_egg
[0.684s] Invoked command in '/ros2_ws/build/msgs' returned '0': CMAKE_PREFIX_PATH=/opt/ros/humble /usr/bin/cmake --build /ros2_ws/build/msgs -- -j16 -l16
[0.773s] Invoking command in '/ros2_ws/build/msgs': CMAKE_PREFIX_PATH=/opt/ros/humble /usr/bin/cmake --install /ros2_ws/build/msgs
[0.779s] -- Install configuration: ""
[0.780s] -- Up-to-date: /ros2_ws/install/msgs/share/ament_index/resource_index/rosidl_interfaces/msgs
[0.780s] -- Up-to-date: /ros2_ws/install/msgs/include/msgs/msgs
[0.780s] -- Up-to-date: /ros2_ws/install/msgs/include/msgs/msgs/msg
[0.780s] -- Up-to-date: /ros2_ws/install/msgs/include/msgs/msgs/msg/rosidl_generator_c__visibility_control.h
[0.781s] -- Up-to-date: /ros2_ws/install/msgs/include/msgs/msgs/msg/detail
[0.781s] -- Up-to-date: /ros2_ws/install/msgs/include/msgs/msgs/msg/detail/signal_params__functions.h
[0.781s] -- Up-to-date: /ros2_ws/install/msgs/include/msgs/msgs/msg/detail/signal_params__type_support.h
[0.781s] -- Up-to-date: /ros2_ws/install/msgs/include/msgs/msgs/msg/detail/signal_params__functions.c
[0.782s] -- Up-to-date: /ros2_ws/install/msgs/include/msgs/msgs/msg/detail/sphere__functions.h
[0.782s] -- Up-to-date: /ros2_ws/install/msgs/include/msgs/msgs/msg/detail/signal_params__struct.h
[0.782s] -- Up-to-date: /ros2_ws/install/msgs/include/msgs/msgs/msg/detail/sphere__type_support.h
[0.783s] -- Up-to-date: /ros2_ws/install/msgs/include/msgs/msgs/msg/detail/sphere__struct.h
[0.783s] -- Up-to-date: /ros2_ws/install/msgs/include/msgs/msgs/msg/detail/sphere__functions.c
[0.783s] -- Up-to-date: /ros2_ws/install/msgs/include/msgs/msgs/msg/sphere.h
[0.784s] -- Up-to-date: /ros2_ws/install/msgs/include/msgs/msgs/msg/signal_params.h
[0.784s] -- Up-to-date: /ros2_ws/install/msgs/share/msgs/environment/library_path.sh
[0.784s] -- Up-to-date: /ros2_ws/install/msgs/share/msgs/environment/library_path.dsv
[0.784s] -- Up-to-date: /ros2_ws/install/msgs/lib/libmsgs__rosidl_generator_c.so
[0.785s] -- Up-to-date: /ros2_ws/install/msgs/include/msgs/msgs
[0.785s] -- Up-to-date: /ros2_ws/install/msgs/include/msgs/msgs/msg
[0.785s] -- Up-to-date: /ros2_ws/install/msgs/include/msgs/msgs/msg/detail
[0.786s] -- Up-to-date: /ros2_ws/install/msgs/include/msgs/msgs/msg/detail/signal_params__rosidl_typesupport_fastrtps_c.h
[0.786s] -- Up-to-date: /ros2_ws/install/msgs/include/msgs/msgs/msg/detail/sphere__rosidl_typesupport_fastrtps_c.h
[0.786s] -- Up-to-date: /ros2_ws/install/msgs/include/msgs/msgs/msg/rosidl_typesupport_fastrtps_c__visibility_control.h
[0.786s] -- Up-to-date: /ros2_ws/install/msgs/lib/libmsgs__rosidl_typesupport_fastrtps_c.so
[0.787s] -- Up-to-date: /ros2_ws/install/msgs/include/msgs/msgs
[0.787s] -- Up-to-date: /ros2_ws/install/msgs/include/msgs/msgs/msg
[0.787s] -- Up-to-date: /ros2_ws/install/msgs/include/msgs/msgs/msg/detail
[0.787s] -- Up-to-date: /ros2_ws/install/msgs/include/msgs/msgs/msg/detail/sphere__traits.hpp
[0.787s] -- Up-to-date: /ros2_ws/install/msgs/include/msgs/msgs/msg/detail/signal_params__struct.hpp
[0.787s] -- Up-to-date: /ros2_ws/install/msgs/include/msgs/msgs/msg/detail/sphere__struct.hpp
[0.787s] -- Up-to-date: /ros2_ws/install/msgs/include/msgs/msgs/msg/detail/signal_params__builder.hpp
[0.787s] -- Up-to-date: /ros2_ws/install/msgs/include/msgs/msgs/msg/detail/sphere__builder.hpp
[0.788s] -- Up-to-date: /ros2_ws/install/msgs/include/msgs/msgs/msg/detail/signal_params__traits.hpp
[0.788s] -- Up-to-date: /ros2_ws/install/msgs/include/msgs/msgs/msg/signal_params.hpp
[0.788s] -- Up-to-date: /ros2_ws/install/msgs/include/msgs/msgs/msg/sphere.hpp
[0.788s] -- Up-to-date: /ros2_ws/install/msgs/include/msgs/msgs
[0.788s] -- Up-to-date: /ros2_ws/install/msgs/include/msgs/msgs/msg
[0.788s] -- Up-to-date: /ros2_ws/install/msgs/include/msgs/msgs/msg/detail
[0.788s] -- Up-to-date: /ros2_ws/install/msgs/include/msgs/msgs/msg/detail/sphere__rosidl_typesupport_fastrtps_cpp.hpp
[0.788s] -- Up-to-date: /ros2_ws/install/msgs/include/msgs/msgs/msg/detail/dds_fastrtps
[0.788s] -- Up-to-date: /ros2_ws/install/msgs/include/msgs/msgs/msg/detail/signal_params__rosidl_typesupport_fastrtps_cpp.hpp
[0.788s] -- Up-to-date: /ros2_ws/install/msgs/include/msgs/msgs/msg/rosidl_typesupport_fastrtps_cpp__visibility_control.h
[0.789s] -- Up-to-date: /ros2_ws/install/msgs/lib/libmsgs__rosidl_typesupport_fastrtps_cpp.so
[0.789s] -- Up-to-date: /ros2_ws/install/msgs/include/msgs/msgs
[0.789s] -- Up-to-date: /ros2_ws/install/msgs/include/msgs/msgs/msg
[0.789s] -- Up-to-date: /ros2_ws/install/msgs/include/msgs/msgs/msg/detail
[0.789s] -- Up-to-date: /ros2_ws/install/msgs/include/msgs/msgs/msg/detail/signal_params__rosidl_typesupport_introspection_c.h
[0.789s] -- Up-to-date: /ros2_ws/install/msgs/include/msgs/msgs/msg/detail/signal_params__type_support.c
[0.789s] -- Up-to-date: /ros2_ws/install/msgs/include/msgs/msgs/msg/detail/sphere__type_support.c
[0.789s] -- Up-to-date: /ros2_ws/install/msgs/include/msgs/msgs/msg/detail/sphere__rosidl_typesupport_introspection_c.h
[0.789s] -- Up-to-date: /ros2_ws/install/msgs/include/msgs/msgs/msg/rosidl_typesupport_introspection_c__visibility_control.h
[0.789s] -- Up-to-date: /ros2_ws/install/msgs/lib/libmsgs__rosidl_typesupport_introspection_c.so
[0.790s] -- Up-to-date: /ros2_ws/install/msgs/lib/libmsgs__rosidl_typesupport_c.so
[0.790s] -- Up-to-date: /ros2_ws/install/msgs/include/msgs/msgs
[0.790s] -- Up-to-date: /ros2_ws/install/msgs/include/msgs/msgs/msg
[0.790s] -- Up-to-date: /ros2_ws/install/msgs/include/msgs/msgs/msg/detail
[0.790s] -- Up-to-date: /ros2_ws/install/msgs/include/msgs/msgs/msg/detail/sphere__rosidl_typesupport_introspection_cpp.hpp
[0.790s] -- Up-to-date: /ros2_ws/install/msgs/include/msgs/msgs/msg/detail/sphere__type_support.cpp
[0.790s] -- Up-to-date: /ros2_ws/install/msgs/include/msgs/msgs/msg/detail/signal_params__type_support.cpp
[0.790s] -- Up-to-date: /ros2_ws/install/msgs/include/msgs/msgs/msg/detail/signal_params__rosidl_typesupport_introspection_cpp.hpp
[0.790s] -- Up-to-date: /ros2_ws/install/msgs/lib/libmsgs__rosidl_typesupport_introspection_cpp.so
[0.791s] -- Up-to-date: /ros2_ws/install/msgs/lib/libmsgs__rosidl_typesupport_cpp.so
[0.791s] -- Up-to-date: /ros2_ws/install/msgs/share/msgs/environment/pythonpath.sh
[0.791s] -- Up-to-date: /ros2_ws/install/msgs/share/msgs/environment/pythonpath.dsv
[0.791s] -- Up-to-date: /ros2_ws/install/msgs/local/lib/python3.10/dist-packages/msgs-0.0.0-py3.10.egg-info
[0.791s] -- Installing: /ros2_ws/install/msgs/local/lib/python3.10/dist-packages/msgs-0.0.0-py3.10.egg-info/top_level.txt
[0.791s] -- Installing: /ros2_ws/install/msgs/local/lib/python3.10/dist-packages/msgs-0.0.0-py3.10.egg-info/SOURCES.txt
[0.791s] -- Installing: /ros2_ws/install/msgs/local/lib/python3.10/dist-packages/msgs-0.0.0-py3.10.egg-info/PKG-INFO
[0.791s] -- Installing: /ros2_ws/install/msgs/local/lib/python3.10/dist-packages/msgs-0.0.0-py3.10.egg-info/dependency_links.txt
[0.791s] -- Up-to-date: /ros2_ws/install/msgs/local/lib/python3.10/dist-packages/msgs
[0.791s] -- Up-to-date: /ros2_ws/install/msgs/local/lib/python3.10/dist-packages/msgs/__init__.py
[0.792s] -- Up-to-date: /ros2_ws/install/msgs/local/lib/python3.10/dist-packages/msgs/_msgs_s.ep.rosidl_typesupport_introspection_c.c
[0.792s] -- Up-to-date: /ros2_ws/install/msgs/local/lib/python3.10/dist-packages/msgs/msgs_s__rosidl_typesupport_fastrtps_c.cpython-310-x86_64-linux-gnu.so
[0.792s] -- Up-to-date: /ros2_ws/install/msgs/local/lib/python3.10/dist-packages/msgs/msgs_s__rosidl_typesupport_introspection_c.cpython-310-x86_64-linux-gnu.so
[0.792s] -- Up-to-date: /ros2_ws/install/msgs/local/lib/python3.10/dist-packages/msgs/msg
[0.792s] -- Up-to-date: /ros2_ws/install/msgs/local/lib/python3.10/dist-packages/msgs/msg/_sphere.py
[0.792s] -- Up-to-date: /ros2_ws/install/msgs/local/lib/python3.10/dist-packages/msgs/msg/_signal_params_s.c
[0.792s] -- Up-to-date: /ros2_ws/install/msgs/local/lib/python3.10/dist-packages/msgs/msg/__init__.py
[0.792s] -- Up-to-date: /ros2_ws/install/msgs/local/lib/python3.10/dist-packages/msgs/msg/_sphere_s.c
[0.792s] -- Up-to-date: /ros2_ws/install/msgs/local/lib/python3.10/dist-packages/msgs/msg/_signal_params.py
[0.792s] -- Up-to-date: /ros2_ws/install/msgs/local/lib/python3.10/dist-packages/msgs/_msgs_s.ep.rosidl_typesupport_fastrtps_c.c
[0.792s] -- Up-to-date: /ros2_ws/install/msgs/local/lib/python3.10/dist-packages/msgs/libmsgs__rosidl_generator_py.so
[0.793s] -- Up-to-date: /ros2_ws/install/msgs/local/lib/python3.10/dist-packages/msgs/msgs_s__rosidl_typesupport_c.cpython-310-x86_64-linux-gnu.so
[0.793s] -- Up-to-date: /ros2_ws/install/msgs/local/lib/python3.10/dist-packages/msgs/_msgs_s.ep.rosidl_typesupport_c.c
[0.816s] Listing '/ros2_ws/install/msgs/local/lib/python3.10/dist-packages/msgs'...
[0.816s] Listing '/ros2_ws/install/msgs/local/lib/python3.10/dist-packages/msgs/msg'...
[0.822s] -- Up-to-date: /ros2_ws/install/msgs/local/lib/python3.10/dist-packages/msgs/msgs_s__rosidl_typesupport_fastrtps_c.cpython-310-x86_64-linux-gnu.so
[0.822s] -- Up-to-date: /ros2_ws/install/msgs/local/lib/python3.10/dist-packages/msgs/msgs_s__rosidl_typesupport_introspection_c.cpython-310-x86_64-linux-gnu.so
[0.822s] -- Up-to-date: /ros2_ws/install/msgs/local/lib/python3.10/dist-packages/msgs/msgs_s__rosidl_typesupport_c.cpython-310-x86_64-linux-gnu.so
[0.823s] -- Up-to-date: /ros2_ws/install/msgs/lib/libmsgs__rosidl_generator_py.so
[0.823s] -- Up-to-date: /ros2_ws/install/msgs/share/msgs/msg/SignalParams.idl
[0.823s] -- Up-to-date: /ros2_ws/install/msgs/share/msgs/msg/Sphere.idl
[0.823s] -- Up-to-date: /ros2_ws/install/msgs/share/msgs/msg/SignalParams.msg
[0.823s] -- Up-to-date: /ros2_ws/install/msgs/share/msgs/msg/Sphere.msg
[0.824s] -- Up-to-date: /ros2_ws/install/msgs/share/ament_index/resource_index/package_run_dependencies/msgs
[0.824s] -- Up-to-date: /ros2_ws/install/msgs/share/ament_index/resource_index/parent_prefix_path/msgs
[0.825s] -- Up-to-date: /ros2_ws/install/msgs/share/msgs/environment/ament_prefix_path.sh
[0.825s] -- Up-to-date: /ros2_ws/install/msgs/share/msgs/environment/ament_prefix_path.dsv
[0.825s] -- Up-to-date: /ros2_ws/install/msgs/share/msgs/environment/path.sh
[0.826s] -- Up-to-date: /ros2_ws/install/msgs/share/msgs/environment/path.dsv
[0.826s] -- Up-to-date: /ros2_ws/install/msgs/share/msgs/local_setup.bash
[0.826s] -- Up-to-date: /ros2_ws/install/msgs/share/msgs/local_setup.sh
[0.826s] -- Up-to-date: /ros2_ws/install/msgs/share/msgs/local_setup.zsh
[0.827s] -- Up-to-date: /ros2_ws/install/msgs/share/msgs/local_setup.dsv
[0.827s] -- Installing: /ros2_ws/install/msgs/share/msgs/package.dsv
[0.827s] -- Up-to-date: /ros2_ws/install/msgs/share/ament_index/resource_index/packages/msgs
[0.827s] -- Up-to-date: /ros2_ws/install/msgs/share/msgs/cmake/export_msgs__rosidl_generator_cExport.cmake
[0.827s] -- Up-to-date: /ros2_ws/install/msgs/share/msgs/cmake/export_msgs__rosidl_generator_cExport-noconfig.cmake
[0.827s] -- Up-to-date: /ros2_ws/install/msgs/share/msgs/cmake/export_msgs__rosidl_typesupport_fastrtps_cExport.cmake
[0.827s] -- Up-to-date: /ros2_ws/install/msgs/share/msgs/cmake/export_msgs__rosidl_typesupport_fastrtps_cExport-noconfig.cmake
[0.827s] -- Up-to-date: /ros2_ws/install/msgs/share/msgs/cmake/export_msgs__rosidl_generator_cppExport.cmake
[0.827s] -- Up-to-date: /ros2_ws/install/msgs/share/msgs/cmake/export_msgs__rosidl_typesupport_fastrtps_cppExport.cmake
[0.827s] -- Up-to-date: /ros2_ws/install/msgs/share/msgs/cmake/export_msgs__rosidl_typesupport_fastrtps_cppExport-noconfig.cmake
[0.827s] -- Up-to-date: /ros2_ws/install/msgs/share/msgs/cmake/msgs__rosidl_typesupport_introspection_cExport.cmake
[0.827s] -- Up-to-date: /ros2_ws/install/msgs/share/msgs/cmake/msgs__rosidl_typesupport_introspection_cExport-noconfig.cmake
[0.827s] -- Up-to-date: /ros2_ws/install/msgs/share/msgs/cmake/msgs__rosidl_typesupport_cExport.cmake
[0.827s] -- Up-to-date: /ros2_ws/install/msgs/share/msgs/cmake/msgs__rosidl_typesupport_cExport-noconfig.cmake
[0.827s] -- Up-to-date: /ros2_ws/install/msgs/share/msgs/cmake/msgs__rosidl_typesupport_introspection_cppExport.cmake
[0.828s] -- Up-to-date: /ros2_ws/install/msgs/share/msgs/cmake/msgs__rosidl_typesupport_introspection_cppExport-noconfig.cmake
[0.828s] -- Up-to-date: /ros2_ws/install/msgs/share/msgs/cmake/msgs__rosidl_typesupport_cppExport.cmake
[0.828s] -- Up-to-date: /ros2_ws/install/msgs/share/msgs/cmake/msgs__rosidl_typesupport_cppExport-noconfig.cmake
[0.829s] -- Up-to-date: /ros2_ws/install/msgs/share/msgs/cmake/export_msgs__rosidl_generator_pyExport.cmake
[0.829s] -- Up-to-date: /ros2_ws/install/msgs/share/msgs/cmake/export_msgs__rosidl_generator_pyExport-noconfig.cmake
[0.830s] -- Up-to-date: /ros2_ws/install/msgs/share/msgs/cmake/rosidl_cmake-extras.cmake
[0.830s] -- Up-to-date: /ros2_ws/install/msgs/share/msgs/cmake/ament_cmake_export_dependencies-extras.cmake
[0.830s] -- Up-to-date: /ros2_ws/install/msgs/share/msgs/cmake/ament_cmake_export_include_directories-extras.cmake
[0.830s] -- Up-to-date: /ros2_ws/install/msgs/share/msgs/cmake/ament_cmake_export_libraries-extras.cmake
[0.831s] -- Up-to-date: /ros2_ws/install/msgs/share/msgs/cmake/ament_cmake_export_targets-extras.cmake
[0.831s] -- Up-to-date: /ros2_ws/install/msgs/share/msgs/cmake/rosidl_cmake_export_typesupport_targets-extras.cmake
[0.832s] -- Up-to-date: /ros2_ws/install/msgs/share/msgs/cmake/rosidl_cmake_export_typesupport_libraries-extras.cmake
[0.832s] -- Up-to-date: /ros2_ws/install/msgs/share/msgs/cmake/msgsConfig.cmake
[0.834s] -- Up-to-date: /ros2_ws/install/msgs/share/msgs/cmake/msgsConfig-version.cmake
[0.834s] -- Up-to-date: /ros2_ws/install/msgs/share/msgs/package.xml
[0.834s] Invoked command in '/ros2_ws/build/msgs' returned '0': CMAKE_PREFIX_PATH=/opt/ros/humble /usr/bin/cmake --install /ros2_ws/build/msgs
