[0.698s] Invoking command in '/ros2_ws/src/courseworks_2': AMENT_PREFIX_PATH=/ros2_ws/install/msgs:${AMENT_PREFIX_PATH} CMAKE_PREFIX_PATH=/ros2_ws/install/msgs LD_LIBRARY_PATH=/ros2_ws/install/msgs/lib:${LD_LIBRARY_PATH} PYTHONPATH=/ros2_ws/build/courseworks_2/prefix_override:/ros2_ws/install/courseworks_2/lib/python3.10/site-packages:/ros2_ws/install/msgs/local/lib/python3.10/dist-packages:${PYTHONPATH} /usr/bin/python3 setup.py egg_info --egg-base ../../build/courseworks_2 build --build-base /ros2_ws/build/courseworks_2/build install --record /ros2_ws/build/courseworks_2/install.log --single-version-externally-managed
[0.914s] running egg_info
[0.915s] writing ../../build/courseworks_2/courseworks_2.egg-info/PKG-INFO
[0.915s] writing dependency_links to ../../build/courseworks_2/courseworks_2.egg-info/dependency_links.txt
[0.915s] writing entry points to ../../build/courseworks_2/courseworks_2.egg-info/entry_points.txt
[0.916s] writing requirements to ../../build/courseworks_2/courseworks_2.egg-info/requires.txt
[0.916s] writing top-level names to ../../build/courseworks_2/courseworks_2.egg-info/top_level.txt
[0.918s] reading manifest file '../../build/courseworks_2/courseworks_2.egg-info/SOURCES.txt'
[0.918s] writing manifest file '../../build/courseworks_2/courseworks_2.egg-info/SOURCES.txt'
[0.919s] running build
[0.919s] running build_py
[0.920s] copying courseworks_2/reconstruction.py -> /ros2_ws/build/courseworks_2/build/lib/courseworks_2
[0.920s] copying courseworks_2/signal_generator.py -> /ros2_ws/build/courseworks_2/build/lib/courseworks_2
[0.920s] /usr/lib/python3/dist-packages/setuptools/command/install.py:34: SetuptoolsDeprecationWarning: setup.py install is deprecated. Use build and pip and other standards-based tools.
[0.920s]   warnings.warn(
[0.920s] running install
[0.920s] running install_lib
[0.921s] copying /ros2_ws/build/courseworks_2/build/lib/courseworks_2/reconstruction.py -> /ros2_ws/install/courseworks_2/lib/python3.10/site-packages/courseworks_2
[0.921s] copying /ros2_ws/build/courseworks_2/build/lib/courseworks_2/signal_generator.py -> /ros2_ws/install/courseworks_2/lib/python3.10/site-packages/courseworks_2
[0.922s] byte-compiling /ros2_ws/install/courseworks_2/lib/python3.10/site-packages/courseworks_2/reconstruction.py to reconstruction.cpython-310.pyc
[0.923s] byte-compiling /ros2_ws/install/courseworks_2/lib/python3.10/site-packages/courseworks_2/signal_generator.py to signal_generator.cpython-310.pyc
[0.924s] running install_data
[0.925s] running install_egg_info
[0.926s] removing '/ros2_ws/install/courseworks_2/lib/python3.10/site-packages/courseworks_2-0.0.0-py3.10.egg-info' (and everything under it)
[0.926s] Copying ../../build/courseworks_2/courseworks_2.egg-info to /ros2_ws/install/courseworks_2/lib/python3.10/site-packages/courseworks_2-0.0.0-py3.10.egg-info
[0.928s] running install_scripts
[0.949s] Installing reconstruction script to /ros2_ws/install/courseworks_2/lib/courseworks_2
[0.949s] Installing signal_generator script to /ros2_ws/install/courseworks_2/lib/courseworks_2
[0.950s] writing list of installed files to '/ros2_ws/build/courseworks_2/install.log'
[0.992s] Invoked command in '/ros2_ws/src/courseworks_2' returned '0': AMENT_PREFIX_PATH=/ros2_ws/install/msgs:${AMENT_PREFIX_PATH} CMAKE_PREFIX_PATH=/ros2_ws/install/msgs LD_LIBRARY_PATH=/ros2_ws/install/msgs/lib:${LD_LIBRARY_PATH} PYTHONPATH=/ros2_ws/build/courseworks_2/prefix_override:/ros2_ws/install/courseworks_2/lib/python3.10/site-packages:/ros2_ws/install/msgs/local/lib/python3.10/dist-packages:${PYTHONPATH} /usr/bin/python3 setup.py egg_info --egg-base ../../build/courseworks_2 build --build-base /ros2_ws/build/courseworks_2/build install --record /ros2_ws/build/courseworks_2/install.log --single-version-externally-managed
