-- The C compiler identification is GNU 11.4.0
-- The CXX compiler identification is GNU 11.4.0
-- Detecting C compiler ABI info
-- Detecting C compiler ABI info - done
-- Check for working C compiler: /usr/bin/cc - skipped
-- Detecting C compile features
-- Detecting C compile features - done
-- Detecting CXX compiler ABI info
-- Detecting CXX compiler ABI info - done
-- Check for working CXX compiler: /usr/bin/c++ - skipped
-- Detecting CXX compile features
-- Detecting CXX compile features - done
-- Found ament_cmake: 1.3.8 (/opt/ros/humble/share/ament_cmake/cmake)
-- Found Python3: /usr/bin/python3 (found version "3.10.12") found components: Interpreter 
-- Found geometry_msgs: 4.2.3 (/opt/ros/humble/share/geometry_msgs/cmake)
-- Found rosidl_generator_c: 3.1.5 (/opt/ros/humble/share/rosidl_generator_c/cmake)
-- Found rosidl_adapter: 3.1.5 (/opt/ros/humble/share/rosidl_adapter/cmake)
-- Found rosidl_generator_cpp: 3.1.5 (/opt/ros/humble/share/rosidl_generator_cpp/cmake)
-- Using all available rosidl_typesupport_c: rosidl_typesupport_fastrtps_c;rosidl_typesupport_introspection_c
-- Using all available rosidl_typesupport_cpp: rosidl_typesupport_fastrtps_cpp;rosidl_typesupport_introspection_cpp
-- Found rosidl_default_generators: 1.2.0 (/opt/ros/humble/share/rosidl_default_generators/cmake)
-- Found ament_cmake_ros: 0.10.0 (/opt/ros/humble/share/ament_cmake_ros/cmake)
-- Using all available rosidl_typesupport_c: rosidl_typesupport_fastrtps_c;rosidl_typesupport_introspection_c
-- Using all available rosidl_typesupport_cpp: rosidl_typesupport_fastrtps_cpp;rosidl_typesupport_introspection_cpp
-- Found PythonInterp: /usr/bin/python3 (found suitable version "3.10.12", minimum required is "3.6") 
-- Found python_cmake_module: 0.10.0 (/opt/ros/humble/share/python_cmake_module/cmake)
-- Found PythonLibs: /usr/lib/x86_64-linux-gnu/libpython3.10.so (found suitable version "3.10.12", minimum required is "3.5") 
-- Using PYTHON_EXECUTABLE: /usr/bin/python3
-- Using PYTHON_INCLUDE_DIRS: /usr/include/python3.10
-- Using PYTHON_LIBRARIES: /usr/lib/x86_64-linux-gnu/libpython3.10.so
-- Found PythonExtra: .so  
-- Found ament_lint_auto: 0.12.10 (/opt/ros/humble/share/ament_lint_auto/cmake)
-- Added test 'lint_cmake' to check CMake code style
-- Added test 'xmllint' to check XML markup files
-- Configuring done
-- Generating done
-- Build files have been written to: /ros2_ws/build/msgs
[  2%] [34m[1mGenerating C code for ROS interfaces[0m
[  5%] [34m[1mGenerating C++ code for ROS interfaces[0m
[  5%] Built target ament_cmake_python_copy_msgs
running egg_info
creating msgs.egg-info
writing msgs.egg-info/PKG-INFO
writing dependency_links to msgs.egg-info/dependency_links.txt
writing top-level names to msgs.egg-info/top_level.txt
writing manifest file 'msgs.egg-info/SOURCES.txt'
reading manifest file 'msgs.egg-info/SOURCES.txt'
writing manifest file 'msgs.egg-info/SOURCES.txt'
[  5%] Built target ament_cmake_python_build_msgs_egg
[  5%] Built target msgs__cpp
[  7%] [32mBuilding C object CMakeFiles/msgs__rosidl_generator_c.dir/rosidl_generator_c/msgs/msg/detail/signal_params__functions.c.o[0m
[ 10%] [32mBuilding C object CMakeFiles/msgs__rosidl_generator_c.dir/rosidl_generator_c/msgs/msg/detail/sphere__functions.c.o[0m
[ 17%] [34m[1mGenerating C++ type support for eProsima Fast-RTPS[0m
[ 17%] [34m[1mGenerating C++ introspection for ROS interfaces[0m
[ 17%] [34m[1mGenerating C++ type support dispatch for ROS interfaces[0m
[ 20%] [32m[1mLinking C shared library libmsgs__rosidl_generator_c.so[0m
[ 20%] Built target msgs__rosidl_generator_c
[ 23%] [34m[1mGenerating C introspection for ROS interfaces[0m
[ 25%] [34m[1mGenerating C type support for eProsima Fast-RTPS[0m
[ 28%] [34m[1mGenerating C type support dispatch for ROS interfaces[0m
[ 30%] [32mBuilding CXX object CMakeFiles/msgs__rosidl_typesupport_cpp.dir/rosidl_typesupport_cpp/msgs/msg/signal_params__type_support.cpp.o[0m
[ 33%] [32mBuilding CXX object CMakeFiles/msgs__rosidl_typesupport_cpp.dir/rosidl_typesupport_cpp/msgs/msg/sphere__type_support.cpp.o[0m
[ 35%] [32mBuilding CXX object CMakeFiles/msgs__rosidl_typesupport_introspection_cpp.dir/rosidl_typesupport_introspection_cpp/msgs/msg/detail/sphere__type_support.cpp.o[0m
[ 38%] [32mBuilding CXX object CMakeFiles/msgs__rosidl_typesupport_introspection_cpp.dir/rosidl_typesupport_introspection_cpp/msgs/msg/detail/signal_params__type_support.cpp.o[0m
[ 41%] [32mBuilding CXX object CMakeFiles/msgs__rosidl_typesupport_fastrtps_cpp.dir/rosidl_typesupport_fastrtps_cpp/msgs/msg/detail/dds_fastrtps/sphere__type_support.cpp.o[0m
[ 43%] [32mBuilding CXX object CMakeFiles/msgs__rosidl_typesupport_fastrtps_cpp.dir/rosidl_typesupport_fastrtps_cpp/msgs/msg/detail/dds_fastrtps/signal_params__type_support.cpp.o[0m
[ 48%] [32mBuilding CXX object CMakeFiles/msgs__rosidl_typesupport_c.dir/rosidl_typesupport_c/msgs/msg/signal_params__type_support.cpp.o[0m
[ 48%] [32mBuilding CXX object CMakeFiles/msgs__rosidl_typesupport_c.dir/rosidl_typesupport_c/msgs/msg/sphere__type_support.cpp.o[0m
[ 51%] [32m[1mLinking CXX shared library libmsgs__rosidl_typesupport_c.so[0m
[ 53%] [32mBuilding C object CMakeFiles/msgs__rosidl_typesupport_introspection_c.dir/rosidl_typesupport_introspection_c/msgs/msg/detail/sphere__type_support.c.o[0m
[ 56%] [32mBuilding C object CMakeFiles/msgs__rosidl_typesupport_introspection_c.dir/rosidl_typesupport_introspection_c/msgs/msg/detail/signal_params__type_support.c.o[0m
[ 58%] [32mBuilding CXX object CMakeFiles/msgs__rosidl_typesupport_fastrtps_c.dir/rosidl_typesupport_fastrtps_c/msgs/msg/detail/signal_params__type_support_c.cpp.o[0m
[ 61%] [32mBuilding CXX object CMakeFiles/msgs__rosidl_typesupport_fastrtps_c.dir/rosidl_typesupport_fastrtps_c/msgs/msg/detail/sphere__type_support_c.cpp.o[0m
[ 61%] Built target msgs__rosidl_typesupport_c
[ 64%] [32m[1mLinking C shared library libmsgs__rosidl_typesupport_introspection_c.so[0m
[ 64%] Built target msgs__rosidl_typesupport_introspection_c
[ 66%] [32m[1mLinking CXX shared library libmsgs__rosidl_typesupport_cpp.so[0m
[ 66%] Built target msgs__rosidl_typesupport_cpp
[ 69%] [32m[1mLinking CXX shared library libmsgs__rosidl_typesupport_introspection_cpp.so[0m
[ 71%] [32m[1mLinking CXX shared library libmsgs__rosidl_typesupport_fastrtps_cpp.so[0m
[ 74%] [32m[1mLinking CXX shared library libmsgs__rosidl_typesupport_fastrtps_c.so[0m
[ 74%] Built target msgs__rosidl_typesupport_introspection_cpp
[ 74%] Built target msgs__rosidl_typesupport_fastrtps_cpp
[ 74%] Built target msgs__rosidl_typesupport_fastrtps_c
[ 74%] Built target msgs
[ 76%] [34m[1mGenerating Python code for ROS interfaces[0m
[ 76%] Built target msgs__py
[ 82%] [32mBuilding C object CMakeFiles/msgs__rosidl_generator_py.dir/rosidl_generator_py/msgs/msg/_sphere_s.c.o[0m
[ 82%] [32mBuilding C object CMakeFiles/msgs__rosidl_generator_py.dir/rosidl_generator_py/msgs/msg/_signal_params_s.c.o[0m
[ 84%] [32m[1mLinking C shared library rosidl_generator_py/msgs/libmsgs__rosidl_generator_py.so[0m
[ 84%] Built target msgs__rosidl_generator_py
[ 89%] [32mBuilding C object CMakeFiles/msgs__rosidl_typesupport_c__pyext.dir/rosidl_generator_py/msgs/_msgs_s.ep.rosidl_typesupport_c.c.o[0m
[ 89%] [32mBuilding C object CMakeFiles/msgs__rosidl_typesupport_fastrtps_c__pyext.dir/rosidl_generator_py/msgs/_msgs_s.ep.rosidl_typesupport_fastrtps_c.c.o[0m
[ 92%] [32mBuilding C object CMakeFiles/msgs__rosidl_typesupport_introspection_c__pyext.dir/rosidl_generator_py/msgs/_msgs_s.ep.rosidl_typesupport_introspection_c.c.o[0m
[100%] [32m[1mLinking C shared library rosidl_generator_py/msgs/msgs_s__rosidl_typesupport_introspection_c.cpython-310-x86_64-linux-gnu.so[0m
[100%] [32m[1mLinking C shared library rosidl_generator_py/msgs/msgs_s__rosidl_typesupport_fastrtps_c.cpython-310-x86_64-linux-gnu.so[0m
[100%] [32m[1mLinking C shared library rosidl_generator_py/msgs/msgs_s__rosidl_typesupport_c.cpython-310-x86_64-linux-gnu.so[0m
[100%] Built target msgs__rosidl_typesupport_fastrtps_c__pyext
[100%] Built target msgs__rosidl_typesupport_c__pyext
[100%] Built target msgs__rosidl_typesupport_introspection_c__pyext
-- Install configuration: ""
-- Installing: /ros2_ws/install/msgs/share/ament_index/resource_index/rosidl_interfaces/msgs
-- Installing: /ros2_ws/install/msgs/include/msgs/msgs
-- Installing: /ros2_ws/install/msgs/include/msgs/msgs/msg
-- Installing: /ros2_ws/install/msgs/include/msgs/msgs/msg/rosidl_generator_c__visibility_control.h
-- Installing: /ros2_ws/install/msgs/include/msgs/msgs/msg/detail
-- Installing: /ros2_ws/install/msgs/include/msgs/msgs/msg/detail/signal_params__functions.h
-- Installing: /ros2_ws/install/msgs/include/msgs/msgs/msg/detail/signal_params__type_support.h
-- Installing: /ros2_ws/install/msgs/include/msgs/msgs/msg/detail/signal_params__functions.c
-- Installing: /ros2_ws/install/msgs/include/msgs/msgs/msg/detail/sphere__functions.h
-- Installing: /ros2_ws/install/msgs/include/msgs/msgs/msg/detail/signal_params__struct.h
-- Installing: /ros2_ws/install/msgs/include/msgs/msgs/msg/detail/sphere__type_support.h
-- Installing: /ros2_ws/install/msgs/include/msgs/msgs/msg/detail/sphere__struct.h
-- Installing: /ros2_ws/install/msgs/include/msgs/msgs/msg/detail/sphere__functions.c
-- Installing: /ros2_ws/install/msgs/include/msgs/msgs/msg/sphere.h
-- Installing: /ros2_ws/install/msgs/include/msgs/msgs/msg/signal_params.h
-- Installing: /ros2_ws/install/msgs/share/msgs/environment/library_path.sh
-- Installing: /ros2_ws/install/msgs/share/msgs/environment/library_path.dsv
-- Installing: /ros2_ws/install/msgs/lib/libmsgs__rosidl_generator_c.so
-- Set runtime path of "/ros2_ws/install/msgs/lib/libmsgs__rosidl_generator_c.so" to ""
-- Up-to-date: /ros2_ws/install/msgs/include/msgs/msgs
-- Up-to-date: /ros2_ws/install/msgs/include/msgs/msgs/msg
-- Up-to-date: /ros2_ws/install/msgs/include/msgs/msgs/msg/detail
-- Installing: /ros2_ws/install/msgs/include/msgs/msgs/msg/detail/signal_params__rosidl_typesupport_fastrtps_c.h
-- Installing: /ros2_ws/install/msgs/include/msgs/msgs/msg/detail/sphere__rosidl_typesupport_fastrtps_c.h
-- Installing: /ros2_ws/install/msgs/include/msgs/msgs/msg/rosidl_typesupport_fastrtps_c__visibility_control.h
-- Installing: /ros2_ws/install/msgs/lib/libmsgs__rosidl_typesupport_fastrtps_c.so
-- Set runtime path of "/ros2_ws/install/msgs/lib/libmsgs__rosidl_typesupport_fastrtps_c.so" to ""
-- Up-to-date: /ros2_ws/install/msgs/include/msgs/msgs
-- Up-to-date: /ros2_ws/install/msgs/include/msgs/msgs/msg
-- Up-to-date: /ros2_ws/install/msgs/include/msgs/msgs/msg/detail
-- Installing: /ros2_ws/install/msgs/include/msgs/msgs/msg/detail/sphere__traits.hpp
-- Installing: /ros2_ws/install/msgs/include/msgs/msgs/msg/detail/signal_params__struct.hpp
-- Installing: /ros2_ws/install/msgs/include/msgs/msgs/msg/detail/sphere__struct.hpp
-- Installing: /ros2_ws/install/msgs/include/msgs/msgs/msg/detail/signal_params__builder.hpp
-- Installing: /ros2_ws/install/msgs/include/msgs/msgs/msg/detail/sphere__builder.hpp
-- Installing: /ros2_ws/install/msgs/include/msgs/msgs/msg/detail/signal_params__traits.hpp
-- Installing: /ros2_ws/install/msgs/include/msgs/msgs/msg/signal_params.hpp
-- Installing: /ros2_ws/install/msgs/include/msgs/msgs/msg/sphere.hpp
-- Up-to-date: /ros2_ws/install/msgs/include/msgs/msgs
-- Up-to-date: /ros2_ws/install/msgs/include/msgs/msgs/msg
-- Up-to-date: /ros2_ws/install/msgs/include/msgs/msgs/msg/detail
-- Installing: /ros2_ws/install/msgs/include/msgs/msgs/msg/detail/sphere__rosidl_typesupport_fastrtps_cpp.hpp
-- Installing: /ros2_ws/install/msgs/include/msgs/msgs/msg/detail/dds_fastrtps
-- Installing: /ros2_ws/install/msgs/include/msgs/msgs/msg/detail/signal_params__rosidl_typesupport_fastrtps_cpp.hpp
-- Installing: /ros2_ws/install/msgs/include/msgs/msgs/msg/rosidl_typesupport_fastrtps_cpp__visibility_control.h
-- Installing: /ros2_ws/install/msgs/lib/libmsgs__rosidl_typesupport_fastrtps_cpp.so
-- Set runtime path of "/ros2_ws/install/msgs/lib/libmsgs__rosidl_typesupport_fastrtps_cpp.so" to ""
-- Up-to-date: /ros2_ws/install/msgs/include/msgs/msgs
-- Up-to-date: /ros2_ws/install/msgs/include/msgs/msgs/msg
-- Up-to-date: /ros2_ws/install/msgs/include/msgs/msgs/msg/detail
-- Installing: /ros2_ws/install/msgs/include/msgs/msgs/msg/detail/signal_params__rosidl_typesupport_introspection_c.h
-- Installing: /ros2_ws/install/msgs/include/msgs/msgs/msg/detail/signal_params__type_support.c
-- Installing: /ros2_ws/install/msgs/include/msgs/msgs/msg/detail/sphere__type_support.c
-- Installing: /ros2_ws/install/msgs/include/msgs/msgs/msg/detail/sphere__rosidl_typesupport_introspection_c.h
-- Installing: /ros2_ws/install/msgs/include/msgs/msgs/msg/rosidl_typesupport_introspection_c__visibility_control.h
-- Installing: /ros2_ws/install/msgs/lib/libmsgs__rosidl_typesupport_introspection_c.so
-- Set runtime path of "/ros2_ws/install/msgs/lib/libmsgs__rosidl_typesupport_introspection_c.so" to ""
-- Installing: /ros2_ws/install/msgs/lib/libmsgs__rosidl_typesupport_c.so
-- Set runtime path of "/ros2_ws/install/msgs/lib/libmsgs__rosidl_typesupport_c.so" to ""
-- Up-to-date: /ros2_ws/install/msgs/include/msgs/msgs
-- Up-to-date: /ros2_ws/install/msgs/include/msgs/msgs/msg
-- Up-to-date: /ros2_ws/install/msgs/include/msgs/msgs/msg/detail
-- Installing: /ros2_ws/install/msgs/include/msgs/msgs/msg/detail/sphere__rosidl_typesupport_introspection_cpp.hpp
-- Installing: /ros2_ws/install/msgs/include/msgs/msgs/msg/detail/sphere__type_support.cpp
-- Installing: /ros2_ws/install/msgs/include/msgs/msgs/msg/detail/signal_params__type_support.cpp
-- Installing: /ros2_ws/install/msgs/include/msgs/msgs/msg/detail/signal_params__rosidl_typesupport_introspection_cpp.hpp
-- Installing: /ros2_ws/install/msgs/lib/libmsgs__rosidl_typesupport_introspection_cpp.so
-- Set runtime path of "/ros2_ws/install/msgs/lib/libmsgs__rosidl_typesupport_introspection_cpp.so" to ""
-- Installing: /ros2_ws/install/msgs/lib/libmsgs__rosidl_typesupport_cpp.so
-- Set runtime path of "/ros2_ws/install/msgs/lib/libmsgs__rosidl_typesupport_cpp.so" to ""
-- Installing: /ros2_ws/install/msgs/share/msgs/environment/pythonpath.sh
-- Installing: /ros2_ws/install/msgs/share/msgs/environment/pythonpath.dsv
-- Installing: /ros2_ws/install/msgs/local/lib/python3.10/dist-packages/msgs-0.0.0-py3.10.egg-info
-- Installing: /ros2_ws/install/msgs/local/lib/python3.10/dist-packages/msgs-0.0.0-py3.10.egg-info/top_level.txt
-- Installing: /ros2_ws/install/msgs/local/lib/python3.10/dist-packages/msgs-0.0.0-py3.10.egg-info/SOURCES.txt
-- Installing: /ros2_ws/install/msgs/local/lib/python3.10/dist-packages/msgs-0.0.0-py3.10.egg-info/PKG-INFO
-- Installing: /ros2_ws/install/msgs/local/lib/python3.10/dist-packages/msgs-0.0.0-py3.10.egg-info/dependency_links.txt
-- Installing: /ros2_ws/install/msgs/local/lib/python3.10/dist-packages/msgs
-- Installing: /ros2_ws/install/msgs/local/lib/python3.10/dist-packages/msgs/__init__.py
-- Installing: /ros2_ws/install/msgs/local/lib/python3.10/dist-packages/msgs/_msgs_s.ep.rosidl_typesupport_introspection_c.c
-- Installing: /ros2_ws/install/msgs/local/lib/python3.10/dist-packages/msgs/msgs_s__rosidl_typesupport_fastrtps_c.cpython-310-x86_64-linux-gnu.so
-- Installing: /ros2_ws/install/msgs/local/lib/python3.10/dist-packages/msgs/msgs_s__rosidl_typesupport_introspection_c.cpython-310-x86_64-linux-gnu.so
-- Installing: /ros2_ws/install/msgs/local/lib/python3.10/dist-packages/msgs/msg
-- Installing: /ros2_ws/install/msgs/local/lib/python3.10/dist-packages/msgs/msg/_sphere.py
-- Installing: /ros2_ws/install/msgs/local/lib/python3.10/dist-packages/msgs/msg/_signal_params_s.c
-- Installing: /ros2_ws/install/msgs/local/lib/python3.10/dist-packages/msgs/msg/__init__.py
-- Installing: /ros2_ws/install/msgs/local/lib/python3.10/dist-packages/msgs/msg/_sphere_s.c
-- Installing: /ros2_ws/install/msgs/local/lib/python3.10/dist-packages/msgs/msg/_signal_params.py
-- Installing: /ros2_ws/install/msgs/local/lib/python3.10/dist-packages/msgs/_msgs_s.ep.rosidl_typesupport_fastrtps_c.c
-- Installing: /ros2_ws/install/msgs/local/lib/python3.10/dist-packages/msgs/libmsgs__rosidl_generator_py.so
-- Installing: /ros2_ws/install/msgs/local/lib/python3.10/dist-packages/msgs/msgs_s__rosidl_typesupport_c.cpython-310-x86_64-linux-gnu.so
-- Installing: /ros2_ws/install/msgs/local/lib/python3.10/dist-packages/msgs/_msgs_s.ep.rosidl_typesupport_c.c
Listing '/ros2_ws/install/msgs/local/lib/python3.10/dist-packages/msgs'...
Compiling '/ros2_ws/install/msgs/local/lib/python3.10/dist-packages/msgs/__init__.py'...
Listing '/ros2_ws/install/msgs/local/lib/python3.10/dist-packages/msgs/msg'...
Compiling '/ros2_ws/install/msgs/local/lib/python3.10/dist-packages/msgs/msg/__init__.py'...
Compiling '/ros2_ws/install/msgs/local/lib/python3.10/dist-packages/msgs/msg/_signal_params.py'...
Compiling '/ros2_ws/install/msgs/local/lib/python3.10/dist-packages/msgs/msg/_sphere.py'...
-- Installing: /ros2_ws/install/msgs/local/lib/python3.10/dist-packages/msgs/msgs_s__rosidl_typesupport_fastrtps_c.cpython-310-x86_64-linux-gnu.so
-- Set runtime path of "/ros2_ws/install/msgs/local/lib/python3.10/dist-packages/msgs/msgs_s__rosidl_typesupport_fastrtps_c.cpython-310-x86_64-linux-gnu.so" to ""
-- Installing: /ros2_ws/install/msgs/local/lib/python3.10/dist-packages/msgs/msgs_s__rosidl_typesupport_introspection_c.cpython-310-x86_64-linux-gnu.so
-- Set runtime path of "/ros2_ws/install/msgs/local/lib/python3.10/dist-packages/msgs/msgs_s__rosidl_typesupport_introspection_c.cpython-310-x86_64-linux-gnu.so" to ""
-- Installing: /ros2_ws/install/msgs/local/lib/python3.10/dist-packages/msgs/msgs_s__rosidl_typesupport_c.cpython-310-x86_64-linux-gnu.so
-- Set runtime path of "/ros2_ws/install/msgs/local/lib/python3.10/dist-packages/msgs/msgs_s__rosidl_typesupport_c.cpython-310-x86_64-linux-gnu.so" to ""
-- Installing: /ros2_ws/install/msgs/lib/libmsgs__rosidl_generator_py.so
-- Set runtime path of "/ros2_ws/install/msgs/lib/libmsgs__rosidl_generator_py.so" to ""
-- Installing: /ros2_ws/install/msgs/share/msgs/msg/SignalParams.idl
-- Installing: /ros2_ws/install/msgs/share/msgs/msg/Sphere.idl
-- Installing: /ros2_ws/install/msgs/share/msgs/msg/SignalParams.msg
-- Installing: /ros2_ws/install/msgs/share/msgs/msg/Sphere.msg
-- Installing: /ros2_ws/install/msgs/share/ament_index/resource_index/package_run_dependencies/msgs
-- Installing: /ros2_ws/install/msgs/share/ament_index/resource_index/parent_prefix_path/msgs
-- Installing: /ros2_ws/install/msgs/share/msgs/environment/ament_prefix_path.sh
-- Installing: /ros2_ws/install/msgs/share/msgs/environment/ament_prefix_path.dsv
-- Installing: /ros2_ws/install/msgs/share/msgs/environment/path.sh
-- Installing: /ros2_ws/install/msgs/share/msgs/environment/path.dsv
-- Installing: /ros2_ws/install/msgs/share/msgs/local_setup.bash
-- Installing: /ros2_ws/install/msgs/share/msgs/local_setup.sh
-- Installing: /ros2_ws/install/msgs/share/msgs/local_setup.zsh
-- Installing: /ros2_ws/install/msgs/share/msgs/local_setup.dsv
-- Installing: /ros2_ws/install/msgs/share/msgs/package.dsv
-- Installing: /ros2_ws/install/msgs/share/ament_index/resource_index/packages/msgs
-- Installing: /ros2_ws/install/msgs/share/msgs/cmake/export_msgs__rosidl_generator_cExport.cmake
-- Installing: /ros2_ws/install/msgs/share/msgs/cmake/export_msgs__rosidl_generator_cExport-noconfig.cmake
-- Installing: /ros2_ws/install/msgs/share/msgs/cmake/export_msgs__rosidl_typesupport_fastrtps_cExport.cmake
-- Installing: /ros2_ws/install/msgs/share/msgs/cmake/export_msgs__rosidl_typesupport_fastrtps_cExport-noconfig.cmake
-- Installing: /ros2_ws/install/msgs/share/msgs/cmake/export_msgs__rosidl_generator_cppExport.cmake
-- Installing: /ros2_ws/install/msgs/share/msgs/cmake/export_msgs__rosidl_typesupport_fastrtps_cppExport.cmake
-- Installing: /ros2_ws/install/msgs/share/msgs/cmake/export_msgs__rosidl_typesupport_fastrtps_cppExport-noconfig.cmake
-- Installing: /ros2_ws/install/msgs/share/msgs/cmake/msgs__rosidl_typesupport_introspection_cExport.cmake
-- Installing: /ros2_ws/install/msgs/share/msgs/cmake/msgs__rosidl_typesupport_introspection_cExport-noconfig.cmake
-- Installing: /ros2_ws/install/msgs/share/msgs/cmake/msgs__rosidl_typesupport_cExport.cmake
-- Installing: /ros2_ws/install/msgs/share/msgs/cmake/msgs__rosidl_typesupport_cExport-noconfig.cmake
-- Installing: /ros2_ws/install/msgs/share/msgs/cmake/msgs__rosidl_typesupport_introspection_cppExport.cmake
-- Installing: /ros2_ws/install/msgs/share/msgs/cmake/msgs__rosidl_typesupport_introspection_cppExport-noconfig.cmake
-- Installing: /ros2_ws/install/msgs/share/msgs/cmake/msgs__rosidl_typesupport_cppExport.cmake
-- Installing: /ros2_ws/install/msgs/share/msgs/cmake/msgs__rosidl_typesupport_cppExport-noconfig.cmake
-- Installing: /ros2_ws/install/msgs/share/msgs/cmake/export_msgs__rosidl_generator_pyExport.cmake
-- Installing: /ros2_ws/install/msgs/share/msgs/cmake/export_msgs__rosidl_generator_pyExport-noconfig.cmake
-- Installing: /ros2_ws/install/msgs/share/msgs/cmake/rosidl_cmake-extras.cmake
-- Installing: /ros2_ws/install/msgs/share/msgs/cmake/ament_cmake_export_dependencies-extras.cmake
-- Installing: /ros2_ws/install/msgs/share/msgs/cmake/ament_cmake_export_include_directories-extras.cmake
-- Installing: /ros2_ws/install/msgs/share/msgs/cmake/ament_cmake_export_libraries-extras.cmake
-- Installing: /ros2_ws/install/msgs/share/msgs/cmake/ament_cmake_export_targets-extras.cmake
-- Installing: /ros2_ws/install/msgs/share/msgs/cmake/rosidl_cmake_export_typesupport_targets-extras.cmake
-- Installing: /ros2_ws/install/msgs/share/msgs/cmake/rosidl_cmake_export_typesupport_libraries-extras.cmake
-- Installing: /ros2_ws/install/msgs/share/msgs/cmake/msgsConfig.cmake
-- Installing: /ros2_ws/install/msgs/share/msgs/cmake/msgsConfig-version.cmake
-- Installing: /ros2_ws/install/msgs/share/msgs/package.xml
