[0.347s] Invoking command in '/ros2_ws/build/msgs': CMAKE_PREFIX_PATH=/opt/ros/humble /usr/bin/cmake /ros2_ws/src/msgs -DCMAKE_INSTALL_PREFIX=/ros2_ws/install/msgs
[0.413s] -- The C compiler identification is GNU 11.4.0
[0.486s] -- The CXX compiler identification is GNU 11.4.0
[0.496s] -- Detecting C compiler ABI info
[0.571s] -- Detecting C compiler ABI info - done
[0.578s] -- Check for working C compiler: /usr/bin/cc - skipped
[0.579s] -- Detecting C compile features
[0.579s] -- Detecting C compile features - done
[0.583s] -- Detecting CXX compiler ABI info
[0.671s] -- Detecting CXX compiler ABI info - done
[0.681s] -- Check for working CXX compiler: /usr/bin/c++ - skipped
[0.681s] -- Detecting CXX compile features
[0.681s] -- Detecting CXX compile features - done
[0.691s] -- Found ament_cmake: 1.3.8 (/opt/ros/humble/share/ament_cmake/cmake)
[0.843s] -- Found Python3: /usr/bin/python3 (found version "3.10.12") found components: Interpreter 
[0.997s] -- Found geometry_msgs: 4.2.3 (/opt/ros/humble/share/geometry_msgs/cmake)
[1.069s] -- Found rosidl_generator_c: 3.1.5 (/opt/ros/humble/share/rosidl_generator_c/cmake)
[1.081s] -- Found rosidl_adapter: 3.1.5 (/opt/ros/humble/share/rosidl_adapter/cmake)
[1.097s] -- Found rosidl_generator_cpp: 3.1.5 (/opt/ros/humble/share/rosidl_generator_cpp/cmake)
[1.119s] -- Using all available rosidl_typesupport_c: rosidl_typesupport_fastrtps_c;rosidl_typesupport_introspection_c
[1.155s] -- Using all available rosidl_typesupport_cpp: rosidl_typesupport_fastrtps_cpp;rosidl_typesupport_introspection_cpp
[1.305s] -- Found rosidl_default_generators: 1.2.0 (/opt/ros/humble/share/rosidl_default_generators/cmake)
[1.604s] -- Found ament_cmake_ros: 0.10.0 (/opt/ros/humble/share/ament_cmake_ros/cmake)
[2.030s] -- Using all available rosidl_typesupport_c: rosidl_typesupport_fastrtps_c;rosidl_typesupport_introspection_c
[2.182s] -- Using all available rosidl_typesupport_cpp: rosidl_typesupport_fastrtps_cpp;rosidl_typesupport_introspection_cpp
[2.205s] -- Found PythonInterp: /usr/bin/python3 (found suitable version "3.10.12", minimum required is "3.6") 
[2.210s] -- Found python_cmake_module: 0.10.0 (/opt/ros/humble/share/python_cmake_module/cmake)
[2.234s] -- Found PythonLibs: /usr/lib/x86_64-linux-gnu/libpython3.10.so (found suitable version "3.10.12", minimum required is "3.5") 
[2.235s] -- Using PYTHON_EXECUTABLE: /usr/bin/python3
[2.235s] -- Using PYTHON_INCLUDE_DIRS: /usr/include/python3.10
[2.235s] -- Using PYTHON_LIBRARIES: /usr/lib/x86_64-linux-gnu/libpython3.10.so
[2.257s] -- Found PythonExtra: .so  
[2.318s] -- Found ament_lint_auto: 0.12.10 (/opt/ros/humble/share/ament_lint_auto/cmake)
[2.368s] -- Added test 'lint_cmake' to check CMake code style
[2.370s] -- Added test 'xmllint' to check XML markup files
[2.372s] -- Configuring done
[2.429s] -- Generating done
[2.432s] -- Build files have been written to: /ros2_ws/build/msgs
[2.445s] Invoked command in '/ros2_ws/build/msgs' returned '0': CMAKE_PREFIX_PATH=/opt/ros/humble /usr/bin/cmake /ros2_ws/src/msgs -DCMAKE_INSTALL_PREFIX=/ros2_ws/install/msgs
[2.449s] Invoking command in '/ros2_ws/build/msgs': CMAKE_PREFIX_PATH=/opt/ros/humble /usr/bin/cmake --build /ros2_ws/build/msgs -- -j16 -l16
[2.483s] [  2%] [34m[1mGenerating C code for ROS interfaces[0m
[2.493s] [  5%] [34m[1mGenerating C++ code for ROS interfaces[0m
[2.500s] [  5%] Built target ament_cmake_python_copy_msgs
[2.765s] running egg_info
[2.766s] creating msgs.egg-info
[2.767s] writing msgs.egg-info/PKG-INFO
[2.767s] writing dependency_links to msgs.egg-info/dependency_links.txt
[2.767s] writing top-level names to msgs.egg-info/top_level.txt
[2.768s] writing manifest file 'msgs.egg-info/SOURCES.txt'
[2.770s] reading manifest file 'msgs.egg-info/SOURCES.txt'
[2.770s] writing manifest file 'msgs.egg-info/SOURCES.txt'
[2.824s] [  5%] Built target ament_cmake_python_build_msgs_egg
[2.834s] [  5%] Built target msgs__cpp
[2.839s] [  7%] [32mBuilding C object CMakeFiles/msgs__rosidl_generator_c.dir/rosidl_generator_c/msgs/msg/detail/signal_params__functions.c.o[0m
[2.839s] [ 10%] [32mBuilding C object CMakeFiles/msgs__rosidl_generator_c.dir/rosidl_generator_c/msgs/msg/detail/sphere__functions.c.o[0m
[2.845s] [ 17%] [34m[1mGenerating C++ type support for eProsima Fast-RTPS[0m
[2.846s] [ 17%] [34m[1mGenerating C++ introspection for ROS interfaces[0m
[2.847s] [ 17%] [34m[1mGenerating C++ type support dispatch for ROS interfaces[0m
[2.893s] [ 20%] [32m[1mLinking C shared library libmsgs__rosidl_generator_c.so[0m
[2.930s] [ 20%] Built target msgs__rosidl_generator_c
[2.938s] [ 23%] [34m[1mGenerating C introspection for ROS interfaces[0m
[2.941s] [ 25%] [34m[1mGenerating C type support for eProsima Fast-RTPS[0m
[2.941s] [ 28%] [34m[1mGenerating C type support dispatch for ROS interfaces[0m
[3.154s] [ 30%] [32mBuilding CXX object CMakeFiles/msgs__rosidl_typesupport_cpp.dir/rosidl_typesupport_cpp/msgs/msg/signal_params__type_support.cpp.o[0m
[3.157s] [ 33%] [32mBuilding CXX object CMakeFiles/msgs__rosidl_typesupport_cpp.dir/rosidl_typesupport_cpp/msgs/msg/sphere__type_support.cpp.o[0m
[3.201s] [ 35%] [32mBuilding CXX object CMakeFiles/msgs__rosidl_typesupport_introspection_cpp.dir/rosidl_typesupport_introspection_cpp/msgs/msg/detail/sphere__type_support.cpp.o[0m
[3.201s] [ 38%] [32mBuilding CXX object CMakeFiles/msgs__rosidl_typesupport_introspection_cpp.dir/rosidl_typesupport_introspection_cpp/msgs/msg/detail/signal_params__type_support.cpp.o[0m
[3.212s] [ 41%] [32mBuilding CXX object CMakeFiles/msgs__rosidl_typesupport_fastrtps_cpp.dir/rosidl_typesupport_fastrtps_cpp/msgs/msg/detail/dds_fastrtps/sphere__type_support.cpp.o[0m
[3.213s] [ 43%] [32mBuilding CXX object CMakeFiles/msgs__rosidl_typesupport_fastrtps_cpp.dir/rosidl_typesupport_fastrtps_cpp/msgs/msg/detail/dds_fastrtps/signal_params__type_support.cpp.o[0m
[3.263s] [ 48%] [32mBuilding CXX object CMakeFiles/msgs__rosidl_typesupport_c.dir/rosidl_typesupport_c/msgs/msg/signal_params__type_support.cpp.o[0m
[3.263s] [ 48%] [32mBuilding CXX object CMakeFiles/msgs__rosidl_typesupport_c.dir/rosidl_typesupport_c/msgs/msg/sphere__type_support.cpp.o[0m
[3.307s] [ 51%] [32m[1mLinking CXX shared library libmsgs__rosidl_typesupport_c.so[0m
[3.355s] [ 53%] [32mBuilding C object CMakeFiles/msgs__rosidl_typesupport_introspection_c.dir/rosidl_typesupport_introspection_c/msgs/msg/detail/sphere__type_support.c.o[0m
[3.356s] [ 56%] [32mBuilding C object CMakeFiles/msgs__rosidl_typesupport_introspection_c.dir/rosidl_typesupport_introspection_c/msgs/msg/detail/signal_params__type_support.c.o[0m
[3.367s] [ 58%] [32mBuilding CXX object CMakeFiles/msgs__rosidl_typesupport_fastrtps_c.dir/rosidl_typesupport_fastrtps_c/msgs/msg/detail/signal_params__type_support_c.cpp.o[0m
[3.370s] [ 61%] [32mBuilding CXX object CMakeFiles/msgs__rosidl_typesupport_fastrtps_c.dir/rosidl_typesupport_fastrtps_c/msgs/msg/detail/sphere__type_support_c.cpp.o[0m
[3.372s] [ 61%] Built target msgs__rosidl_typesupport_c
[3.405s] [ 64%] [32m[1mLinking C shared library libmsgs__rosidl_typesupport_introspection_c.so[0m
[3.450s] [ 64%] Built target msgs__rosidl_typesupport_introspection_c
[3.578s] [ 66%] [32m[1mLinking CXX shared library libmsgs__rosidl_typesupport_cpp.so[0m
[3.639s] [ 66%] Built target msgs__rosidl_typesupport_cpp
[3.794s] [ 69%] [32m[1mLinking CXX shared library libmsgs__rosidl_typesupport_introspection_cpp.so[0m
[3.825s] [ 71%] [32m[1mLinking CXX shared library libmsgs__rosidl_typesupport_fastrtps_cpp.so[0m
[3.870s] [ 74%] [32m[1mLinking CXX shared library libmsgs__rosidl_typesupport_fastrtps_c.so[0m
[3.881s] [ 74%] Built target msgs__rosidl_typesupport_introspection_cpp
[3.933s] [ 74%] Built target msgs__rosidl_typesupport_fastrtps_cpp
[3.963s] [ 74%] Built target msgs__rosidl_typesupport_fastrtps_c
[3.984s] [ 74%] Built target msgs
[4.001s] [ 76%] [34m[1mGenerating Python code for ROS interfaces[0m
[4.412s] [ 76%] Built target msgs__py
[4.429s] [ 82%] [32mBuilding C object CMakeFiles/msgs__rosidl_generator_py.dir/rosidl_generator_py/msgs/msg/_sphere_s.c.o[0m
[4.430s] [ 82%] [32mBuilding C object CMakeFiles/msgs__rosidl_generator_py.dir/rosidl_generator_py/msgs/msg/_signal_params_s.c.o[0m
[4.524s] [ 84%] [32m[1mLinking C shared library rosidl_generator_py/msgs/libmsgs__rosidl_generator_py.so[0m
[4.564s] [ 84%] Built target msgs__rosidl_generator_py
[4.583s] [ 89%] [32mBuilding C object CMakeFiles/msgs__rosidl_typesupport_c__pyext.dir/rosidl_generator_py/msgs/_msgs_s.ep.rosidl_typesupport_c.c.o[0m
[4.583s] [ 89%] [32mBuilding C object CMakeFiles/msgs__rosidl_typesupport_fastrtps_c__pyext.dir/rosidl_generator_py/msgs/_msgs_s.ep.rosidl_typesupport_fastrtps_c.c.o[0m
[4.583s] [ 92%] [32mBuilding C object CMakeFiles/msgs__rosidl_typesupport_introspection_c__pyext.dir/rosidl_generator_py/msgs/_msgs_s.ep.rosidl_typesupport_introspection_c.c.o[0m
[4.675s] [100%] [32m[1mLinking C shared library rosidl_generator_py/msgs/msgs_s__rosidl_typesupport_introspection_c.cpython-310-x86_64-linux-gnu.so[0m
[4.675s] [100%] [32m[1mLinking C shared library rosidl_generator_py/msgs/msgs_s__rosidl_typesupport_fastrtps_c.cpython-310-x86_64-linux-gnu.so[0m
[4.675s] [100%] [32m[1mLinking C shared library rosidl_generator_py/msgs/msgs_s__rosidl_typesupport_c.cpython-310-x86_64-linux-gnu.so[0m
[4.712s] [100%] Built target msgs__rosidl_typesupport_fastrtps_c__pyext
[4.712s] [100%] Built target msgs__rosidl_typesupport_c__pyext
[4.713s] [100%] Built target msgs__rosidl_typesupport_introspection_c__pyext
[4.724s] Invoked command in '/ros2_ws/build/msgs' returned '0': CMAKE_PREFIX_PATH=/opt/ros/humble /usr/bin/cmake --build /ros2_ws/build/msgs -- -j16 -l16
[4.807s] Invoking command in '/ros2_ws/build/msgs': CMAKE_PREFIX_PATH=/opt/ros/humble /usr/bin/cmake --install /ros2_ws/build/msgs
[4.813s] -- Install configuration: ""
[4.813s] -- Installing: /ros2_ws/install/msgs/share/ament_index/resource_index/rosidl_interfaces/msgs
[4.814s] -- Installing: /ros2_ws/install/msgs/include/msgs/msgs
[4.814s] -- Installing: /ros2_ws/install/msgs/include/msgs/msgs/msg
[4.814s] -- Installing: /ros2_ws/install/msgs/include/msgs/msgs/msg/rosidl_generator_c__visibility_control.h
[4.814s] -- Installing: /ros2_ws/install/msgs/include/msgs/msgs/msg/detail
[4.814s] -- Installing: /ros2_ws/install/msgs/include/msgs/msgs/msg/detail/signal_params__functions.h
[4.815s] -- Installing: /ros2_ws/install/msgs/include/msgs/msgs/msg/detail/signal_params__type_support.h
[4.815s] -- Installing: /ros2_ws/install/msgs/include/msgs/msgs/msg/detail/signal_params__functions.c
[4.815s] -- Installing: /ros2_ws/install/msgs/include/msgs/msgs/msg/detail/sphere__functions.h
[4.816s] -- Installing: /ros2_ws/install/msgs/include/msgs/msgs/msg/detail/signal_params__struct.h
[4.816s] -- Installing: /ros2_ws/install/msgs/include/msgs/msgs/msg/detail/sphere__type_support.h
[4.816s] -- Installing: /ros2_ws/install/msgs/include/msgs/msgs/msg/detail/sphere__struct.h
[4.816s] -- Installing: /ros2_ws/install/msgs/include/msgs/msgs/msg/detail/sphere__functions.c
[4.816s] -- Installing: /ros2_ws/install/msgs/include/msgs/msgs/msg/sphere.h
[4.816s] -- Installing: /ros2_ws/install/msgs/include/msgs/msgs/msg/signal_params.h
[4.816s] -- Installing: /ros2_ws/install/msgs/share/msgs/environment/library_path.sh
[4.816s] -- Installing: /ros2_ws/install/msgs/share/msgs/environment/library_path.dsv
[4.817s] -- Installing: /ros2_ws/install/msgs/lib/libmsgs__rosidl_generator_c.so
[4.818s] -- Set runtime path of "/ros2_ws/install/msgs/lib/libmsgs__rosidl_generator_c.so" to ""
[4.818s] -- Up-to-date: /ros2_ws/install/msgs/include/msgs/msgs
[4.818s] -- Up-to-date: /ros2_ws/install/msgs/include/msgs/msgs/msg
[4.818s] -- Up-to-date: /ros2_ws/install/msgs/include/msgs/msgs/msg/detail
[4.818s] -- Installing: /ros2_ws/install/msgs/include/msgs/msgs/msg/detail/signal_params__rosidl_typesupport_fastrtps_c.h
[4.818s] -- Installing: /ros2_ws/install/msgs/include/msgs/msgs/msg/detail/sphere__rosidl_typesupport_fastrtps_c.h
[4.819s] -- Installing: /ros2_ws/install/msgs/include/msgs/msgs/msg/rosidl_typesupport_fastrtps_c__visibility_control.h
[4.819s] -- Installing: /ros2_ws/install/msgs/lib/libmsgs__rosidl_typesupport_fastrtps_c.so
[4.819s] -- Set runtime path of "/ros2_ws/install/msgs/lib/libmsgs__rosidl_typesupport_fastrtps_c.so" to ""
[4.820s] -- Up-to-date: /ros2_ws/install/msgs/include/msgs/msgs
[4.820s] -- Up-to-date: /ros2_ws/install/msgs/include/msgs/msgs/msg
[4.820s] -- Up-to-date: /ros2_ws/install/msgs/include/msgs/msgs/msg/detail
[4.820s] -- Installing: /ros2_ws/install/msgs/include/msgs/msgs/msg/detail/sphere__traits.hpp
[4.820s] -- Installing: /ros2_ws/install/msgs/include/msgs/msgs/msg/detail/signal_params__struct.hpp
[4.820s] -- Installing: /ros2_ws/install/msgs/include/msgs/msgs/msg/detail/sphere__struct.hpp
[4.820s] -- Installing: /ros2_ws/install/msgs/include/msgs/msgs/msg/detail/signal_params__builder.hpp
[4.821s] -- Installing: /ros2_ws/install/msgs/include/msgs/msgs/msg/detail/sphere__builder.hpp
[4.821s] -- Installing: /ros2_ws/install/msgs/include/msgs/msgs/msg/detail/signal_params__traits.hpp
[4.821s] -- Installing: /ros2_ws/install/msgs/include/msgs/msgs/msg/signal_params.hpp
[4.821s] -- Installing: /ros2_ws/install/msgs/include/msgs/msgs/msg/sphere.hpp
[4.822s] -- Up-to-date: /ros2_ws/install/msgs/include/msgs/msgs
[4.822s] -- Up-to-date: /ros2_ws/install/msgs/include/msgs/msgs/msg
[4.822s] -- Up-to-date: /ros2_ws/install/msgs/include/msgs/msgs/msg/detail
[4.822s] -- Installing: /ros2_ws/install/msgs/include/msgs/msgs/msg/detail/sphere__rosidl_typesupport_fastrtps_cpp.hpp
[4.822s] -- Installing: /ros2_ws/install/msgs/include/msgs/msgs/msg/detail/dds_fastrtps
[4.822s] -- Installing: /ros2_ws/install/msgs/include/msgs/msgs/msg/detail/signal_params__rosidl_typesupport_fastrtps_cpp.hpp
[4.822s] -- Installing: /ros2_ws/install/msgs/include/msgs/msgs/msg/rosidl_typesupport_fastrtps_cpp__visibility_control.h
[4.822s] -- Installing: /ros2_ws/install/msgs/lib/libmsgs__rosidl_typesupport_fastrtps_cpp.so
[4.822s] -- Set runtime path of "/ros2_ws/install/msgs/lib/libmsgs__rosidl_typesupport_fastrtps_cpp.so" to ""
[4.823s] -- Up-to-date: /ros2_ws/install/msgs/include/msgs/msgs
[4.823s] -- Up-to-date: /ros2_ws/install/msgs/include/msgs/msgs/msg
[4.823s] -- Up-to-date: /ros2_ws/install/msgs/include/msgs/msgs/msg/detail
[4.823s] -- Installing: /ros2_ws/install/msgs/include/msgs/msgs/msg/detail/signal_params__rosidl_typesupport_introspection_c.h
[4.824s] -- Installing: /ros2_ws/install/msgs/include/msgs/msgs/msg/detail/signal_params__type_support.c
[4.824s] -- Installing: /ros2_ws/install/msgs/include/msgs/msgs/msg/detail/sphere__type_support.c
[4.824s] -- Installing: /ros2_ws/install/msgs/include/msgs/msgs/msg/detail/sphere__rosidl_typesupport_introspection_c.h
[4.824s] -- Installing: /ros2_ws/install/msgs/include/msgs/msgs/msg/rosidl_typesupport_introspection_c__visibility_control.h
[4.824s] -- Installing: /ros2_ws/install/msgs/lib/libmsgs__rosidl_typesupport_introspection_c.so
[4.824s] -- Set runtime path of "/ros2_ws/install/msgs/lib/libmsgs__rosidl_typesupport_introspection_c.so" to ""
[4.824s] -- Installing: /ros2_ws/install/msgs/lib/libmsgs__rosidl_typesupport_c.so
[4.825s] -- Set runtime path of "/ros2_ws/install/msgs/lib/libmsgs__rosidl_typesupport_c.so" to ""
[4.825s] -- Up-to-date: /ros2_ws/install/msgs/include/msgs/msgs
[4.825s] -- Up-to-date: /ros2_ws/install/msgs/include/msgs/msgs/msg
[4.825s] -- Up-to-date: /ros2_ws/install/msgs/include/msgs/msgs/msg/detail
[4.825s] -- Installing: /ros2_ws/install/msgs/include/msgs/msgs/msg/detail/sphere__rosidl_typesupport_introspection_cpp.hpp
[4.825s] -- Installing: /ros2_ws/install/msgs/include/msgs/msgs/msg/detail/sphere__type_support.cpp
[4.825s] -- Installing: /ros2_ws/install/msgs/include/msgs/msgs/msg/detail/signal_params__type_support.cpp
[4.825s] -- Installing: /ros2_ws/install/msgs/include/msgs/msgs/msg/detail/signal_params__rosidl_typesupport_introspection_cpp.hpp
[4.825s] -- Installing: /ros2_ws/install/msgs/lib/libmsgs__rosidl_typesupport_introspection_cpp.so
[4.825s] -- Set runtime path of "/ros2_ws/install/msgs/lib/libmsgs__rosidl_typesupport_introspection_cpp.so" to ""
[4.826s] -- Installing: /ros2_ws/install/msgs/lib/libmsgs__rosidl_typesupport_cpp.so
[4.826s] -- Set runtime path of "/ros2_ws/install/msgs/lib/libmsgs__rosidl_typesupport_cpp.so" to ""
[4.826s] -- Installing: /ros2_ws/install/msgs/share/msgs/environment/pythonpath.sh
[4.826s] -- Installing: /ros2_ws/install/msgs/share/msgs/environment/pythonpath.dsv
[4.826s] -- Installing: /ros2_ws/install/msgs/local/lib/python3.10/dist-packages/msgs-0.0.0-py3.10.egg-info
[4.826s] -- Installing: /ros2_ws/install/msgs/local/lib/python3.10/dist-packages/msgs-0.0.0-py3.10.egg-info/top_level.txt
[4.827s] -- Installing: /ros2_ws/install/msgs/local/lib/python3.10/dist-packages/msgs-0.0.0-py3.10.egg-info/SOURCES.txt
[4.827s] -- Installing: /ros2_ws/install/msgs/local/lib/python3.10/dist-packages/msgs-0.0.0-py3.10.egg-info/PKG-INFO
[4.827s] -- Installing: /ros2_ws/install/msgs/local/lib/python3.10/dist-packages/msgs-0.0.0-py3.10.egg-info/dependency_links.txt
[4.827s] -- Installing: /ros2_ws/install/msgs/local/lib/python3.10/dist-packages/msgs
[4.827s] -- Installing: /ros2_ws/install/msgs/local/lib/python3.10/dist-packages/msgs/__init__.py
[4.827s] -- Installing: /ros2_ws/install/msgs/local/lib/python3.10/dist-packages/msgs/_msgs_s.ep.rosidl_typesupport_introspection_c.c
[4.828s] -- Installing: /ros2_ws/install/msgs/local/lib/python3.10/dist-packages/msgs/msgs_s__rosidl_typesupport_fastrtps_c.cpython-310-x86_64-linux-gnu.so
[4.828s] -- Installing: /ros2_ws/install/msgs/local/lib/python3.10/dist-packages/msgs/msgs_s__rosidl_typesupport_introspection_c.cpython-310-x86_64-linux-gnu.so
[4.828s] -- Installing: /ros2_ws/install/msgs/local/lib/python3.10/dist-packages/msgs/msg
[4.828s] -- Installing: /ros2_ws/install/msgs/local/lib/python3.10/dist-packages/msgs/msg/_sphere.py
[4.828s] -- Installing: /ros2_ws/install/msgs/local/lib/python3.10/dist-packages/msgs/msg/_signal_params_s.c
[4.828s] -- Installing: /ros2_ws/install/msgs/local/lib/python3.10/dist-packages/msgs/msg/__init__.py
[4.828s] -- Installing: /ros2_ws/install/msgs/local/lib/python3.10/dist-packages/msgs/msg/_sphere_s.c
[4.828s] -- Installing: /ros2_ws/install/msgs/local/lib/python3.10/dist-packages/msgs/msg/_signal_params.py
[4.828s] -- Installing: /ros2_ws/install/msgs/local/lib/python3.10/dist-packages/msgs/_msgs_s.ep.rosidl_typesupport_fastrtps_c.c
[4.828s] -- Installing: /ros2_ws/install/msgs/local/lib/python3.10/dist-packages/msgs/libmsgs__rosidl_generator_py.so
[4.828s] -- Installing: /ros2_ws/install/msgs/local/lib/python3.10/dist-packages/msgs/msgs_s__rosidl_typesupport_c.cpython-310-x86_64-linux-gnu.so
[4.828s] -- Installing: /ros2_ws/install/msgs/local/lib/python3.10/dist-packages/msgs/_msgs_s.ep.rosidl_typesupport_c.c
[4.861s] Listing '/ros2_ws/install/msgs/local/lib/python3.10/dist-packages/msgs'...
[4.861s] Compiling '/ros2_ws/install/msgs/local/lib/python3.10/dist-packages/msgs/__init__.py'...
[4.861s] Listing '/ros2_ws/install/msgs/local/lib/python3.10/dist-packages/msgs/msg'...
[4.861s] Compiling '/ros2_ws/install/msgs/local/lib/python3.10/dist-packages/msgs/msg/__init__.py'...
[4.861s] Compiling '/ros2_ws/install/msgs/local/lib/python3.10/dist-packages/msgs/msg/_signal_params.py'...
[4.861s] Compiling '/ros2_ws/install/msgs/local/lib/python3.10/dist-packages/msgs/msg/_sphere.py'...
[4.866s] -- Installing: /ros2_ws/install/msgs/local/lib/python3.10/dist-packages/msgs/msgs_s__rosidl_typesupport_fastrtps_c.cpython-310-x86_64-linux-gnu.so
[4.866s] -- Set runtime path of "/ros2_ws/install/msgs/local/lib/python3.10/dist-packages/msgs/msgs_s__rosidl_typesupport_fastrtps_c.cpython-310-x86_64-linux-gnu.so" to ""
[4.867s] -- Installing: /ros2_ws/install/msgs/local/lib/python3.10/dist-packages/msgs/msgs_s__rosidl_typesupport_introspection_c.cpython-310-x86_64-linux-gnu.so
[4.867s] -- Set runtime path of "/ros2_ws/install/msgs/local/lib/python3.10/dist-packages/msgs/msgs_s__rosidl_typesupport_introspection_c.cpython-310-x86_64-linux-gnu.so" to ""
[4.867s] -- Installing: /ros2_ws/install/msgs/local/lib/python3.10/dist-packages/msgs/msgs_s__rosidl_typesupport_c.cpython-310-x86_64-linux-gnu.so
[4.868s] -- Set runtime path of "/ros2_ws/install/msgs/local/lib/python3.10/dist-packages/msgs/msgs_s__rosidl_typesupport_c.cpython-310-x86_64-linux-gnu.so" to ""
[4.868s] -- Installing: /ros2_ws/install/msgs/lib/libmsgs__rosidl_generator_py.so
[4.868s] -- Set runtime path of "/ros2_ws/install/msgs/lib/libmsgs__rosidl_generator_py.so" to ""
[4.868s] -- Installing: /ros2_ws/install/msgs/share/msgs/msg/SignalParams.idl
[4.869s] -- Installing: /ros2_ws/install/msgs/share/msgs/msg/Sphere.idl
[4.869s] -- Installing: /ros2_ws/install/msgs/share/msgs/msg/SignalParams.msg
[4.869s] -- Installing: /ros2_ws/install/msgs/share/msgs/msg/Sphere.msg
[4.869s] -- Installing: /ros2_ws/install/msgs/share/ament_index/resource_index/package_run_dependencies/msgs
[4.869s] -- Installing: /ros2_ws/install/msgs/share/ament_index/resource_index/parent_prefix_path/msgs
[4.869s] -- Installing: /ros2_ws/install/msgs/share/msgs/environment/ament_prefix_path.sh
[4.870s] -- Installing: /ros2_ws/install/msgs/share/msgs/environment/ament_prefix_path.dsv
[4.870s] -- Installing: /ros2_ws/install/msgs/share/msgs/environment/path.sh
[4.870s] -- Installing: /ros2_ws/install/msgs/share/msgs/environment/path.dsv
[4.870s] -- Installing: /ros2_ws/install/msgs/share/msgs/local_setup.bash
[4.871s] -- Installing: /ros2_ws/install/msgs/share/msgs/local_setup.sh
[4.871s] -- Installing: /ros2_ws/install/msgs/share/msgs/local_setup.zsh
[4.871s] -- Installing: /ros2_ws/install/msgs/share/msgs/local_setup.dsv
[4.871s] -- Installing: /ros2_ws/install/msgs/share/msgs/package.dsv
[4.872s] -- Installing: /ros2_ws/install/msgs/share/ament_index/resource_index/packages/msgs
[4.872s] -- Installing: /ros2_ws/install/msgs/share/msgs/cmake/export_msgs__rosidl_generator_cExport.cmake
[4.872s] -- Installing: /ros2_ws/install/msgs/share/msgs/cmake/export_msgs__rosidl_generator_cExport-noconfig.cmake
[4.873s] -- Installing: /ros2_ws/install/msgs/share/msgs/cmake/export_msgs__rosidl_typesupport_fastrtps_cExport.cmake
[4.873s] -- Installing: /ros2_ws/install/msgs/share/msgs/cmake/export_msgs__rosidl_typesupport_fastrtps_cExport-noconfig.cmake
[4.874s] -- Installing: /ros2_ws/install/msgs/share/msgs/cmake/export_msgs__rosidl_generator_cppExport.cmake
[4.874s] -- Installing: /ros2_ws/install/msgs/share/msgs/cmake/export_msgs__rosidl_typesupport_fastrtps_cppExport.cmake
[4.874s] -- Installing: /ros2_ws/install/msgs/share/msgs/cmake/export_msgs__rosidl_typesupport_fastrtps_cppExport-noconfig.cmake
[4.875s] -- Installing: /ros2_ws/install/msgs/share/msgs/cmake/msgs__rosidl_typesupport_introspection_cExport.cmake
[4.875s] -- Installing: /ros2_ws/install/msgs/share/msgs/cmake/msgs__rosidl_typesupport_introspection_cExport-noconfig.cmake
[4.876s] -- Installing: /ros2_ws/install/msgs/share/msgs/cmake/msgs__rosidl_typesupport_cExport.cmake
[4.876s] -- Installing: /ros2_ws/install/msgs/share/msgs/cmake/msgs__rosidl_typesupport_cExport-noconfig.cmake
[4.877s] -- Installing: /ros2_ws/install/msgs/share/msgs/cmake/msgs__rosidl_typesupport_introspection_cppExport.cmake
[4.877s] -- Installing: /ros2_ws/install/msgs/share/msgs/cmake/msgs__rosidl_typesupport_introspection_cppExport-noconfig.cmake
[4.878s] -- Installing: /ros2_ws/install/msgs/share/msgs/cmake/msgs__rosidl_typesupport_cppExport.cmake
[4.878s] -- Installing: /ros2_ws/install/msgs/share/msgs/cmake/msgs__rosidl_typesupport_cppExport-noconfig.cmake
[4.878s] -- Installing: /ros2_ws/install/msgs/share/msgs/cmake/export_msgs__rosidl_generator_pyExport.cmake
[4.878s] -- Installing: /ros2_ws/install/msgs/share/msgs/cmake/export_msgs__rosidl_generator_pyExport-noconfig.cmake
[4.878s] -- Installing: /ros2_ws/install/msgs/share/msgs/cmake/rosidl_cmake-extras.cmake
[4.878s] -- Installing: /ros2_ws/install/msgs/share/msgs/cmake/ament_cmake_export_dependencies-extras.cmake
[4.878s] -- Installing: /ros2_ws/install/msgs/share/msgs/cmake/ament_cmake_export_include_directories-extras.cmake
[4.878s] -- Installing: /ros2_ws/install/msgs/share/msgs/cmake/ament_cmake_export_libraries-extras.cmake
[4.878s] -- Installing: /ros2_ws/install/msgs/share/msgs/cmake/ament_cmake_export_targets-extras.cmake
[4.878s] -- Installing: /ros2_ws/install/msgs/share/msgs/cmake/rosidl_cmake_export_typesupport_targets-extras.cmake
[4.878s] -- Installing: /ros2_ws/install/msgs/share/msgs/cmake/rosidl_cmake_export_typesupport_libraries-extras.cmake
[4.878s] -- Installing: /ros2_ws/install/msgs/share/msgs/cmake/msgsConfig.cmake
[4.878s] -- Installing: /ros2_ws/install/msgs/share/msgs/cmake/msgsConfig-version.cmake
[4.878s] -- Installing: /ros2_ws/install/msgs/share/msgs/package.xml
[4.880s] Invoked command in '/ros2_ws/build/msgs' returned '0': CMAKE_PREFIX_PATH=/opt/ros/humble /usr/bin/cmake --install /ros2_ws/build/msgs
