[0.055s] Invoking command in '/ros2_ws/build/msgs': CMAKE_PREFIX_PATH=/opt/ros/humble /usr/bin/cmake --build /ros2_ws/build/msgs -- -j16 -l16
[0.099s] [  7%] Built target msgs__cpp
[0.099s] [ 12%] Built target msgs__rosidl_generator_c
[0.109s] [ 12%] Built target ament_cmake_python_copy_msgs
[0.122s] [ 35%] Built target msgs__rosidl_typesupport_fastrtps_cpp
[0.122s] [ 35%] Built target msgs__rosidl_typesupport_introspection_c
[0.122s] [ 43%] Built target msgs__rosidl_typesupport_cpp
[0.123s] [ 53%] Built target msgs__rosidl_typesupport_c
[0.124s] [ 64%] Built target msgs__rosidl_typesupport_introspection_cpp
[0.124s] [ 74%] Built target msgs__rosidl_typesupport_fastrtps_c
[0.142s] [ 74%] Built target msgs
[0.160s] [ 76%] Built target msgs__py
[0.183s] [ 84%] Built target msgs__rosidl_generator_py
[0.204s] [100%] Built target msgs__rosidl_typesupport_c__pyext
[0.204s] [100%] Built target msgs__rosidl_typesupport_fastrtps_c__pyext
[0.204s] [100%] Built target msgs__rosidl_typesupport_introspection_c__pyext
[0.335s] running egg_info
[0.336s] writing msgs.egg-info/PKG-INFO
[0.337s] writing dependency_links to msgs.egg-info/dependency_links.txt
[0.337s] writing top-level names to msgs.egg-info/top_level.txt
[0.340s] reading manifest file 'msgs.egg-info/SOURCES.txt'
[0.341s] writing manifest file 'msgs.egg-info/SOURCES.txt'
[0.378s] [100%] Built target ament_cmake_python_build_msgs_egg
[0.389s] Invoked command in '/ros2_ws/build/msgs' returned '0': CMAKE_PREFIX_PATH=/opt/ros/humble /usr/bin/cmake --build /ros2_ws/build/msgs -- -j16 -l16
[0.484s] Invoking command in '/ros2_ws/build/msgs': CMAKE_PREFIX_PATH=/opt/ros/humble /usr/bin/cmake --install /ros2_ws/build/msgs
[0.491s] -- Install configuration: ""
[0.492s] -- Up-to-date: /ros2_ws/install/msgs/share/ament_index/resource_index/rosidl_interfaces/msgs
[0.492s] -- Up-to-date: /ros2_ws/install/msgs/include/msgs/msgs
[0.492s] -- Up-to-date: /ros2_ws/install/msgs/include/msgs/msgs/msg
[0.493s] -- Up-to-date: /ros2_ws/install/msgs/include/msgs/msgs/msg/rosidl_generator_c__visibility_control.h
[0.493s] -- Up-to-date: /ros2_ws/install/msgs/include/msgs/msgs/msg/detail
[0.493s] -- Up-to-date: /ros2_ws/install/msgs/include/msgs/msgs/msg/detail/signal_params__functions.h
[0.494s] -- Up-to-date: /ros2_ws/install/msgs/include/msgs/msgs/msg/detail/signal_params__type_support.h
[0.494s] -- Up-to-date: /ros2_ws/install/msgs/include/msgs/msgs/msg/detail/signal_params__functions.c
[0.494s] -- Up-to-date: /ros2_ws/install/msgs/include/msgs/msgs/msg/detail/sphere__functions.h
[0.494s] -- Up-to-date: /ros2_ws/install/msgs/include/msgs/msgs/msg/detail/signal_params__struct.h
[0.494s] -- Up-to-date: /ros2_ws/install/msgs/include/msgs/msgs/msg/detail/sphere__type_support.h
[0.494s] -- Up-to-date: /ros2_ws/install/msgs/include/msgs/msgs/msg/detail/sphere__struct.h
[0.495s] -- Up-to-date: /ros2_ws/install/msgs/include/msgs/msgs/msg/detail/sphere__functions.c
[0.495s] -- Up-to-date: /ros2_ws/install/msgs/include/msgs/msgs/msg/sphere.h
[0.495s] -- Up-to-date: /ros2_ws/install/msgs/include/msgs/msgs/msg/signal_params.h
[0.495s] -- Up-to-date: /ros2_ws/install/msgs/share/msgs/environment/library_path.sh
[0.495s] -- Up-to-date: /ros2_ws/install/msgs/share/msgs/environment/library_path.dsv
[0.496s] -- Up-to-date: /ros2_ws/install/msgs/lib/libmsgs__rosidl_generator_c.so
[0.496s] -- Up-to-date: /ros2_ws/install/msgs/include/msgs/msgs
[0.496s] -- Up-to-date: /ros2_ws/install/msgs/include/msgs/msgs/msg
[0.496s] -- Up-to-date: /ros2_ws/install/msgs/include/msgs/msgs/msg/detail
[0.497s] -- Up-to-date: /ros2_ws/install/msgs/include/msgs/msgs/msg/detail/signal_params__rosidl_typesupport_fastrtps_c.h
[0.497s] -- Up-to-date: /ros2_ws/install/msgs/include/msgs/msgs/msg/detail/sphere__rosidl_typesupport_fastrtps_c.h
[0.497s] -- Up-to-date: /ros2_ws/install/msgs/include/msgs/msgs/msg/rosidl_typesupport_fastrtps_c__visibility_control.h
[0.497s] -- Up-to-date: /ros2_ws/install/msgs/lib/libmsgs__rosidl_typesupport_fastrtps_c.so
[0.498s] -- Up-to-date: /ros2_ws/install/msgs/include/msgs/msgs
[0.498s] -- Up-to-date: /ros2_ws/install/msgs/include/msgs/msgs/msg
[0.498s] -- Up-to-date: /ros2_ws/install/msgs/include/msgs/msgs/msg/detail
[0.498s] -- Up-to-date: /ros2_ws/install/msgs/include/msgs/msgs/msg/detail/sphere__traits.hpp
[0.498s] -- Up-to-date: /ros2_ws/install/msgs/include/msgs/msgs/msg/detail/signal_params__struct.hpp
[0.498s] -- Up-to-date: /ros2_ws/install/msgs/include/msgs/msgs/msg/detail/sphere__struct.hpp
[0.498s] -- Up-to-date: /ros2_ws/install/msgs/include/msgs/msgs/msg/detail/signal_params__builder.hpp
[0.498s] -- Up-to-date: /ros2_ws/install/msgs/include/msgs/msgs/msg/detail/sphere__builder.hpp
[0.498s] -- Up-to-date: /ros2_ws/install/msgs/include/msgs/msgs/msg/detail/signal_params__traits.hpp
[0.498s] -- Up-to-date: /ros2_ws/install/msgs/include/msgs/msgs/msg/signal_params.hpp
[0.498s] -- Up-to-date: /ros2_ws/install/msgs/include/msgs/msgs/msg/sphere.hpp
[0.499s] -- Up-to-date: /ros2_ws/install/msgs/include/msgs/msgs
[0.499s] -- Up-to-date: /ros2_ws/install/msgs/include/msgs/msgs/msg
[0.499s] -- Up-to-date: /ros2_ws/install/msgs/include/msgs/msgs/msg/detail
[0.499s] -- Up-to-date: /ros2_ws/install/msgs/include/msgs/msgs/msg/detail/sphere__rosidl_typesupport_fastrtps_cpp.hpp
[0.499s] -- Up-to-date: /ros2_ws/install/msgs/include/msgs/msgs/msg/detail/dds_fastrtps
[0.499s] -- Up-to-date: /ros2_ws/install/msgs/include/msgs/msgs/msg/detail/signal_params__rosidl_typesupport_fastrtps_cpp.hpp
[0.499s] -- Up-to-date: /ros2_ws/install/msgs/include/msgs/msgs/msg/rosidl_typesupport_fastrtps_cpp__visibility_control.h
[0.499s] -- Up-to-date: /ros2_ws/install/msgs/lib/libmsgs__rosidl_typesupport_fastrtps_cpp.so
[0.499s] -- Up-to-date: /ros2_ws/install/msgs/include/msgs/msgs
[0.500s] -- Up-to-date: /ros2_ws/install/msgs/include/msgs/msgs/msg
[0.500s] -- Up-to-date: /ros2_ws/install/msgs/include/msgs/msgs/msg/detail
[0.500s] -- Up-to-date: /ros2_ws/install/msgs/include/msgs/msgs/msg/detail/signal_params__rosidl_typesupport_introspection_c.h
[0.500s] -- Up-to-date: /ros2_ws/install/msgs/include/msgs/msgs/msg/detail/signal_params__type_support.c
[0.500s] -- Up-to-date: /ros2_ws/install/msgs/include/msgs/msgs/msg/detail/sphere__type_support.c
[0.500s] -- Up-to-date: /ros2_ws/install/msgs/include/msgs/msgs/msg/detail/sphere__rosidl_typesupport_introspection_c.h
[0.500s] -- Up-to-date: /ros2_ws/install/msgs/include/msgs/msgs/msg/rosidl_typesupport_introspection_c__visibility_control.h
[0.500s] -- Up-to-date: /ros2_ws/install/msgs/lib/libmsgs__rosidl_typesupport_introspection_c.so
[0.501s] -- Up-to-date: /ros2_ws/install/msgs/lib/libmsgs__rosidl_typesupport_c.so
[0.501s] -- Up-to-date: /ros2_ws/install/msgs/include/msgs/msgs
[0.501s] -- Up-to-date: /ros2_ws/install/msgs/include/msgs/msgs/msg
[0.501s] -- Up-to-date: /ros2_ws/install/msgs/include/msgs/msgs/msg/detail
[0.501s] -- Up-to-date: /ros2_ws/install/msgs/include/msgs/msgs/msg/detail/sphere__rosidl_typesupport_introspection_cpp.hpp
[0.501s] -- Up-to-date: /ros2_ws/install/msgs/include/msgs/msgs/msg/detail/sphere__type_support.cpp
[0.501s] -- Up-to-date: /ros2_ws/install/msgs/include/msgs/msgs/msg/detail/signal_params__type_support.cpp
[0.501s] -- Up-to-date: /ros2_ws/install/msgs/include/msgs/msgs/msg/detail/signal_params__rosidl_typesupport_introspection_cpp.hpp
[0.501s] -- Up-to-date: /ros2_ws/install/msgs/lib/libmsgs__rosidl_typesupport_introspection_cpp.so
[0.501s] -- Up-to-date: /ros2_ws/install/msgs/lib/libmsgs__rosidl_typesupport_cpp.so
[0.501s] -- Up-to-date: /ros2_ws/install/msgs/share/msgs/environment/pythonpath.sh
[0.501s] -- Up-to-date: /ros2_ws/install/msgs/share/msgs/environment/pythonpath.dsv
[0.502s] -- Up-to-date: /ros2_ws/install/msgs/local/lib/python3.10/dist-packages/msgs-0.0.0-py3.10.egg-info
[0.502s] -- Installing: /ros2_ws/install/msgs/local/lib/python3.10/dist-packages/msgs-0.0.0-py3.10.egg-info/top_level.txt
[0.502s] -- Installing: /ros2_ws/install/msgs/local/lib/python3.10/dist-packages/msgs-0.0.0-py3.10.egg-info/SOURCES.txt
[0.502s] -- Installing: /ros2_ws/install/msgs/local/lib/python3.10/dist-packages/msgs-0.0.0-py3.10.egg-info/PKG-INFO
[0.502s] -- Installing: /ros2_ws/install/msgs/local/lib/python3.10/dist-packages/msgs-0.0.0-py3.10.egg-info/dependency_links.txt
[0.502s] -- Up-to-date: /ros2_ws/install/msgs/local/lib/python3.10/dist-packages/msgs
[0.502s] -- Up-to-date: /ros2_ws/install/msgs/local/lib/python3.10/dist-packages/msgs/__init__.py
[0.502s] -- Up-to-date: /ros2_ws/install/msgs/local/lib/python3.10/dist-packages/msgs/_msgs_s.ep.rosidl_typesupport_introspection_c.c
[0.502s] -- Up-to-date: /ros2_ws/install/msgs/local/lib/python3.10/dist-packages/msgs/msgs_s__rosidl_typesupport_fastrtps_c.cpython-310-x86_64-linux-gnu.so
[0.502s] -- Up-to-date: /ros2_ws/install/msgs/local/lib/python3.10/dist-packages/msgs/msgs_s__rosidl_typesupport_introspection_c.cpython-310-x86_64-linux-gnu.so
[0.502s] -- Up-to-date: /ros2_ws/install/msgs/local/lib/python3.10/dist-packages/msgs/msg
[0.502s] -- Up-to-date: /ros2_ws/install/msgs/local/lib/python3.10/dist-packages/msgs/msg/_sphere.py
[0.502s] -- Up-to-date: /ros2_ws/install/msgs/local/lib/python3.10/dist-packages/msgs/msg/_signal_params_s.c
[0.502s] -- Up-to-date: /ros2_ws/install/msgs/local/lib/python3.10/dist-packages/msgs/msg/__init__.py
[0.503s] -- Up-to-date: /ros2_ws/install/msgs/local/lib/python3.10/dist-packages/msgs/msg/_sphere_s.c
[0.503s] -- Up-to-date: /ros2_ws/install/msgs/local/lib/python3.10/dist-packages/msgs/msg/_signal_params.py
[0.503s] -- Up-to-date: /ros2_ws/install/msgs/local/lib/python3.10/dist-packages/msgs/_msgs_s.ep.rosidl_typesupport_fastrtps_c.c
[0.503s] -- Up-to-date: /ros2_ws/install/msgs/local/lib/python3.10/dist-packages/msgs/libmsgs__rosidl_generator_py.so
[0.503s] -- Up-to-date: /ros2_ws/install/msgs/local/lib/python3.10/dist-packages/msgs/msgs_s__rosidl_typesupport_c.cpython-310-x86_64-linux-gnu.so
[0.503s] -- Up-to-date: /ros2_ws/install/msgs/local/lib/python3.10/dist-packages/msgs/_msgs_s.ep.rosidl_typesupport_c.c
[0.529s] Listing '/ros2_ws/install/msgs/local/lib/python3.10/dist-packages/msgs'...
[0.529s] Listing '/ros2_ws/install/msgs/local/lib/python3.10/dist-packages/msgs/msg'...
[0.536s] -- Up-to-date: /ros2_ws/install/msgs/local/lib/python3.10/dist-packages/msgs/msgs_s__rosidl_typesupport_fastrtps_c.cpython-310-x86_64-linux-gnu.so
[0.537s] -- Up-to-date: /ros2_ws/install/msgs/local/lib/python3.10/dist-packages/msgs/msgs_s__rosidl_typesupport_introspection_c.cpython-310-x86_64-linux-gnu.so
[0.537s] -- Up-to-date: /ros2_ws/install/msgs/local/lib/python3.10/dist-packages/msgs/msgs_s__rosidl_typesupport_c.cpython-310-x86_64-linux-gnu.so
[0.537s] -- Up-to-date: /ros2_ws/install/msgs/lib/libmsgs__rosidl_generator_py.so
[0.538s] -- Up-to-date: /ros2_ws/install/msgs/share/msgs/msg/SignalParams.idl
[0.538s] -- Up-to-date: /ros2_ws/install/msgs/share/msgs/msg/Sphere.idl
[0.538s] -- Up-to-date: /ros2_ws/install/msgs/share/msgs/msg/SignalParams.msg
[0.538s] -- Up-to-date: /ros2_ws/install/msgs/share/msgs/msg/Sphere.msg
[0.538s] -- Up-to-date: /ros2_ws/install/msgs/share/ament_index/resource_index/package_run_dependencies/msgs
[0.539s] -- Up-to-date: /ros2_ws/install/msgs/share/ament_index/resource_index/parent_prefix_path/msgs
[0.539s] -- Up-to-date: /ros2_ws/install/msgs/share/msgs/environment/ament_prefix_path.sh
[0.539s] -- Up-to-date: /ros2_ws/install/msgs/share/msgs/environment/ament_prefix_path.dsv
[0.540s] -- Up-to-date: /ros2_ws/install/msgs/share/msgs/environment/path.sh
[0.540s] -- Up-to-date: /ros2_ws/install/msgs/share/msgs/environment/path.dsv
[0.540s] -- Up-to-date: /ros2_ws/install/msgs/share/msgs/local_setup.bash
[0.541s] -- Up-to-date: /ros2_ws/install/msgs/share/msgs/local_setup.sh
[0.541s] -- Up-to-date: /ros2_ws/install/msgs/share/msgs/local_setup.zsh
[0.542s] -- Up-to-date: /ros2_ws/install/msgs/share/msgs/local_setup.dsv
[0.542s] -- Installing: /ros2_ws/install/msgs/share/msgs/package.dsv
[0.542s] -- Up-to-date: /ros2_ws/install/msgs/share/ament_index/resource_index/packages/msgs
[0.542s] -- Up-to-date: /ros2_ws/install/msgs/share/msgs/cmake/export_msgs__rosidl_generator_cExport.cmake
[0.542s] -- Up-to-date: /ros2_ws/install/msgs/share/msgs/cmake/export_msgs__rosidl_generator_cExport-noconfig.cmake
[0.542s] -- Up-to-date: /ros2_ws/install/msgs/share/msgs/cmake/export_msgs__rosidl_typesupport_fastrtps_cExport.cmake
[0.542s] -- Up-to-date: /ros2_ws/install/msgs/share/msgs/cmake/export_msgs__rosidl_typesupport_fastrtps_cExport-noconfig.cmake
[0.543s] -- Up-to-date: /ros2_ws/install/msgs/share/msgs/cmake/export_msgs__rosidl_generator_cppExport.cmake
[0.543s] -- Up-to-date: /ros2_ws/install/msgs/share/msgs/cmake/export_msgs__rosidl_typesupport_fastrtps_cppExport.cmake
[0.543s] -- Up-to-date: /ros2_ws/install/msgs/share/msgs/cmake/export_msgs__rosidl_typesupport_fastrtps_cppExport-noconfig.cmake
[0.543s] -- Up-to-date: /ros2_ws/install/msgs/share/msgs/cmake/msgs__rosidl_typesupport_introspection_cExport.cmake
[0.544s] -- Up-to-date: /ros2_ws/install/msgs/share/msgs/cmake/msgs__rosidl_typesupport_introspection_cExport-noconfig.cmake
[0.545s] -- Up-to-date: /ros2_ws/install/msgs/share/msgs/cmake/msgs__rosidl_typesupport_cExport.cmake
[0.546s] -- Up-to-date: /ros2_ws/install/msgs/share/msgs/cmake/msgs__rosidl_typesupport_cExport-noconfig.cmake
[0.546s] -- Up-to-date: /ros2_ws/install/msgs/share/msgs/cmake/msgs__rosidl_typesupport_introspection_cppExport.cmake
[0.547s] -- Up-to-date: /ros2_ws/install/msgs/share/msgs/cmake/msgs__rosidl_typesupport_introspection_cppExport-noconfig.cmake
[0.547s] -- Up-to-date: /ros2_ws/install/msgs/share/msgs/cmake/msgs__rosidl_typesupport_cppExport.cmake
[0.548s] -- Up-to-date: /ros2_ws/install/msgs/share/msgs/cmake/msgs__rosidl_typesupport_cppExport-noconfig.cmake
[0.548s] -- Up-to-date: /ros2_ws/install/msgs/share/msgs/cmake/export_msgs__rosidl_generator_pyExport.cmake
[0.549s] -- Up-to-date: /ros2_ws/install/msgs/share/msgs/cmake/export_msgs__rosidl_generator_pyExport-noconfig.cmake
[0.551s] -- Up-to-date: /ros2_ws/install/msgs/share/msgs/cmake/rosidl_cmake-extras.cmake
[0.551s] -- Up-to-date: /ros2_ws/install/msgs/share/msgs/cmake/ament_cmake_export_dependencies-extras.cmake
[0.552s] -- Up-to-date: /ros2_ws/install/msgs/share/msgs/cmake/ament_cmake_export_include_directories-extras.cmake
[0.553s] -- Up-to-date: /ros2_ws/install/msgs/share/msgs/cmake/ament_cmake_export_libraries-extras.cmake
[0.553s] -- Up-to-date: /ros2_ws/install/msgs/share/msgs/cmake/ament_cmake_export_targets-extras.cmake
[0.554s] -- Up-to-date: /ros2_ws/install/msgs/share/msgs/cmake/rosidl_cmake_export_typesupport_targets-extras.cmake
[0.554s] -- Up-to-date: /ros2_ws/install/msgs/share/msgs/cmake/rosidl_cmake_export_typesupport_libraries-extras.cmake
[0.555s] -- Up-to-date: /ros2_ws/install/msgs/share/msgs/cmake/msgsConfig.cmake
[0.556s] -- Up-to-date: /ros2_ws/install/msgs/share/msgs/cmake/msgsConfig-version.cmake
[0.556s] -- Up-to-date: /ros2_ws/install/msgs/share/msgs/package.xml
[0.556s] Invoked command in '/ros2_ws/build/msgs' returned '0': CMAKE_PREFIX_PATH=/opt/ros/humble /usr/bin/cmake --install /ros2_ws/build/msgs
