running egg_info
writing ../../build/courseworks_2/courseworks_2.egg-info/PKG-INFO
writing dependency_links to ../../build/courseworks_2/courseworks_2.egg-info/dependency_links.txt
writing entry points to ../../build/courseworks_2/courseworks_2.egg-info/entry_points.txt
writing requirements to ../../build/courseworks_2/courseworks_2.egg-info/requires.txt
writing top-level names to ../../build/courseworks_2/courseworks_2.egg-info/top_level.txt
reading manifest file '../../build/courseworks_2/courseworks_2.egg-info/SOURCES.txt'
writing manifest file '../../build/courseworks_2/courseworks_2.egg-info/SOURCES.txt'
running build
running build_py
running install
/usr/lib/python3/dist-packages/setuptools/command/install.py:34: SetuptoolsDeprecationWarning: setup.py install is deprecated. Use build and pip and other standards-based tools.
  warnings.warn(
running install_lib
running install_data
running install_egg_info
removing '/ros2_ws/install/courseworks_2/lib/python3.10/site-packages/courseworks_2-0.0.0-py3.10.egg-info' (and everything under it)
Copying ../../build/courseworks_2/courseworks_2.egg-info to /ros2_ws/install/courseworks_2/lib/python3.10/site-packages/courseworks_2-0.0.0-py3.10.egg-info
running install_scripts
Installing reconstruction script to /ros2_ws/install/courseworks_2/lib/courseworks_2
Installing signal_generator script to /ros2_ws/install/courseworks_2/lib/courseworks_2
writing list of installed files to '/ros2_ws/build/courseworks_2/install.log'
