[0.775s] Invoking command in '/ros2_ws/src/courseworks_2': PYTHONPATH=/ros2_ws/build/courseworks_2/prefix_override:/ros2_ws/install/courseworks_2/lib/python3.10/site-packages:${PYTHONPATH} /usr/bin/python3 setup.py egg_info --egg-base ../../build/courseworks_2 build --build-base /ros2_ws/build/courseworks_2/build install --record /ros2_ws/build/courseworks_2/install.log --single-version-externally-managed
[0.999s] running egg_info
[1.000s] writing ../../build/courseworks_2/courseworks_2.egg-info/PKG-INFO
[1.001s] writing dependency_links to ../../build/courseworks_2/courseworks_2.egg-info/dependency_links.txt
[1.001s] writing entry points to ../../build/courseworks_2/courseworks_2.egg-info/entry_points.txt
[1.001s] writing requirements to ../../build/courseworks_2/courseworks_2.egg-info/requires.txt
[1.002s] writing top-level names to ../../build/courseworks_2/courseworks_2.egg-info/top_level.txt
[1.004s] reading manifest file '../../build/courseworks_2/courseworks_2.egg-info/SOURCES.txt'
[1.005s] writing manifest file '../../build/courseworks_2/courseworks_2.egg-info/SOURCES.txt'
[1.005s] running build
[1.005s] running build_py
[1.005s] running install
[1.006s] /usr/lib/python3/dist-packages/setuptools/command/install.py:34: SetuptoolsDeprecationWarning: setup.py install is deprecated. Use build and pip and other standards-based tools.
[1.007s]   warnings.warn(
[1.007s] running install_lib
[1.008s] running install_data
[1.009s] running install_egg_info
[1.011s] removing '/ros2_ws/install/courseworks_2/lib/python3.10/site-packages/courseworks_2-0.0.0-py3.10.egg-info' (and everything under it)
[1.012s] Copying ../../build/courseworks_2/courseworks_2.egg-info to /ros2_ws/install/courseworks_2/lib/python3.10/site-packages/courseworks_2-0.0.0-py3.10.egg-info
[1.013s] running install_scripts
[1.034s] Installing reconstruction script to /ros2_ws/install/courseworks_2/lib/courseworks_2
[1.035s] Installing signal_generator script to /ros2_ws/install/courseworks_2/lib/courseworks_2
[1.035s] writing list of installed files to '/ros2_ws/build/courseworks_2/install.log'
[1.119s] Invoked command in '/ros2_ws/src/courseworks_2' returned '0': PYTHONPATH=/ros2_ws/build/courseworks_2/prefix_override:/ros2_ws/install/courseworks_2/lib/python3.10/site-packages:${PYTHONPATH} /usr/bin/python3 setup.py egg_info --egg-base ../../build/courseworks_2 build --build-base /ros2_ws/build/courseworks_2/build install --record /ros2_ws/build/courseworks_2/install.log --single-version-externally-managed
